{"/home/runner/work/nestle-finance-command/nestle-finance-command/frontend/src/App.jsx": {"path":"/home/runner/work/nestle-finance-command/nestle-finance-command/frontend/src/App.jsx","statementMap":{"0":{"start":{"line":8,"column":26},"end":{"line":8,"column":40}},"1":{"start":{"line":10,"column":2},"end":{"line":12,"column":3}},"2":{"start":{"line":11,"column":4},"end":{"line":11,"column":39}},"3":{"start":{"line":15,"column":2},"end":{"line":17,"column":3}},"4":{"start":{"line":16,"column":4},"end":{"line":16,"column":76}},"5":{"start":{"line":16,"column":58},"end":{"line":16,"column":71}},"6":{"start":{"line":20,"column":2},"end":{"line":22,"column":3}},"7":{"start":{"line":21,"column":4},"end":{"line":21,"column":74}},"8":{"start":{"line":21,"column":56},"end":{"line":21,"column":69}},"9":{"start":{"line":25,"column":2},"end":{"line":27,"column":3}},"10":{"start":{"line":26,"column":4},"end":{"line":26,"column":65}},"11":{"start":{"line":26,"column":47},"end":{"line":26,"column":60}},"12":{"start":{"line":30,"column":2},"end":{"line":40,"column":4}},"13":{"start":{"line":35,"column":31},"end":{"line":35,"column":44}}},"fnMap":{"0":{"name":"App","decl":{"start":{"line":7,"column":9},"end":{"line":7,"column":12}},"loc":{"start":{"line":7,"column":15},"end":{"line":41,"column":1}},"line":7},"1":{"name":"(anonymous_1)","decl":{"start":{"line":16,"column":52},"end":{"line":16,"column":53}},"loc":{"start":{"line":16,"column":58},"end":{"line":16,"column":71}},"line":16},"2":{"name":"(anonymous_2)","decl":{"start":{"line":21,"column":50},"end":{"line":21,"column":51}},"loc":{"start":{"line":21,"column":56},"end":{"line":21,"column":69}},"line":21},"3":{"name":"(anonymous_3)","decl":{"start":{"line":26,"column":41},"end":{"line":26,"column":42}},"loc":{"start":{"line":26,"column":47},"end":{"line":26,"column":60}},"line":26},"4":{"name":"(anonymous_4)","decl":{"start":{"line":35,"column":25},"end":{"line":35,"column":26}},"loc":{"start":{"line":35,"column":31},"end":{"line":35,"column":44}},"line":35}},"branchMap":{"0":{"loc":{"start":{"line":10,"column":2},"end":{"line":12,"column":3}},"type":"if","locations":[{"start":{"line":10,"column":2},"end":{"line":12,"column":3}},{"start":{},"end":{}}],"line":10},"1":{"loc":{"start":{"line":15,"column":2},"end":{"line":17,"column":3}},"type":"if","locations":[{"start":{"line":15,"column":2},"end":{"line":17,"column":3}},{"start":{},"end":{}}],"line":15},"2":{"loc":{"start":{"line":20,"column":2},"end":{"line":22,"column":3}},"type":"if","locations":[{"start":{"line":20,"column":2},"end":{"line":22,"column":3}},{"start":{},"end":{}}],"line":20},"3":{"loc":{"start":{"line":25,"column":2},"end":{"line":27,"column":3}},"type":"if","locations":[{"start":{"line":25,"column":2},"end":{"line":27,"column":3}},{"start":{},"end":{}}],"line":25},"4":{"loc":{"start":{"line":25,"column":6},"end":{"line":25,"column":54}},"type":"binary-expr","locations":[{"start":{"line":25,"column":6},"end":{"line":25,"column":29}},{"start":{"line":25,"column":33},"end":{"line":25,"column":54}}],"line":25}},"s":{"0":0,"1":0,"2":0,"3":0,"4":0,"5":0,"6":0,"7":0,"8":0,"9":0,"10":0,"11":0,"12":0,"13":0},"f":{"0":0,"1":0,"2":0,"3":0,"4":0},"b":{"0":[0,0],"1":[0,0],"2":[0,0],"3":[0,0],"4":[0,0]}}
,"/home/runner/work/nestle-finance-command/nestle-finance-command/frontend/src/components/AppNotifier.jsx": {"path":"/home/runner/work/nestle-finance-command/nestle-finance-command/frontend/src/components/AppNotifier.jsx","statementMap":{"0":{"start":{"line":8,"column":32},"end":{"line":8,"column":44}},"1":{"start":{"line":9,"column":25},"end":{"line":9,"column":42}},"2":{"start":{"line":10,"column":26},"end":{"line":10,"column":38}},"3":{"start":{"line":12,"column":31},"end":{"line":42,"column":5}},"4":{"start":{"line":13,"column":8},"end":{"line":41,"column":9}},"5":{"start":{"line":14,"column":24},"end":{"line":16,"column":14}},"6":{"start":{"line":17,"column":37},"end":{"line":17,"column":65}},"7":{"start":{"line":19,"column":12},"end":{"line":36,"column":13}},"8":{"start":{"line":21,"column":33},"end":{"line":21,"column":94}},"9":{"start":{"line":21,"column":62},"end":{"line":21,"column":93}},"10":{"start":{"line":24,"column":16},"end":{"line":24,"column":70}},"11":{"start":{"line":24,"column":38},"end":{"line":24,"column":68}},"12":{"start":{"line":26,"column":16},"end":{"line":35,"column":17}},"13":{"start":{"line":27,"column":38},"end":{"line":27,"column":61}},"14":{"start":{"line":27,"column":56},"end":{"line":27,"column":60}},"15":{"start":{"line":28,"column":20},"end":{"line":28,"column":153}},"16":{"start":{"line":31,"column":20},"end":{"line":34,"column":21}},"17":{"start":{"line":32,"column":24},"end":{"line":32,"column":95}},"18":{"start":{"line":33,"column":24},"end":{"line":33,"column":66}},"19":{"start":{"line":33,"column":42},"end":{"line":33,"column":64}},"20":{"start":{"line":40,"column":12},"end":{"line":40,"column":42}},"21":{"start":{"line":44,"column":4},"end":{"line":50,"column":15}},"22":{"start":{"line":45,"column":8},"end":{"line":45,"column":37}},"23":{"start":{"line":46,"column":8},"end":{"line":46,"column":41}},"24":{"start":{"line":47,"column":8},"end":{"line":47,"column":29}},"25":{"start":{"line":48,"column":25},"end":{"line":48,"column":62}},"26":{"start":{"line":49,"column":8},"end":{"line":49,"column":45}},"27":{"start":{"line":49,"column":21},"end":{"line":49,"column":44}},"28":{"start":{"line":52,"column":24},"end":{"line":54,"column":5}},"29":{"start":{"line":53,"column":8},"end":{"line":53,"column":57}},"30":{"start":{"line":53,"column":26},"end":{"line":53,"column":55}},"31":{"start":{"line":53,"column":43},"end":{"line":53,"column":54}},"32":{"start":{"line":57,"column":4},"end":{"line":64,"column":17}},"33":{"start":{"line":58,"column":8},"end":{"line":63,"column":9}},"34":{"start":{"line":59,"column":26},"end":{"line":61,"column":20}},"35":{"start":{"line":60,"column":16},"end":{"line":60,"column":49}},"36":{"start":{"line":60,"column":34},"end":{"line":60,"column":47}},"37":{"start":{"line":62,"column":12},"end":{"line":62,"column":45}},"38":{"start":{"line":62,"column":25},"end":{"line":62,"column":44}},"39":{"start":{"line":66,"column":4},"end":{"line":66,"column":41}},"40":{"start":{"line":66,"column":29},"end":{"line":66,"column":41}},"41":{"start":{"line":68,"column":4},"end":{"line":85,"column":6}},"42":{"start":{"line":71,"column":16},"end":{"line":82,"column":22}},"43":{"start":{"line":79,"column":43},"end":{"line":79,"column":64}}},"fnMap":{"0":{"name":"AppNotifier","decl":{"start":{"line":7,"column":24},"end":{"line":7,"column":35}},"loc":{"start":{"line":7,"column":46},"end":{"line":86,"column":1}},"line":7},"1":{"name":"(anonymous_1)","decl":{"start":{"line":12,"column":31},"end":{"line":12,"column":32}},"loc":{"start":{"line":12,"column":43},"end":{"line":42,"column":5}},"line":12},"2":{"name":"(anonymous_2)","decl":{"start":{"line":21,"column":57},"end":{"line":21,"column":58}},"loc":{"start":{"line":21,"column":62},"end":{"line":21,"column":93}},"line":21},"3":{"name":"(anonymous_3)","decl":{"start":{"line":24,"column":33},"end":{"line":24,"column":34}},"loc":{"start":{"line":24,"column":38},"end":{"line":24,"column":68}},"line":24},"4":{"name":"(anonymous_4)","decl":{"start":{"line":27,"column":51},"end":{"line":27,"column":52}},"loc":{"start":{"line":27,"column":56},"end":{"line":27,"column":60}},"line":27},"5":{"name":"(anonymous_5)","decl":{"start":{"line":33,"column":34},"end":{"line":33,"column":35}},"loc":{"start":{"line":33,"column":42},"end":{"line":33,"column":64}},"line":33},"6":{"name":"(anonymous_6)","decl":{"start":{"line":44,"column":14},"end":{"line":44,"column":15}},"loc":{"start":{"line":44,"column":20},"end":{"line":50,"column":5}},"line":44},"7":{"name":"(anonymous_7)","decl":{"start":{"line":49,"column":15},"end":{"line":49,"column":16}},"loc":{"start":{"line":49,"column":21},"end":{"line":49,"column":44}},"line":49},"8":{"name":"(anonymous_8)","decl":{"start":{"line":52,"column":24},"end":{"line":52,"column":25}},"loc":{"start":{"line":52,"column":32},"end":{"line":54,"column":5}},"line":52},"9":{"name":"(anonymous_9)","decl":{"start":{"line":53,"column":18},"end":{"line":53,"column":19}},"loc":{"start":{"line":53,"column":26},"end":{"line":53,"column":55}},"line":53},"10":{"name":"(anonymous_10)","decl":{"start":{"line":53,"column":38},"end":{"line":53,"column":39}},"loc":{"start":{"line":53,"column":43},"end":{"line":53,"column":54}},"line":53},"11":{"name":"(anonymous_11)","decl":{"start":{"line":57,"column":14},"end":{"line":57,"column":15}},"loc":{"start":{"line":57,"column":20},"end":{"line":64,"column":5}},"line":57},"12":{"name":"(anonymous_12)","decl":{"start":{"line":59,"column":37},"end":{"line":59,"column":38}},"loc":{"start":{"line":59,"column":43},"end":{"line":61,"column":13}},"line":59},"13":{"name":"(anonymous_13)","decl":{"start":{"line":60,"column":26},"end":{"line":60,"column":27}},"loc":{"start":{"line":60,"column":34},"end":{"line":60,"column":47}},"line":60},"14":{"name":"(anonymous_14)","decl":{"start":{"line":62,"column":19},"end":{"line":62,"column":20}},"loc":{"start":{"line":62,"column":25},"end":{"line":62,"column":44}},"line":62},"15":{"name":"(anonymous_15)","decl":{"start":{"line":70,"column":24},"end":{"line":70,"column":25}},"loc":{"start":{"line":71,"column":16},"end":{"line":82,"column":22}},"line":71},"16":{"name":"(anonymous_16)","decl":{"start":{"line":79,"column":37},"end":{"line":79,"column":38}},"loc":{"start":{"line":79,"column":43},"end":{"line":79,"column":64}},"line":79}},"branchMap":{"0":{"loc":{"start":{"line":17,"column":37},"end":{"line":17,"column":65}},"type":"binary-expr","locations":[{"start":{"line":17,"column":37},"end":{"line":17,"column":59}},{"start":{"line":17,"column":63},"end":{"line":17,"column":65}}],"line":17},"1":{"loc":{"start":{"line":19,"column":12},"end":{"line":36,"column":13}},"type":"if","locations":[{"start":{"line":19,"column":12},"end":{"line":36,"column":13}},{"start":{},"end":{}}],"line":19},"2":{"loc":{"start":{"line":26,"column":16},"end":{"line":35,"column":17}},"type":"if","locations":[{"start":{"line":26,"column":16},"end":{"line":35,"column":17}},{"start":{},"end":{}}],"line":26},"3":{"loc":{"start":{"line":31,"column":20},"end":{"line":34,"column":21}},"type":"if","locations":[{"start":{"line":31,"column":20},"end":{"line":34,"column":21}},{"start":{},"end":{}}],"line":31},"4":{"loc":{"start":{"line":58,"column":8},"end":{"line":63,"column":9}},"type":"if","locations":[{"start":{"line":58,"column":8},"end":{"line":63,"column":9}},{"start":{},"end":{}}],"line":58},"5":{"loc":{"start":{"line":66,"column":4},"end":{"line":66,"column":41}},"type":"if","locations":[{"start":{"line":66,"column":4},"end":{"line":66,"column":41}},{"start":{},"end":{}}],"line":66},"6":{"loc":{"start":{"line":76,"column":91},"end":{"line":76,"column":120}},"type":"binary-expr","locations":[{"start":{"line":76,"column":91},"end":{"line":76,"column":102}},{"start":{"line":76,"column":106},"end":{"line":76,"column":120}}],"line":76}},"s":{"0":0,"1":0,"2":0,"3":0,"4":0,"5":0,"6":0,"7":0,"8":0,"9":0,"10":0,"11":0,"12":0,"13":0,"14":0,"15":0,"16":0,"17":0,"18":0,"19":0,"20":0,"21":0,"22":0,"23":0,"24":0,"25":0,"26":0,"27":0,"28":0,"29":0,"30":0,"31":0,"32":0,"33":0,"34":0,"35":0,"36":0,"37":0,"38":0,"39":0,"40":0,"41":0,"42":0,"43":0},"f":{"0":0,"1":0,"2":0,"3":0,"4":0,"5":0,"6":0,"7":0,"8":0,"9":0,"10":0,"11":0,"12":0,"13":0,"14":0,"15":0,"16":0},"b":{"0":[0,0],"1":[0,0],"2":[0,0],"3":[0,0],"4":[0,0],"5":[0,0],"6":[0,0]}}
,"/home/runner/work/nestle-finance-command/nestle-finance-command/frontend/src/components/DisputeChat.jsx": {"path":"/home/runner/work/nestle-finance-command/nestle-finance-command/frontend/src/components/DisputeChat.jsx","statementMap":{"0":{"start":{"line":9,"column":25},"end":{"line":9,"column":62}},"1":{"start":{"line":12,"column":36},"end":{"line":12,"column":48}},"2":{"start":{"line":14,"column":40},"end":{"line":19,"column":7}},"3":{"start":{"line":21,"column":40},"end":{"line":21,"column":52}},"4":{"start":{"line":22,"column":38},"end":{"line":22,"column":53}},"5":{"start":{"line":23,"column":46},"end":{"line":23,"column":62}},"6":{"start":{"line":25,"column":36},"end":{"line":25,"column":53}},"7":{"start":{"line":26,"column":40},"end":{"line":26,"column":55}},"8":{"start":{"line":28,"column":27},"end":{"line":28,"column":39}},"9":{"start":{"line":30,"column":40},"end":{"line":30,"column":55}},"10":{"start":{"line":31,"column":36},"end":{"line":31,"column":65}},"11":{"start":{"line":32,"column":40},"end":{"line":32,"column":52}},"12":{"start":{"line":34,"column":26},"end":{"line":50,"column":5}},"13":{"start":{"line":35,"column":8},"end":{"line":35,"column":38}},"14":{"start":{"line":35,"column":31},"end":{"line":35,"column":38}},"15":{"start":{"line":37,"column":8},"end":{"line":49,"column":74}},"16":{"start":{"line":38,"column":24},"end":{"line":38,"column":139}},"17":{"start":{"line":39,"column":12},"end":{"line":39,"column":39}},"18":{"start":{"line":41,"column":35},"end":{"line":41,"column":137}},"19":{"start":{"line":42,"column":12},"end":{"line":48,"column":13}},"20":{"start":{"line":42,"column":40},"end":{"line":42,"column":85}},"21":{"start":{"line":43,"column":16},"end":{"line":43,"column":46}},"22":{"start":{"line":44,"column":19},"end":{"line":48,"column":13}},"23":{"start":{"line":45,"column":16},"end":{"line":45,"column":49}},"24":{"start":{"line":47,"column":16},"end":{"line":47,"column":41}},"25":{"start":{"line":49,"column":24},"end":{"line":49,"column":72}},"26":{"start":{"line":52,"column":4},"end":{"line":56,"column":36}},"27":{"start":{"line":53,"column":8},"end":{"line":53,"column":24}},"28":{"start":{"line":54,"column":25},"end":{"line":54,"column":57}},"29":{"start":{"line":55,"column":8},"end":{"line":55,"column":45}},"30":{"start":{"line":55,"column":21},"end":{"line":55,"column":44}},"31":{"start":{"line":58,"column":4},"end":{"line":60,"column":57}},"32":{"start":{"line":59,"column":8},"end":{"line":59,"column":71}},"33":{"start":{"line":62,"column":24},"end":{"line":160,"column":5}},"34":{"start":{"line":63,"column":8},"end":{"line":63,"column":46}},"35":{"start":{"line":63,"column":39},"end":{"line":63,"column":46}},"36":{"start":{"line":64,"column":8},"end":{"line":64,"column":27}},"37":{"start":{"line":66,"column":8},"end":{"line":148,"column":9}},"38":{"start":{"line":67,"column":28},"end":{"line":67,"column":122}},"39":{"start":{"line":68,"column":12},"end":{"line":68,"column":54}},"40":{"start":{"line":68,"column":34},"end":{"line":68,"column":52}},"41":{"start":{"line":69,"column":12},"end":{"line":69,"column":30}},"42":{"start":{"line":70,"column":12},"end":{"line":70,"column":32}},"43":{"start":{"line":72,"column":12},"end":{"line":146,"column":13}},"44":{"start":{"line":73,"column":33},"end":{"line":73,"column":56}},"45":{"start":{"line":74,"column":16},"end":{"line":76,"column":17}},"46":{"start":{"line":75,"column":20},"end":{"line":75,"column":55}},"47":{"start":{"line":79,"column":39},"end":{"line":82,"column":19}},"48":{"start":{"line":79,"column":71},"end":{"line":82,"column":17}},"49":{"start":{"line":84,"column":37},"end":{"line":84,"column":76}},"50":{"start":{"line":85,"column":33},"end":{"line":85,"column":48}},"51":{"start":{"line":87,"column":37},"end":{"line":100,"column":79}},"52":{"start":{"line":102,"column":40},"end":{"line":106,"column":17}},"53":{"start":{"line":108,"column":33},"end":{"line":121,"column":18}},"54":{"start":{"line":123,"column":16},"end":{"line":126,"column":17}},"55":{"start":{"line":124,"column":38},"end":{"line":124,"column":59}},"56":{"start":{"line":125,"column":20},"end":{"line":125,"column":85}},"57":{"start":{"line":128,"column":29},"end":{"line":128,"column":50}},"58":{"start":{"line":129,"column":39},"end":{"line":129,"column":70}},"59":{"start":{"line":131,"column":31},"end":{"line":131,"column":142}},"60":{"start":{"line":132,"column":16},"end":{"line":132,"column":57}},"61":{"start":{"line":132,"column":38},"end":{"line":132,"column":55}},"62":{"start":{"line":135,"column":16},"end":{"line":135,"column":53}},"63":{"start":{"line":136,"column":33},"end":{"line":141,"column":17}},"64":{"start":{"line":142,"column":16},"end":{"line":142,"column":59}},"65":{"start":{"line":142,"column":38},"end":{"line":142,"column":57}},"66":{"start":{"line":144,"column":16},"end":{"line":144,"column":37}},"67":{"start":{"line":145,"column":16},"end":{"line":145,"column":36}},"68":{"start":{"line":147,"column":12},"end":{"line":147,"column":19}},"69":{"start":{"line":151,"column":8},"end":{"line":159,"column":40}},"70":{"start":{"line":152,"column":12},"end":{"line":154,"column":15}},"71":{"start":{"line":155,"column":12},"end":{"line":155,"column":30}},"72":{"start":{"line":156,"column":12},"end":{"line":156,"column":33}},"73":{"start":{"line":157,"column":12},"end":{"line":157,"column":28}},"74":{"start":{"line":158,"column":18},"end":{"line":158,"column":42}},"75":{"start":{"line":159,"column":18},"end":{"line":159,"column":38}},"76":{"start":{"line":162,"column":33},"end":{"line":164,"column":5}},"77":{"start":{"line":163,"column":8},"end":{"line":163,"column":106}},"78":{"start":{"line":166,"column":31},"end":{"line":170,"column":5}},"79":{"start":{"line":167,"column":21},"end":{"line":167,"column":94}},"80":{"start":{"line":168,"column":8},"end":{"line":168,"column":36}},"81":{"start":{"line":169,"column":8},"end":{"line":169,"column":37}},"82":{"start":{"line":172,"column":27},"end":{"line":177,"column":5}},"83":{"start":{"line":173,"column":8},"end":{"line":173,"column":54}},"84":{"start":{"line":173,"column":31},"end":{"line":173,"column":54}},"85":{"start":{"line":174,"column":8},"end":{"line":174,"column":63}},"86":{"start":{"line":174,"column":42},"end":{"line":174,"column":63}},"87":{"start":{"line":175,"column":8},"end":{"line":175,"column":99}},"88":{"start":{"line":175,"column":79},"end":{"line":175,"column":99}},"89":{"start":{"line":176,"column":8},"end":{"line":176,"column":32}},"90":{"start":{"line":179,"column":27},"end":{"line":179,"column":68}},"91":{"start":{"line":182,"column":25},"end":{"line":202,"column":39}},"92":{"start":{"line":183,"column":23},"end":{"line":183,"column":48}},"93":{"start":{"line":184,"column":8},"end":{"line":201,"column":9}},"94":{"start":{"line":185,"column":12},"end":{"line":189,"column":13}},"95":{"start":{"line":186,"column":16},"end":{"line":186,"column":95}},"96":{"start":{"line":187,"column":19},"end":{"line":189,"column":13}},"97":{"start":{"line":188,"column":16},"end":{"line":188,"column":105}},"98":{"start":{"line":190,"column":12},"end":{"line":190,"column":123}},"99":{"start":{"line":193,"column":12},"end":{"line":199,"column":13}},"100":{"start":{"line":194,"column":16},"end":{"line":194,"column":111}},"101":{"start":{"line":195,"column":19},"end":{"line":199,"column":13}},"102":{"start":{"line":196,"column":16},"end":{"line":196,"column":100}},"103":{"start":{"line":197,"column":19},"end":{"line":199,"column":13}},"104":{"start":{"line":198,"column":16},"end":{"line":198,"column":100}},"105":{"start":{"line":200,"column":12},"end":{"line":200,"column":110}},"106":{"start":{"line":204,"column":27},"end":{"line":235,"column":5}},"107":{"start":{"line":205,"column":28},"end":{"line":205,"column":71}},"108":{"start":{"line":206,"column":26},"end":{"line":206,"column":92}},"109":{"start":{"line":208,"column":21},"end":{"line":231,"column":9}},"110":{"start":{"line":223,"column":42},"end":{"line":228,"column":17}},"111":{"start":{"line":232,"column":8},"end":{"line":232,"column":41}},"112":{"start":{"line":233,"column":8},"end":{"line":233,"column":37}},"113":{"start":{"line":234,"column":8},"end":{"line":234,"column":56}},"114":{"start":{"line":234,"column":27},"end":{"line":234,"column":47}},"115":{"start":{"line":237,"column":4},"end":{"line":432,"column":6}},"116":{"start":{"line":275,"column":35},"end":{"line":275,"column":55}},"117":{"start":{"line":282,"column":35},"end":{"line":282,"column":52}},"118":{"start":{"line":309,"column":33},"end":{"line":309,"column":61}},"119":{"start":{"line":310,"column":37},"end":{"line":310,"column":65}},"120":{"start":{"line":311,"column":40},"end":{"line":311,"column":87}},"121":{"start":{"line":312,"column":33},"end":{"line":312,"column":64}},"122":{"start":{"line":313,"column":39},"end":{"line":313,"column":107}},"123":{"start":{"line":315,"column":20},"end":{"line":324,"column":21}},"124":{"start":{"line":316,"column":24},"end":{"line":323,"column":25}},"125":{"start":{"line":326,"column":20},"end":{"line":348,"column":22}},"126":{"start":{"line":374,"column":61},"end":{"line":374,"column":81}},"127":{"start":{"line":375,"column":61},"end":{"line":375,"column":80}},"128":{"start":{"line":381,"column":64},"end":{"line":381,"column":91}},"129":{"start":{"line":387,"column":77},"end":{"line":387,"column":106}},"130":{"start":{"line":395,"column":69},"end":{"line":395,"column":108}},"131":{"start":{"line":396,"column":69},"end":{"line":396,"column":109}},"132":{"start":{"line":397,"column":69},"end":{"line":397,"column":114}},"133":{"start":{"line":404,"column":36},"end":{"line":406,"column":45}},"134":{"start":{"line":404,"column":81},"end":{"line":404,"column":99}},"135":{"start":{"line":417,"column":51},"end":{"line":417,"column":80}},"136":{"start":{"line":421,"column":56},"end":{"line":421,"column":132}},"137":{"start":{"line":421,"column":96},"end":{"line":421,"column":115}},"138":{"start":{"line":421,"column":116},"end":{"line":421,"column":130}},"139":{"start":{"line":423,"column":69},"end":{"line":423,"column":92}}},"fnMap":{"0":{"name":"DisputeChat","decl":{"start":{"line":11,"column":24},"end":{"line":11,"column":35}},"loc":{"start":{"line":11,"column":117},"end":{"line":433,"column":1}},"line":11},"1":{"name":"(anonymous_1)","decl":{"start":{"line":34,"column":26},"end":{"line":34,"column":27}},"loc":{"start":{"line":34,"column":38},"end":{"line":50,"column":5}},"line":34},"2":{"name":"(anonymous_2)","decl":{"start":{"line":42,"column":35},"end":{"line":42,"column":36}},"loc":{"start":{"line":42,"column":40},"end":{"line":42,"column":85}},"line":42},"3":{"name":"(anonymous_3)","decl":{"start":{"line":52,"column":14},"end":{"line":52,"column":15}},"loc":{"start":{"line":52,"column":20},"end":{"line":56,"column":5}},"line":52},"4":{"name":"(anonymous_4)","decl":{"start":{"line":55,"column":15},"end":{"line":55,"column":16}},"loc":{"start":{"line":55,"column":21},"end":{"line":55,"column":44}},"line":55},"5":{"name":"(anonymous_5)","decl":{"start":{"line":58,"column":14},"end":{"line":58,"column":15}},"loc":{"start":{"line":58,"column":20},"end":{"line":60,"column":5}},"line":58},"6":{"name":"(anonymous_6)","decl":{"start":{"line":62,"column":24},"end":{"line":62,"column":25}},"loc":{"start":{"line":62,"column":92},"end":{"line":160,"column":5}},"line":62},"7":{"name":"(anonymous_7)","decl":{"start":{"line":68,"column":26},"end":{"line":68,"column":27}},"loc":{"start":{"line":68,"column":34},"end":{"line":68,"column":52}},"line":68},"8":{"name":"(anonymous_8)","decl":{"start":{"line":79,"column":65},"end":{"line":79,"column":66}},"loc":{"start":{"line":79,"column":71},"end":{"line":82,"column":17}},"line":79},"9":{"name":"(anonymous_9)","decl":{"start":{"line":132,"column":30},"end":{"line":132,"column":31}},"loc":{"start":{"line":132,"column":38},"end":{"line":132,"column":55}},"line":132},"10":{"name":"(anonymous_10)","decl":{"start":{"line":142,"column":30},"end":{"line":142,"column":31}},"loc":{"start":{"line":142,"column":38},"end":{"line":142,"column":57}},"line":142},"11":{"name":"(anonymous_11)","decl":{"start":{"line":162,"column":33},"end":{"line":162,"column":34}},"loc":{"start":{"line":162,"column":39},"end":{"line":164,"column":5}},"line":162},"12":{"name":"(anonymous_12)","decl":{"start":{"line":166,"column":31},"end":{"line":166,"column":32}},"loc":{"start":{"line":166,"column":43},"end":{"line":170,"column":5}},"line":166},"13":{"name":"(anonymous_13)","decl":{"start":{"line":172,"column":27},"end":{"line":172,"column":28}},"loc":{"start":{"line":172,"column":33},"end":{"line":177,"column":5}},"line":172},"14":{"name":"(anonymous_14)","decl":{"start":{"line":182,"column":33},"end":{"line":182,"column":34}},"loc":{"start":{"line":182,"column":39},"end":{"line":202,"column":5}},"line":182},"15":{"name":"(anonymous_15)","decl":{"start":{"line":204,"column":27},"end":{"line":204,"column":28}},"loc":{"start":{"line":204,"column":33},"end":{"line":235,"column":5}},"line":204},"16":{"name":"(anonymous_16)","decl":{"start":{"line":223,"column":37},"end":{"line":223,"column":38}},"loc":{"start":{"line":223,"column":42},"end":{"line":228,"column":17}},"line":223},"17":{"name":"(anonymous_17)","decl":{"start":{"line":234,"column":19},"end":{"line":234,"column":20}},"loc":{"start":{"line":234,"column":25},"end":{"line":234,"column":49}},"line":234},"18":{"name":"(anonymous_18)","decl":{"start":{"line":275,"column":29},"end":{"line":275,"column":30}},"loc":{"start":{"line":275,"column":35},"end":{"line":275,"column":55}},"line":275},"19":{"name":"(anonymous_19)","decl":{"start":{"line":282,"column":29},"end":{"line":282,"column":30}},"loc":{"start":{"line":282,"column":35},"end":{"line":282,"column":52}},"line":282},"20":{"name":"(anonymous_20)","decl":{"start":{"line":308,"column":36},"end":{"line":308,"column":37}},"loc":{"start":{"line":308,"column":50},"end":{"line":349,"column":17}},"line":308},"21":{"name":"(anonymous_21)","decl":{"start":{"line":374,"column":55},"end":{"line":374,"column":56}},"loc":{"start":{"line":374,"column":61},"end":{"line":374,"column":81}},"line":374},"22":{"name":"(anonymous_22)","decl":{"start":{"line":375,"column":55},"end":{"line":375,"column":56}},"loc":{"start":{"line":375,"column":61},"end":{"line":375,"column":80}},"line":375},"23":{"name":"(anonymous_23)","decl":{"start":{"line":381,"column":59},"end":{"line":381,"column":60}},"loc":{"start":{"line":381,"column":64},"end":{"line":381,"column":91}},"line":381},"24":{"name":"(anonymous_24)","decl":{"start":{"line":387,"column":72},"end":{"line":387,"column":73}},"loc":{"start":{"line":387,"column":77},"end":{"line":387,"column":106}},"line":387},"25":{"name":"(anonymous_25)","decl":{"start":{"line":395,"column":63},"end":{"line":395,"column":64}},"loc":{"start":{"line":395,"column":69},"end":{"line":395,"column":108}},"line":395},"26":{"name":"(anonymous_26)","decl":{"start":{"line":396,"column":63},"end":{"line":396,"column":64}},"loc":{"start":{"line":396,"column":69},"end":{"line":396,"column":109}},"line":396},"27":{"name":"(anonymous_27)","decl":{"start":{"line":397,"column":63},"end":{"line":397,"column":64}},"loc":{"start":{"line":397,"column":69},"end":{"line":397,"column":114}},"line":397},"28":{"name":"(anonymous_28)","decl":{"start":{"line":403,"column":50},"end":{"line":403,"column":51}},"loc":{"start":{"line":404,"column":36},"end":{"line":406,"column":45}},"line":404},"29":{"name":"(anonymous_29)","decl":{"start":{"line":404,"column":75},"end":{"line":404,"column":76}},"loc":{"start":{"line":404,"column":81},"end":{"line":404,"column":99}},"line":404},"30":{"name":"(anonymous_30)","decl":{"start":{"line":417,"column":46},"end":{"line":417,"column":47}},"loc":{"start":{"line":417,"column":51},"end":{"line":417,"column":80}},"line":417},"31":{"name":"(anonymous_31)","decl":{"start":{"line":421,"column":47},"end":{"line":421,"column":48}},"loc":{"start":{"line":421,"column":54},"end":{"line":421,"column":134}},"line":421},"32":{"name":"(anonymous_32)","decl":{"start":{"line":423,"column":63},"end":{"line":423,"column":64}},"loc":{"start":{"line":423,"column":69},"end":{"line":423,"column":92}},"line":423}},"branchMap":{"0":{"loc":{"start":{"line":17,"column":42},"end":{"line":17,"column":98}},"type":"cond-expr","locations":[{"start":{"line":17,"column":67},"end":{"line":17,"column":85}},{"start":{"line":17,"column":88},"end":{"line":17,"column":98}}],"line":17},"1":{"loc":{"start":{"line":35,"column":8},"end":{"line":35,"column":38}},"type":"if","locations":[{"start":{"line":35,"column":8},"end":{"line":35,"column":38}},{"start":{},"end":{}}],"line":35},"2":{"loc":{"start":{"line":41,"column":35},"end":{"line":41,"column":137}},"type":"cond-expr","locations":[{"start":{"line":41,"column":62},"end":{"line":41,"column":133}},{"start":{"line":41,"column":136},"end":{"line":41,"column":137}}],"line":41},"3":{"loc":{"start":{"line":42,"column":12},"end":{"line":48,"column":13}},"type":"if","locations":[{"start":{"line":42,"column":12},"end":{"line":48,"column":13}},{"start":{"line":44,"column":19},"end":{"line":48,"column":13}}],"line":42},"4":{"loc":{"start":{"line":44,"column":19},"end":{"line":48,"column":13}},"type":"if","locations":[{"start":{"line":44,"column":19},"end":{"line":48,"column":13}},{"start":{"line":46,"column":19},"end":{"line":48,"column":13}}],"line":44},"5":{"loc":{"start":{"line":44,"column":23},"end":{"line":44,"column":70}},"type":"binary-expr","locations":[{"start":{"line":44,"column":23},"end":{"line":44,"column":47}},{"start":{"line":44,"column":51},"end":{"line":44,"column":70}}],"line":44},"6":{"loc":{"start":{"line":62,"column":31},"end":{"line":62,"column":48}},"type":"default-arg","locations":[{"start":{"line":62,"column":38},"end":{"line":62,"column":48}}],"line":62},"7":{"loc":{"start":{"line":62,"column":50},"end":{"line":62,"column":70}},"type":"default-arg","locations":[{"start":{"line":62,"column":62},"end":{"line":62,"column":70}}],"line":62},"8":{"loc":{"start":{"line":62,"column":72},"end":{"line":62,"column":87}},"type":"default-arg","locations":[{"start":{"line":62,"column":83},"end":{"line":62,"column":87}}],"line":62},"9":{"loc":{"start":{"line":63,"column":8},"end":{"line":63,"column":46}},"type":"if","locations":[{"start":{"line":63,"column":8},"end":{"line":63,"column":46}},{"start":{},"end":{}}],"line":63},"10":{"loc":{"start":{"line":63,"column":12},"end":{"line":63,"column":37}},"type":"binary-expr","locations":[{"start":{"line":63,"column":12},"end":{"line":63,"column":24}},{"start":{"line":63,"column":28},"end":{"line":63,"column":37}}],"line":63},"11":{"loc":{"start":{"line":66,"column":8},"end":{"line":148,"column":9}},"type":"if","locations":[{"start":{"line":66,"column":8},"end":{"line":148,"column":9}},{"start":{},"end":{}}],"line":66},"12":{"loc":{"start":{"line":74,"column":16},"end":{"line":76,"column":17}},"type":"if","locations":[{"start":{"line":74,"column":16},"end":{"line":76,"column":17}},{"start":{},"end":{}}],"line":74},"13":{"loc":{"start":{"line":80,"column":26},"end":{"line":80,"column":78}},"type":"cond-expr","locations":[{"start":{"line":80,"column":58},"end":{"line":80,"column":69}},{"start":{"line":80,"column":72},"end":{"line":80,"column":78}}],"line":80},"14":{"loc":{"start":{"line":84,"column":37},"end":{"line":84,"column":76}},"type":"binary-expr","locations":[{"start":{"line":84,"column":37},"end":{"line":84,"column":56}},{"start":{"line":84,"column":60},"end":{"line":84,"column":76}}],"line":84},"15":{"loc":{"start":{"line":87,"column":131},"end":{"line":87,"column":198}},"type":"cond-expr","locations":[{"start":{"line":87,"column":156},"end":{"line":87,"column":178}},{"start":{"line":87,"column":181},"end":{"line":87,"column":198}}],"line":87},"16":{"loc":{"start":{"line":92,"column":22},"end":{"line":92,"column":44}},"type":"binary-expr","locations":[{"start":{"line":92,"column":22},"end":{"line":92,"column":34}},{"start":{"line":92,"column":38},"end":{"line":92,"column":44}}],"line":92},"17":{"loc":{"start":{"line":123,"column":16},"end":{"line":126,"column":17}},"type":"if","locations":[{"start":{"line":123,"column":16},"end":{"line":126,"column":17}},{"start":{},"end":{}}],"line":123},"18":{"loc":{"start":{"line":125,"column":36},"end":{"line":125,"column":83}},"type":"binary-expr","locations":[{"start":{"line":125,"column":36},"end":{"line":125,"column":60}},{"start":{"line":125,"column":64},"end":{"line":125,"column":83}}],"line":125},"19":{"loc":{"start":{"line":173,"column":8},"end":{"line":173,"column":54}},"type":"if","locations":[{"start":{"line":173,"column":8},"end":{"line":173,"column":54}},{"start":{},"end":{}}],"line":173},"20":{"loc":{"start":{"line":174,"column":8},"end":{"line":174,"column":63}},"type":"if","locations":[{"start":{"line":174,"column":8},"end":{"line":174,"column":63}},{"start":{},"end":{}}],"line":174},"21":{"loc":{"start":{"line":175,"column":8},"end":{"line":175,"column":99}},"type":"if","locations":[{"start":{"line":175,"column":8},"end":{"line":175,"column":99}},{"start":{},"end":{}}],"line":175},"22":{"loc":{"start":{"line":175,"column":12},"end":{"line":175,"column":77}},"type":"binary-expr","locations":[{"start":{"line":175,"column":12},"end":{"line":175,"column":41}},{"start":{"line":175,"column":45},"end":{"line":175,"column":77}}],"line":175},"23":{"loc":{"start":{"line":179,"column":27},"end":{"line":179,"column":68}},"type":"cond-expr","locations":[{"start":{"line":179,"column":47},"end":{"line":179,"column":57}},{"start":{"line":179,"column":60},"end":{"line":179,"column":68}}],"line":179},"24":{"loc":{"start":{"line":183,"column":23},"end":{"line":183,"column":48}},"type":"binary-expr","locations":[{"start":{"line":183,"column":23},"end":{"line":183,"column":42}},{"start":{"line":183,"column":46},"end":{"line":183,"column":48}}],"line":183},"25":{"loc":{"start":{"line":184,"column":8},"end":{"line":201,"column":9}},"type":"if","locations":[{"start":{"line":184,"column":8},"end":{"line":201,"column":9}},{"start":{"line":191,"column":15},"end":{"line":201,"column":9}}],"line":184},"26":{"loc":{"start":{"line":185,"column":12},"end":{"line":189,"column":13}},"type":"if","locations":[{"start":{"line":185,"column":12},"end":{"line":189,"column":13}},{"start":{"line":187,"column":19},"end":{"line":189,"column":13}}],"line":185},"27":{"loc":{"start":{"line":187,"column":19},"end":{"line":189,"column":13}},"type":"if","locations":[{"start":{"line":187,"column":19},"end":{"line":189,"column":13}},{"start":{},"end":{}}],"line":187},"28":{"loc":{"start":{"line":193,"column":12},"end":{"line":199,"column":13}},"type":"if","locations":[{"start":{"line":193,"column":12},"end":{"line":199,"column":13}},{"start":{"line":195,"column":19},"end":{"line":199,"column":13}}],"line":193},"29":{"loc":{"start":{"line":195,"column":19},"end":{"line":199,"column":13}},"type":"if","locations":[{"start":{"line":195,"column":19},"end":{"line":199,"column":13}},{"start":{"line":197,"column":19},"end":{"line":199,"column":13}}],"line":195},"30":{"loc":{"start":{"line":197,"column":19},"end":{"line":199,"column":13}},"type":"if","locations":[{"start":{"line":197,"column":19},"end":{"line":199,"column":13}},{"start":{},"end":{}}],"line":197},"31":{"loc":{"start":{"line":206,"column":26},"end":{"line":206,"column":92}},"type":"cond-expr","locations":[{"start":{"line":206,"column":46},"end":{"line":206,"column":71}},{"start":{"line":206,"column":74},"end":{"line":206,"column":92}}],"line":206},"32":{"loc":{"start":{"line":221,"column":162},"end":{"line":221,"column":198}},"type":"binary-expr","locations":[{"start":{"line":221,"column":162},"end":{"line":221,"column":174}},{"start":{"line":221,"column":178},"end":{"line":221,"column":198}}],"line":221},"33":{"loc":{"start":{"line":224,"column":38},"end":{"line":224,"column":121}},"type":"cond-expr","locations":[{"start":{"line":224,"column":68},"end":{"line":224,"column":77}},{"start":{"line":224,"column":80},"end":{"line":224,"column":121}}],"line":224},"34":{"loc":{"start":{"line":224,"column":80},"end":{"line":224,"column":121}},"type":"cond-expr","locations":[{"start":{"line":224,"column":112},"end":{"line":224,"column":116}},{"start":{"line":224,"column":119},"end":{"line":224,"column":121}}],"line":224},"35":{"loc":{"start":{"line":242,"column":95},"end":{"line":242,"column":270}},"type":"cond-expr","locations":[{"start":{"line":242,"column":115},"end":{"line":242,"column":189}},{"start":{"line":242,"column":192},"end":{"line":242,"column":270}}],"line":242},"36":{"loc":{"start":{"line":243,"column":25},"end":{"line":243,"column":119}},"type":"cond-expr","locations":[{"start":{"line":243,"column":45},"end":{"line":243,"column":72}},{"start":{"line":243,"column":75},"end":{"line":243,"column":119}}],"line":243},"37":{"loc":{"start":{"line":246,"column":98},"end":{"line":246,"column":156}},"type":"cond-expr","locations":[{"start":{"line":246,"column":118},"end":{"line":246,"column":132}},{"start":{"line":246,"column":135},"end":{"line":246,"column":156}}],"line":246},"38":{"loc":{"start":{"line":249,"column":29},"end":{"line":256,"column":29}},"type":"binary-expr","locations":[{"start":{"line":249,"column":29},"end":{"line":249,"column":49}},{"start":{"line":250,"column":32},"end":{"line":255,"column":35}}],"line":249},"39":{"loc":{"start":{"line":252,"column":80},"end":{"line":252,"column":180}},"type":"cond-expr","locations":[{"start":{"line":252,"column":145},"end":{"line":252,"column":159}},{"start":{"line":252,"column":162},"end":{"line":252,"column":180}}],"line":252},"40":{"loc":{"start":{"line":252,"column":80},"end":{"line":252,"column":142}},"type":"binary-expr","locations":[{"start":{"line":252,"column":80},"end":{"line":252,"column":109}},{"start":{"line":252,"column":113},"end":{"line":252,"column":142}}],"line":252},"41":{"loc":{"start":{"line":264,"column":21},"end":{"line":268,"column":21}},"type":"binary-expr","locations":[{"start":{"line":264,"column":21},"end":{"line":264,"column":44}},{"start":{"line":264,"column":48},"end":{"line":264,"column":58}},{"start":{"line":264,"column":62},"end":{"line":264,"column":82}},{"start":{"line":265,"column":24},"end":{"line":267,"column":33}}],"line":264},"42":{"loc":{"start":{"line":276,"column":120},"end":{"line":276,"column":315}},"type":"cond-expr","locations":[{"start":{"line":276,"column":143},"end":{"line":276,"column":250}},{"start":{"line":276,"column":253},"end":{"line":276,"column":315}}],"line":276},"43":{"loc":{"start":{"line":283,"column":120},"end":{"line":283,"column":309}},"type":"cond-expr","locations":[{"start":{"line":283,"column":140},"end":{"line":283,"column":244}},{"start":{"line":283,"column":247},"end":{"line":283,"column":309}}],"line":283},"44":{"loc":{"start":{"line":289,"column":13},"end":{"line":297,"column":13}},"type":"binary-expr","locations":[{"start":{"line":289,"column":13},"end":{"line":289,"column":35}},{"start":{"line":289,"column":39},"end":{"line":289,"column":51}},{"start":{"line":289,"column":55},"end":{"line":289,"column":79}},{"start":{"line":289,"column":83},"end":{"line":289,"column":103}},{"start":{"line":290,"column":16},"end":{"line":296,"column":22}}],"line":289},"45":{"loc":{"start":{"line":300,"column":17},"end":{"line":306,"column":17}},"type":"binary-expr","locations":[{"start":{"line":300,"column":17},"end":{"line":300,"column":44}},{"start":{"line":300,"column":48},"end":{"line":300,"column":68}},{"start":{"line":301,"column":20},"end":{"line":305,"column":26}}],"line":300},"46":{"loc":{"start":{"line":313,"column":39},"end":{"line":313,"column":107}},"type":"binary-expr","locations":[{"start":{"line":313,"column":39},"end":{"line":313,"column":48}},{"start":{"line":313,"column":52},"end":{"line":313,"column":107}}],"line":313},"47":{"loc":{"start":{"line":315,"column":20},"end":{"line":324,"column":21}},"type":"if","locations":[{"start":{"line":315,"column":20},"end":{"line":324,"column":21}},{"start":{},"end":{}}],"line":315},"48":{"loc":{"start":{"line":315,"column":24},"end":{"line":315,"column":47}},"type":"binary-expr","locations":[{"start":{"line":315,"column":24},"end":{"line":315,"column":32}},{"start":{"line":315,"column":36},"end":{"line":315,"column":47}}],"line":315},"49":{"loc":{"start":{"line":327,"column":68},"end":{"line":327,"column":106}},"type":"cond-expr","locations":[{"start":{"line":327,"column":75},"end":{"line":327,"column":88}},{"start":{"line":327,"column":91},"end":{"line":327,"column":106}}],"line":327},"50":{"loc":{"start":{"line":328,"column":70},"end":{"line":328,"column":108}},"type":"cond-expr","locations":[{"start":{"line":328,"column":77},"end":{"line":328,"column":95}},{"start":{"line":328,"column":98},"end":{"line":328,"column":108}}],"line":328},"51":{"loc":{"start":{"line":330,"column":37},"end":{"line":334,"column":71}},"type":"cond-expr","locations":[{"start":{"line":331,"column":40},"end":{"line":333,"column":46}},{"start":{"line":334,"column":40},"end":{"line":334,"column":71}}],"line":330},"52":{"loc":{"start":{"line":331,"column":152},"end":{"line":331,"column":316}},"type":"cond-expr","locations":[{"start":{"line":331,"column":159},"end":{"line":331,"column":207}},{"start":{"line":331,"column":210},"end":{"line":331,"column":316}}],"line":331},"53":{"loc":{"start":{"line":331,"column":210},"end":{"line":331,"column":316}},"type":"cond-expr","locations":[{"start":{"line":331,"column":217},"end":{"line":331,"column":266}},{"start":{"line":331,"column":269},"end":{"line":331,"column":316}}],"line":331},"54":{"loc":{"start":{"line":332,"column":45},"end":{"line":332,"column":100}},"type":"cond-expr","locations":[{"start":{"line":332,"column":52},"end":{"line":332,"column":79}},{"start":{"line":332,"column":82},"end":{"line":332,"column":100}}],"line":332},"55":{"loc":{"start":{"line":336,"column":65},"end":{"line":336,"column":99}},"type":"cond-expr","locations":[{"start":{"line":336,"column":72},"end":{"line":336,"column":83}},{"start":{"line":336,"column":86},"end":{"line":336,"column":99}}],"line":336},"56":{"loc":{"start":{"line":337,"column":37},"end":{"line":341,"column":37}},"type":"binary-expr","locations":[{"start":{"line":337,"column":37},"end":{"line":337,"column":47}},{"start":{"line":338,"column":40},"end":{"line":340,"column":47}}],"line":337},"57":{"loc":{"start":{"line":342,"column":131},"end":{"line":342,"column":305}},"type":"cond-expr","locations":[{"start":{"line":342,"column":138},"end":{"line":342,"column":179}},{"start":{"line":342,"column":182},"end":{"line":342,"column":305}}],"line":342},"58":{"loc":{"start":{"line":351,"column":17},"end":{"line":366,"column":17}},"type":"binary-expr","locations":[{"start":{"line":351,"column":17},"end":{"line":351,"column":27}},{"start":{"line":352,"column":20},"end":{"line":365,"column":26}}],"line":351},"59":{"loc":{"start":{"line":372,"column":17},"end":{"line":377,"column":17}},"type":"binary-expr","locations":[{"start":{"line":372,"column":17},"end":{"line":372,"column":39}},{"start":{"line":372,"column":43},"end":{"line":372,"column":63}},{"start":{"line":373,"column":20},"end":{"line":376,"column":26}}],"line":372},"60":{"loc":{"start":{"line":374,"column":127},"end":{"line":374,"column":244}},"type":"cond-expr","locations":[{"start":{"line":374,"column":141},"end":{"line":374,"column":183}},{"start":{"line":374,"column":186},"end":{"line":374,"column":244}}],"line":374},"61":{"loc":{"start":{"line":375,"column":165},"end":{"line":375,"column":279}},"type":"cond-expr","locations":[{"start":{"line":375,"column":178},"end":{"line":375,"column":218}},{"start":{"line":375,"column":221},"end":{"line":375,"column":279}}],"line":375},"62":{"loc":{"start":{"line":379,"column":17},"end":{"line":429,"column":17}},"type":"cond-expr","locations":[{"start":{"line":380,"column":20},"end":{"line":389,"column":26}},{"start":{"line":391,"column":20},"end":{"line":428,"column":23}}],"line":379},"63":{"loc":{"start":{"line":392,"column":25},"end":{"line":399,"column":25}},"type":"binary-expr","locations":[{"start":{"line":392,"column":25},"end":{"line":392,"column":47}},{"start":{"line":392,"column":51},"end":{"line":392,"column":71}},{"start":{"line":392,"column":75},"end":{"line":392,"column":103}},{"start":{"line":393,"column":28},"end":{"line":398,"column":34}}],"line":392},"64":{"loc":{"start":{"line":401,"column":25},"end":{"line":409,"column":25}},"type":"binary-expr","locations":[{"start":{"line":401,"column":25},"end":{"line":401,"column":45}},{"start":{"line":402,"column":28},"end":{"line":408,"column":34}}],"line":401},"65":{"loc":{"start":{"line":411,"column":158},"end":{"line":411,"column":394}},"type":"cond-expr","locations":[{"start":{"line":411,"column":178},"end":{"line":411,"column":286}},{"start":{"line":411,"column":289},"end":{"line":411,"column":394}}],"line":411},"66":{"loc":{"start":{"line":418,"column":49},"end":{"line":418,"column":123}},"type":"cond-expr","locations":[{"start":{"line":418,"column":69},"end":{"line":418,"column":93}},{"start":{"line":418,"column":96},"end":{"line":418,"column":123}}],"line":418},"67":{"loc":{"start":{"line":421,"column":56},"end":{"line":421,"column":132}},"type":"if","locations":[{"start":{"line":421,"column":56},"end":{"line":421,"column":132}},{"start":{},"end":{}}],"line":421},"68":{"loc":{"start":{"line":421,"column":60},"end":{"line":421,"column":92}},"type":"binary-expr","locations":[{"start":{"line":421,"column":60},"end":{"line":421,"column":77}},{"start":{"line":421,"column":81},"end":{"line":421,"column":92}}],"line":421},"69":{"loc":{"start":{"line":423,"column":104},"end":{"line":423,"column":149}},"type":"binary-expr","locations":[{"start":{"line":423,"column":104},"end":{"line":423,"column":122}},{"start":{"line":423,"column":126},"end":{"line":423,"column":135}},{"start":{"line":423,"column":139},"end":{"line":423,"column":149}}],"line":423},"70":{"loc":{"start":{"line":423,"column":278},"end":{"line":423,"column":373}},"type":"cond-expr","locations":[{"start":{"line":423,"column":298},"end":{"line":423,"column":333}},{"start":{"line":423,"column":336},"end":{"line":423,"column":373}}],"line":423},"71":{"loc":{"start":{"line":424,"column":64},"end":{"line":424,"column":132}},"type":"cond-expr","locations":[{"start":{"line":424,"column":76},"end":{"line":424,"column":91}},{"start":{"line":424,"column":94},"end":{"line":424,"column":132}}],"line":424}},"s":{"0":0,"1":0,"2":0,"3":0,"4":0,"5":0,"6":0,"7":0,"8":0,"9":0,"10":0,"11":0,"12":0,"13":0,"14":0,"15":0,"16":0,"17":0,"18":0,"19":0,"20":0,"21":0,"22":0,"23":0,"24":0,"25":0,"26":0,"27":0,"28":0,"29":0,"30":0,"31":0,"32":0,"33":0,"34":0,"35":0,"36":0,"37":0,"38":0,"39":0,"40":0,"41":0,"42":0,"43":0,"44":0,"45":0,"46":0,"47":0,"48":0,"49":0,"50":0,"51":0,"52":0,"53":0,"54":0,"55":0,"56":0,"57":0,"58":0,"59":0,"60":0,"61":0,"62":0,"63":0,"64":0,"65":0,"66":0,"67":0,"68":0,"69":0,"70":0,"71":0,"72":0,"73":0,"74":0,"75":0,"76":0,"77":0,"78":0,"79":0,"80":0,"81":0,"82":0,"83":0,"84":0,"85":0,"86":0,"87":0,"88":0,"89":0,"90":0,"91":0,"92":0,"93":0,"94":0,"95":0,"96":0,"97":0,"98":0,"99":0,"100":0,"101":0,"102":0,"103":0,"104":0,"105":0,"106":0,"107":0,"108":0,"109":0,"110":0,"111":0,"112":0,"113":0,"114":0,"115":0,"116":0,"117":0,"118":0,"119":0,"120":0,"121":0,"122":0,"123":0,"124":0,"125":0,"126":0,"127":0,"128":0,"129":0,"130":0,"131":0,"132":0,"133":0,"134":0,"135":0,"136":0,"137":0,"138":0,"139":0},"f":{"0":0,"1":0,"2":0,"3":0,"4":0,"5":0,"6":0,"7":0,"8":0,"9":0,"10":0,"11":0,"12":0,"13":0,"14":0,"15":0,"16":0,"17":0,"18":0,"19":0,"20":0,"21":0,"22":0,"23":0,"24":0,"25":0,"26":0,"27":0,"28":0,"29":0,"30":0,"31":0,"32":0},"b":{"0":[0,0],"1":[0,0],"2":[0,0],"3":[0,0],"4":[0,0],"5":[0,0],"6":[0],"7":[0],"8":[0],"9":[0,0],"10":[0,0],"11":[0,0],"12":[0,0],"13":[0,0],"14":[0,0],"15":[0,0],"16":[0,0],"17":[0,0],"18":[0,0],"19":[0,0],"20":[0,0],"21":[0,0],"22":[0,0],"23":[0,0],"24":[0,0],"25":[0,0],"26":[0,0],"27":[0,0],"28":[0,0],"29":[0,0],"30":[0,0],"31":[0,0],"32":[0,0],"33":[0,0],"34":[0,0],"35":[0,0],"36":[0,0],"37":[0,0],"38":[0,0],"39":[0,0],"40":[0,0],"41":[0,0,0,0],"42":[0,0],"43":[0,0],"44":[0,0,0,0,0],"45":[0,0,0],"46":[0,0],"47":[0,0],"48":[0,0],"49":[0,0],"50":[0,0],"51":[0,0],"52":[0,0],"53":[0,0],"54":[0,0],"55":[0,0],"56":[0,0],"57":[0,0],"58":[0,0],"59":[0,0,0],"60":[0,0],"61":[0,0],"62":[0,0],"63":[0,0,0,0],"64":[0,0],"65":[0,0],"66":[0,0],"67":[0,0],"68":[0,0],"69":[0,0,0],"70":[0,0],"71":[0,0]}}
,"/home/runner/work/nestle-finance-command/nestle-finance-command/frontend/src/components/FloatingChat.jsx": {"path":"/home/runner/work/nestle-finance-command/nestle-finance-command/frontend/src/components/FloatingChat.jsx","statementMap":{"0":{"start":{"line":6,"column":32},"end":{"line":6,"column":47}},"1":{"start":{"line":8,"column":4},"end":{"line":43,"column":6}},"2":{"start":{"line":17,"column":47},"end":{"line":17,"column":63}},"3":{"start":{"line":28,"column":31},"end":{"line":28,"column":49}}},"fnMap":{"0":{"name":"FloatingChat","decl":{"start":{"line":5,"column":24},"end":{"line":5,"column":36}},"loc":{"start":{"line":5,"column":62},"end":{"line":44,"column":1}},"line":5},"1":{"name":"(anonymous_1)","decl":{"start":{"line":17,"column":41},"end":{"line":17,"column":42}},"loc":{"start":{"line":17,"column":47},"end":{"line":17,"column":63}},"line":17},"2":{"name":"(anonymous_2)","decl":{"start":{"line":28,"column":25},"end":{"line":28,"column":26}},"loc":{"start":{"line":28,"column":31},"end":{"line":28,"column":49}},"line":28}},"branchMap":{"0":{"loc":{"start":{"line":10,"column":13},"end":{"line":25,"column":13}},"type":"binary-expr","locations":[{"start":{"line":10,"column":13},"end":{"line":10,"column":19}},{"start":{"line":11,"column":16},"end":{"line":24,"column":22}}],"line":10},"1":{"loc":{"start":{"line":30,"column":18},"end":{"line":32,"column":192}},"type":"cond-expr","locations":[{"start":{"line":31,"column":22},"end":{"line":31,"column":55}},{"start":{"line":32,"column":22},"end":{"line":32,"column":192}}],"line":30},"2":{"loc":{"start":{"line":34,"column":23},"end":{"line":34,"column":63}},"type":"cond-expr","locations":[{"start":{"line":34,"column":32},"end":{"line":34,"column":44}},{"start":{"line":34,"column":47},"end":{"line":34,"column":63}}],"line":34},"3":{"loc":{"start":{"line":36,"column":17},"end":{"line":36,"column":91}},"type":"cond-expr","locations":[{"start":{"line":36,"column":26},"end":{"line":36,"column":51}},{"start":{"line":36,"column":54},"end":{"line":36,"column":91}}],"line":36},"4":{"loc":{"start":{"line":38,"column":17},"end":{"line":40,"column":17}},"type":"binary-expr","locations":[{"start":{"line":38,"column":17},"end":{"line":38,"column":24}},{"start":{"line":39,"column":20},"end":{"line":39,"column":142}}],"line":38}},"s":{"0":0,"1":0,"2":0,"3":0},"f":{"0":0,"1":0,"2":0},"b":{"0":[0,0],"1":[0,0],"2":[0,0],"3":[0,0],"4":[0,0]}}
,"/home/runner/work/nestle-finance-command/nestle-finance-command/frontend/src/components/LiveChat.jsx": {"path":"/home/runner/work/nestle-finance-command/nestle-finance-command/frontend/src/components/LiveChat.jsx","statementMap":{"0":{"start":{"line":5,"column":12},"end":{"line":5,"column":82}},"1":{"start":{"line":6,"column":25},"end":{"line":6,"column":62}},"2":{"start":{"line":7,"column":23},"end":{"line":7,"column":24}},"3":{"start":{"line":11,"column":4},"end":{"line":11,"column":57}},"4":{"start":{"line":15,"column":19},"end":{"line":19,"column":1}},"5":{"start":{"line":21,"column":20},"end":{"line":25,"column":1}},"6":{"start":{"line":27,"column":20},"end":{"line":31,"column":1}},"7":{"start":{"line":34,"column":34},"end":{"line":34,"column":50}},"8":{"start":{"line":35,"column":54},"end":{"line":35,"column":68}},"9":{"start":{"line":36,"column":36},"end":{"line":36,"column":48}},"10":{"start":{"line":37,"column":40},"end":{"line":37,"column":52}},"11":{"start":{"line":38,"column":38},"end":{"line":38,"column":53}},"12":{"start":{"line":39,"column":32},"end":{"line":39,"column":44}},"13":{"start":{"line":40,"column":27},"end":{"line":40,"column":39}},"14":{"start":{"line":41,"column":20},"end":{"line":41,"column":32}},"15":{"start":{"line":44,"column":40},"end":{"line":48,"column":7}},"16":{"start":{"line":49,"column":34},"end":{"line":49,"column":46}},"17":{"start":{"line":50,"column":40},"end":{"line":50,"column":55}},"18":{"start":{"line":51,"column":21},"end":{"line":51,"column":33}},"19":{"start":{"line":53,"column":23},"end":{"line":53,"column":49}},"20":{"start":{"line":56,"column":20},"end":{"line":56,"column":86}},"21":{"start":{"line":59,"column":26},"end":{"line":67,"column":17}},"22":{"start":{"line":60,"column":8},"end":{"line":60,"column":29}},"23":{"start":{"line":60,"column":22},"end":{"line":60,"column":29}},"24":{"start":{"line":61,"column":8},"end":{"line":66,"column":9}},"25":{"start":{"line":62,"column":24},"end":{"line":62,"column":89}},"26":{"start":{"line":63,"column":12},"end":{"line":63,"column":45}},"27":{"start":{"line":65,"column":12},"end":{"line":65,"column":70}},"28":{"start":{"line":70,"column":24},"end":{"line":84,"column":30}},"29":{"start":{"line":71,"column":23},"end":{"line":71,"column":25}},"30":{"start":{"line":72,"column":8},"end":{"line":82,"column":9}},"31":{"start":{"line":73,"column":23},"end":{"line":73,"column":54}},"32":{"start":{"line":74,"column":12},"end":{"line":81,"column":13}},"33":{"start":{"line":75,"column":28},"end":{"line":75,"column":88}},"34":{"start":{"line":76,"column":29},"end":{"line":76,"column":48}},"35":{"start":{"line":78,"column":16},"end":{"line":78,"column":88}},"36":{"start":{"line":78,"column":53},"end":{"line":78,"column":79}},"37":{"start":{"line":80,"column":16},"end":{"line":80,"column":38}},"38":{"start":{"line":83,"column":8},"end":{"line":83,"column":26}},"39":{"start":{"line":87,"column":4},"end":{"line":99,"column":46}},"40":{"start":{"line":88,"column":8},"end":{"line":88,"column":60}},"41":{"start":{"line":88,"column":29},"end":{"line":88,"column":60}},"42":{"start":{"line":89,"column":8},"end":{"line":95,"column":9}},"43":{"start":{"line":90,"column":12},"end":{"line":90,"column":28}},"44":{"start":{"line":91,"column":12},"end":{"line":91,"column":63}},"45":{"start":{"line":93,"column":12},"end":{"line":93,"column":26}},"46":{"start":{"line":94,"column":12},"end":{"line":94,"column":61}},"47":{"start":{"line":96,"column":8},"end":{"line":98,"column":10}},"48":{"start":{"line":97,"column":12},"end":{"line":97,"column":64}},"49":{"start":{"line":97,"column":33},"end":{"line":97,"column":64}},"50":{"start":{"line":102,"column":4},"end":{"line":104,"column":26}},"51":{"start":{"line":103,"column":8},"end":{"line":103,"column":71}},"52":{"start":{"line":107,"column":4},"end":{"line":109,"column":40}},"53":{"start":{"line":108,"column":8},"end":{"line":108,"column":65}},"54":{"start":{"line":111,"column":26},"end":{"line":143,"column":5}},"55":{"start":{"line":112,"column":21},"end":{"line":112,"column":35}},"56":{"start":{"line":113,"column":8},"end":{"line":113,"column":40}},"57":{"start":{"line":113,"column":33},"end":{"line":113,"column":40}},"58":{"start":{"line":114,"column":24},"end":{"line":114,"column":71}},"59":{"start":{"line":115,"column":8},"end":{"line":115,"column":50}},"60":{"start":{"line":115,"column":30},"end":{"line":115,"column":48}},"61":{"start":{"line":116,"column":8},"end":{"line":116,"column":23}},"62":{"start":{"line":117,"column":8},"end":{"line":117,"column":28}},"63":{"start":{"line":118,"column":8},"end":{"line":142,"column":9}},"64":{"start":{"line":119,"column":28},"end":{"line":119,"column":110}},"65":{"start":{"line":119,"column":72},"end":{"line":119,"column":108}},"66":{"start":{"line":120,"column":33},"end":{"line":120,"column":522}},"67":{"start":{"line":121,"column":29},"end":{"line":132,"column":14}},"68":{"start":{"line":133,"column":12},"end":{"line":133,"column":67}},"69":{"start":{"line":133,"column":30},"end":{"line":133,"column":67}},"70":{"start":{"line":134,"column":25},"end":{"line":134,"column":46}},"71":{"start":{"line":135,"column":28},"end":{"line":135,"column":59}},"72":{"start":{"line":136,"column":12},"end":{"line":136,"column":106}},"73":{"start":{"line":136,"column":34},"end":{"line":136,"column":104}},"74":{"start":{"line":138,"column":12},"end":{"line":138,"column":49}},"75":{"start":{"line":139,"column":12},"end":{"line":139,"column":163}},"76":{"start":{"line":139,"column":34},"end":{"line":139,"column":161}},"77":{"start":{"line":141,"column":12},"end":{"line":141,"column":33}},"78":{"start":{"line":145,"column":28},"end":{"line":150,"column":5}},"79":{"start":{"line":146,"column":8},"end":{"line":149,"column":9}},"80":{"start":{"line":147,"column":12},"end":{"line":147,"column":31}},"81":{"start":{"line":148,"column":12},"end":{"line":148,"column":28}},"82":{"start":{"line":152,"column":24},"end":{"line":170,"column":5}},"83":{"start":{"line":153,"column":8},"end":{"line":153,"column":51}},"84":{"start":{"line":153,"column":44},"end":{"line":153,"column":51}},"85":{"start":{"line":154,"column":8},"end":{"line":154,"column":27}},"86":{"start":{"line":155,"column":8},"end":{"line":169,"column":9}},"87":{"start":{"line":156,"column":12},"end":{"line":162,"column":15}},"88":{"start":{"line":163,"column":12},"end":{"line":163,"column":30}},"89":{"start":{"line":164,"column":12},"end":{"line":164,"column":28}},"90":{"start":{"line":166,"column":12},"end":{"line":166,"column":58}},"91":{"start":{"line":168,"column":12},"end":{"line":168,"column":32}},"92":{"start":{"line":172,"column":26},"end":{"line":177,"column":5}},"93":{"start":{"line":173,"column":8},"end":{"line":176,"column":9}},"94":{"start":{"line":174,"column":12},"end":{"line":174,"column":31}},"95":{"start":{"line":175,"column":12},"end":{"line":175,"column":26}},"96":{"start":{"line":179,"column":23},"end":{"line":183,"column":5}},"97":{"start":{"line":180,"column":8},"end":{"line":180,"column":35}},"98":{"start":{"line":181,"column":8},"end":{"line":181,"column":24}},"99":{"start":{"line":182,"column":8},"end":{"line":182,"column":22}},"100":{"start":{"line":185,"column":22},"end":{"line":185,"column":60}},"101":{"start":{"line":188,"column":4},"end":{"line":273,"column":5}},"102":{"start":{"line":189,"column":8},"end":{"line":272,"column":10}},"103":{"start":{"line":194,"column":39},"end":{"line":194,"column":57}},"104":{"start":{"line":211,"column":24},"end":{"line":229,"column":30}},"105":{"start":{"line":253,"column":45},"end":{"line":253,"column":71}},"106":{"start":{"line":276,"column":4},"end":{"line":330,"column":5}},"107":{"start":{"line":277,"column":8},"end":{"line":329,"column":10}},"108":{"start":{"line":288,"column":39},"end":{"line":288,"column":55}},"109":{"start":{"line":300,"column":47},"end":{"line":300,"column":86}},"110":{"start":{"line":301,"column":41},"end":{"line":301,"column":63}},"111":{"start":{"line":302,"column":24},"end":{"line":322,"column":26}},"112":{"start":{"line":305,"column":47},"end":{"line":305,"column":78}},"113":{"start":{"line":334,"column":4},"end":{"line":422,"column":6}},"114":{"start":{"line":353,"column":35},"end":{"line":353,"column":51}},"115":{"start":{"line":373,"column":38},"end":{"line":373,"column":66}},"116":{"start":{"line":374,"column":24},"end":{"line":392,"column":26}},"117":{"start":{"line":403,"column":41},"end":{"line":403,"column":70}}},"fnMap":{"0":{"name":"getChannel","decl":{"start":{"line":10,"column":9},"end":{"line":10,"column":19}},"loc":{"start":{"line":10,"column":34},"end":{"line":12,"column":1}},"line":10},"1":{"name":"LiveChat","decl":{"start":{"line":33,"column":24},"end":{"line":33,"column":32}},"loc":{"start":{"line":33,"column":58},"end":{"line":423,"column":1}},"line":33},"2":{"name":"(anonymous_2)","decl":{"start":{"line":59,"column":38},"end":{"line":59,"column":39}},"loc":{"start":{"line":59,"column":50},"end":{"line":67,"column":5}},"line":59},"3":{"name":"(anonymous_3)","decl":{"start":{"line":70,"column":36},"end":{"line":70,"column":37}},"loc":{"start":{"line":70,"column":48},"end":{"line":84,"column":5}},"line":70},"4":{"name":"(anonymous_4)","decl":{"start":{"line":78,"column":48},"end":{"line":78,"column":49}},"loc":{"start":{"line":78,"column":53},"end":{"line":78,"column":79}},"line":78},"5":{"name":"(anonymous_5)","decl":{"start":{"line":87,"column":14},"end":{"line":87,"column":15}},"loc":{"start":{"line":87,"column":20},"end":{"line":99,"column":5}},"line":87},"6":{"name":"(anonymous_6)","decl":{"start":{"line":96,"column":15},"end":{"line":96,"column":16}},"loc":{"start":{"line":96,"column":21},"end":{"line":98,"column":9}},"line":96},"7":{"name":"(anonymous_7)","decl":{"start":{"line":102,"column":14},"end":{"line":102,"column":15}},"loc":{"start":{"line":102,"column":20},"end":{"line":104,"column":5}},"line":102},"8":{"name":"(anonymous_8)","decl":{"start":{"line":107,"column":14},"end":{"line":107,"column":15}},"loc":{"start":{"line":107,"column":20},"end":{"line":109,"column":5}},"line":107},"9":{"name":"(anonymous_9)","decl":{"start":{"line":111,"column":26},"end":{"line":111,"column":27}},"loc":{"start":{"line":111,"column":38},"end":{"line":143,"column":5}},"line":111},"10":{"name":"(anonymous_10)","decl":{"start":{"line":115,"column":22},"end":{"line":115,"column":23}},"loc":{"start":{"line":115,"column":30},"end":{"line":115,"column":48}},"line":115},"11":{"name":"(anonymous_11)","decl":{"start":{"line":119,"column":66},"end":{"line":119,"column":67}},"loc":{"start":{"line":119,"column":72},"end":{"line":119,"column":108}},"line":119},"12":{"name":"(anonymous_12)","decl":{"start":{"line":136,"column":26},"end":{"line":136,"column":27}},"loc":{"start":{"line":136,"column":34},"end":{"line":136,"column":104}},"line":136},"13":{"name":"(anonymous_13)","decl":{"start":{"line":139,"column":26},"end":{"line":139,"column":27}},"loc":{"start":{"line":139,"column":34},"end":{"line":139,"column":161}},"line":139},"14":{"name":"(anonymous_14)","decl":{"start":{"line":145,"column":28},"end":{"line":145,"column":29}},"loc":{"start":{"line":145,"column":35},"end":{"line":150,"column":5}},"line":145},"15":{"name":"(anonymous_15)","decl":{"start":{"line":152,"column":24},"end":{"line":152,"column":25}},"loc":{"start":{"line":152,"column":36},"end":{"line":170,"column":5}},"line":152},"16":{"name":"(anonymous_16)","decl":{"start":{"line":172,"column":26},"end":{"line":172,"column":27}},"loc":{"start":{"line":172,"column":33},"end":{"line":177,"column":5}},"line":172},"17":{"name":"(anonymous_17)","decl":{"start":{"line":179,"column":23},"end":{"line":179,"column":24}},"loc":{"start":{"line":179,"column":29},"end":{"line":183,"column":5}},"line":179},"18":{"name":"(anonymous_18)","decl":{"start":{"line":194,"column":33},"end":{"line":194,"column":34}},"loc":{"start":{"line":194,"column":39},"end":{"line":194,"column":57}},"line":194},"19":{"name":"(anonymous_19)","decl":{"start":{"line":210,"column":36},"end":{"line":210,"column":37}},"loc":{"start":{"line":211,"column":24},"end":{"line":229,"column":30}},"line":211},"20":{"name":"(anonymous_20)","decl":{"start":{"line":253,"column":38},"end":{"line":253,"column":39}},"loc":{"start":{"line":253,"column":45},"end":{"line":253,"column":71}},"line":253},"21":{"name":"(anonymous_21)","decl":{"start":{"line":288,"column":33},"end":{"line":288,"column":34}},"loc":{"start":{"line":288,"column":39},"end":{"line":288,"column":55}},"line":288},"22":{"name":"(anonymous_22)","decl":{"start":{"line":299,"column":36},"end":{"line":299,"column":37}},"loc":{"start":{"line":299,"column":51},"end":{"line":323,"column":21}},"line":299},"23":{"name":"(anonymous_23)","decl":{"start":{"line":305,"column":41},"end":{"line":305,"column":42}},"loc":{"start":{"line":305,"column":47},"end":{"line":305,"column":78}},"line":305},"24":{"name":"(anonymous_24)","decl":{"start":{"line":353,"column":29},"end":{"line":353,"column":30}},"loc":{"start":{"line":353,"column":35},"end":{"line":353,"column":51}},"line":353},"25":{"name":"(anonymous_25)","decl":{"start":{"line":372,"column":33},"end":{"line":372,"column":34}},"loc":{"start":{"line":372,"column":42},"end":{"line":393,"column":21}},"line":372},"26":{"name":"(anonymous_26)","decl":{"start":{"line":403,"column":34},"end":{"line":403,"column":35}},"loc":{"start":{"line":403,"column":41},"end":{"line":403,"column":70}},"line":403}},"branchMap":{"0":{"loc":{"start":{"line":53,"column":23},"end":{"line":53,"column":49}},"type":"binary-expr","locations":[{"start":{"line":53,"column":23},"end":{"line":53,"column":43}},{"start":{"line":53,"column":47},"end":{"line":53,"column":49}}],"line":53},"1":{"loc":{"start":{"line":56,"column":20},"end":{"line":56,"column":86}},"type":"cond-expr","locations":[{"start":{"line":56,"column":40},"end":{"line":56,"column":79}},{"start":{"line":56,"column":82},"end":{"line":56,"column":86}}],"line":56},"2":{"loc":{"start":{"line":60,"column":8},"end":{"line":60,"column":29}},"type":"if","locations":[{"start":{"line":60,"column":8},"end":{"line":60,"column":29}},{"start":{},"end":{}}],"line":60},"3":{"loc":{"start":{"line":63,"column":24},"end":{"line":63,"column":43}},"type":"binary-expr","locations":[{"start":{"line":63,"column":24},"end":{"line":63,"column":37}},{"start":{"line":63,"column":41},"end":{"line":63,"column":43}}],"line":63},"4":{"loc":{"start":{"line":76,"column":29},"end":{"line":76,"column":48}},"type":"binary-expr","locations":[{"start":{"line":76,"column":29},"end":{"line":76,"column":42}},{"start":{"line":76,"column":46},"end":{"line":76,"column":48}}],"line":76},"5":{"loc":{"start":{"line":88,"column":8},"end":{"line":88,"column":60}},"type":"if","locations":[{"start":{"line":88,"column":8},"end":{"line":88,"column":60}},{"start":{},"end":{}}],"line":88},"6":{"loc":{"start":{"line":89,"column":8},"end":{"line":95,"column":9}},"type":"if","locations":[{"start":{"line":89,"column":8},"end":{"line":95,"column":9}},{"start":{"line":92,"column":15},"end":{"line":95,"column":9}}],"line":89},"7":{"loc":{"start":{"line":97,"column":12},"end":{"line":97,"column":64}},"type":"if","locations":[{"start":{"line":97,"column":12},"end":{"line":97,"column":64}},{"start":{},"end":{}}],"line":97},"8":{"loc":{"start":{"line":113,"column":8},"end":{"line":113,"column":40}},"type":"if","locations":[{"start":{"line":113,"column":8},"end":{"line":113,"column":40}},{"start":{},"end":{}}],"line":113},"9":{"loc":{"start":{"line":113,"column":12},"end":{"line":113,"column":31}},"type":"binary-expr","locations":[{"start":{"line":113,"column":12},"end":{"line":113,"column":17}},{"start":{"line":113,"column":21},"end":{"line":113,"column":31}}],"line":113},"10":{"loc":{"start":{"line":133,"column":12},"end":{"line":133,"column":67}},"type":"if","locations":[{"start":{"line":133,"column":12},"end":{"line":133,"column":67}},{"start":{},"end":{}}],"line":133},"11":{"loc":{"start":{"line":146,"column":8},"end":{"line":149,"column":9}},"type":"if","locations":[{"start":{"line":146,"column":8},"end":{"line":149,"column":9}},{"start":{},"end":{}}],"line":146},"12":{"loc":{"start":{"line":146,"column":12},"end":{"line":146,"column":44}},"type":"binary-expr","locations":[{"start":{"line":146,"column":12},"end":{"line":146,"column":29}},{"start":{"line":146,"column":33},"end":{"line":146,"column":44}}],"line":146},"13":{"loc":{"start":{"line":153,"column":8},"end":{"line":153,"column":51}},"type":"if","locations":[{"start":{"line":153,"column":8},"end":{"line":153,"column":51}},{"start":{},"end":{}}],"line":153},"14":{"loc":{"start":{"line":153,"column":12},"end":{"line":153,"column":42}},"type":"binary-expr","locations":[{"start":{"line":153,"column":12},"end":{"line":153,"column":30}},{"start":{"line":153,"column":34},"end":{"line":153,"column":42}}],"line":153},"15":{"loc":{"start":{"line":173,"column":8},"end":{"line":176,"column":9}},"type":"if","locations":[{"start":{"line":173,"column":8},"end":{"line":176,"column":9}},{"start":{},"end":{}}],"line":173},"16":{"loc":{"start":{"line":173,"column":12},"end":{"line":173,"column":44}},"type":"binary-expr","locations":[{"start":{"line":173,"column":12},"end":{"line":173,"column":29}},{"start":{"line":173,"column":33},"end":{"line":173,"column":44}}],"line":173},"17":{"loc":{"start":{"line":185,"column":22},"end":{"line":185,"column":60}},"type":"binary-expr","locations":[{"start":{"line":185,"column":22},"end":{"line":185,"column":43}},{"start":{"line":185,"column":47},"end":{"line":185,"column":60}}],"line":185},"18":{"loc":{"start":{"line":188,"column":4},"end":{"line":273,"column":5}},"type":"if","locations":[{"start":{"line":188,"column":4},"end":{"line":273,"column":5}},{"start":{},"end":{}}],"line":188},"19":{"loc":{"start":{"line":211,"column":61},"end":{"line":211,"column":114}},"type":"cond-expr","locations":[{"start":{"line":211,"column":83},"end":{"line":211,"column":96}},{"start":{"line":211,"column":99},"end":{"line":211,"column":114}}],"line":211},"20":{"loc":{"start":{"line":212,"column":29},"end":{"line":216,"column":29}},"type":"binary-expr","locations":[{"start":{"line":212,"column":29},"end":{"line":212,"column":53}},{"start":{"line":213,"column":32},"end":{"line":215,"column":38}}],"line":212},"21":{"loc":{"start":{"line":218,"column":32},"end":{"line":220,"column":81}},"type":"cond-expr","locations":[{"start":{"line":219,"column":38},"end":{"line":219,"column":77}},{"start":{"line":220,"column":38},"end":{"line":220,"column":81}}],"line":218},"22":{"loc":{"start":{"line":224,"column":29},"end":{"line":228,"column":29}},"type":"binary-expr","locations":[{"start":{"line":224,"column":29},"end":{"line":224,"column":48}},{"start":{"line":225,"column":32},"end":{"line":227,"column":38}}],"line":224},"23":{"loc":{"start":{"line":231,"column":21},"end":{"line":244,"column":21}},"type":"binary-expr","locations":[{"start":{"line":231,"column":21},"end":{"line":231,"column":31}},{"start":{"line":232,"column":24},"end":{"line":243,"column":30}}],"line":231},"24":{"loc":{"start":{"line":262,"column":38},"end":{"line":262,"column":67}},"type":"binary-expr","locations":[{"start":{"line":262,"column":38},"end":{"line":262,"column":48}},{"start":{"line":262,"column":52},"end":{"line":262,"column":67}}],"line":262},"25":{"loc":{"start":{"line":276,"column":4},"end":{"line":330,"column":5}},"type":"if","locations":[{"start":{"line":276,"column":4},"end":{"line":330,"column":5}},{"start":{},"end":{}}],"line":276},"26":{"loc":{"start":{"line":300,"column":47},"end":{"line":300,"column":86}},"type":"binary-expr","locations":[{"start":{"line":300,"column":47},"end":{"line":300,"column":69}},{"start":{"line":300,"column":73},"end":{"line":300,"column":86}}],"line":300},"27":{"loc":{"start":{"line":301,"column":41},"end":{"line":301,"column":63}},"type":"binary-expr","locations":[{"start":{"line":301,"column":41},"end":{"line":301,"column":58}},{"start":{"line":301,"column":62},"end":{"line":301,"column":63}}],"line":301},"28":{"loc":{"start":{"line":312,"column":73},"end":{"line":312,"column":108}},"type":"binary-expr","locations":[{"start":{"line":312,"column":73},"end":{"line":312,"column":95}},{"start":{"line":312,"column":99},"end":{"line":312,"column":108}}],"line":312},"29":{"loc":{"start":{"line":315,"column":33},"end":{"line":319,"column":33}},"type":"binary-expr","locations":[{"start":{"line":315,"column":33},"end":{"line":315,"column":45}},{"start":{"line":316,"column":36},"end":{"line":318,"column":43}}],"line":315},"30":{"loc":{"start":{"line":317,"column":41},"end":{"line":317,"column":71}},"type":"cond-expr","locations":[{"start":{"line":317,"column":56},"end":{"line":317,"column":60}},{"start":{"line":317,"column":63},"end":{"line":317,"column":71}}],"line":317},"31":{"loc":{"start":{"line":326,"column":79},"end":{"line":326,"column":112}},"type":"binary-expr","locations":[{"start":{"line":326,"column":79},"end":{"line":326,"column":100}},{"start":{"line":326,"column":104},"end":{"line":326,"column":112}}],"line":326},"32":{"loc":{"start":{"line":345,"column":56},"end":{"line":345,"column":103}},"type":"binary-expr","locations":[{"start":{"line":345,"column":56},"end":{"line":345,"column":86}},{"start":{"line":345,"column":90},"end":{"line":345,"column":103}}],"line":345},"33":{"loc":{"start":{"line":349,"column":74},"end":{"line":349,"column":125}},"type":"binary-expr","locations":[{"start":{"line":349,"column":74},"end":{"line":349,"column":104}},{"start":{"line":349,"column":108},"end":{"line":349,"column":125}}],"line":349},"34":{"loc":{"start":{"line":365,"column":17},"end":{"line":394,"column":17}},"type":"cond-expr","locations":[{"start":{"line":366,"column":20},"end":{"line":370,"column":26}},{"start":{"line":372,"column":20},"end":{"line":393,"column":22}}],"line":365},"35":{"loc":{"start":{"line":375,"column":65},"end":{"line":375,"column":104}},"type":"cond-expr","locations":[{"start":{"line":375,"column":73},"end":{"line":375,"column":86}},{"start":{"line":375,"column":89},"end":{"line":375,"column":104}}],"line":375},"36":{"loc":{"start":{"line":377,"column":36},"end":{"line":379,"column":85}},"type":"cond-expr","locations":[{"start":{"line":378,"column":42},"end":{"line":378,"column":81}},{"start":{"line":379,"column":42},"end":{"line":379,"column":85}}],"line":377},"37":{"loc":{"start":{"line":381,"column":37},"end":{"line":385,"column":37}},"type":"binary-expr","locations":[{"start":{"line":381,"column":37},"end":{"line":381,"column":43}},{"start":{"line":382,"column":40},"end":{"line":384,"column":44}}],"line":381},"38":{"loc":{"start":{"line":383,"column":45},"end":{"line":383,"column":92}},"type":"binary-expr","locations":[{"start":{"line":383,"column":45},"end":{"line":383,"column":73}},{"start":{"line":383,"column":77},"end":{"line":383,"column":92}}],"line":383},"39":{"loc":{"start":{"line":387,"column":70},"end":{"line":387,"column":123}},"type":"cond-expr","locations":[{"start":{"line":387,"column":78},"end":{"line":387,"column":104}},{"start":{"line":387,"column":107},"end":{"line":387,"column":123}}],"line":387},"40":{"loc":{"start":{"line":405,"column":48},"end":{"line":405,"column":99}},"type":"binary-expr","locations":[{"start":{"line":405,"column":48},"end":{"line":405,"column":78}},{"start":{"line":405,"column":82},"end":{"line":405,"column":99}}],"line":405},"41":{"loc":{"start":{"line":412,"column":34},"end":{"line":412,"column":65}},"type":"binary-expr","locations":[{"start":{"line":412,"column":34},"end":{"line":412,"column":43}},{"start":{"line":412,"column":47},"end":{"line":412,"column":65}}],"line":412}},"s":{"0":0,"1":0,"2":0,"3":0,"4":0,"5":0,"6":0,"7":0,"8":0,"9":0,"10":0,"11":0,"12":0,"13":0,"14":0,"15":0,"16":0,"17":0,"18":0,"19":0,"20":0,"21":0,"22":0,"23":0,"24":0,"25":0,"26":0,"27":0,"28":0,"29":0,"30":0,"31":0,"32":0,"33":0,"34":0,"35":0,"36":0,"37":0,"38":0,"39":0,"40":0,"41":0,"42":0,"43":0,"44":0,"45":0,"46":0,"47":0,"48":0,"49":0,"50":0,"51":0,"52":0,"53":0,"54":0,"55":0,"56":0,"57":0,"58":0,"59":0,"60":0,"61":0,"62":0,"63":0,"64":0,"65":0,"66":0,"67":0,"68":0,"69":0,"70":0,"71":0,"72":0,"73":0,"74":0,"75":0,"76":0,"77":0,"78":0,"79":0,"80":0,"81":0,"82":0,"83":0,"84":0,"85":0,"86":0,"87":0,"88":0,"89":0,"90":0,"91":0,"92":0,"93":0,"94":0,"95":0,"96":0,"97":0,"98":0,"99":0,"100":0,"101":0,"102":0,"103":0,"104":0,"105":0,"106":0,"107":0,"108":0,"109":0,"110":0,"111":0,"112":0,"113":0,"114":0,"115":0,"116":0,"117":0},"f":{"0":0,"1":0,"2":0,"3":0,"4":0,"5":0,"6":0,"7":0,"8":0,"9":0,"10":0,"11":0,"12":0,"13":0,"14":0,"15":0,"16":0,"17":0,"18":0,"19":0,"20":0,"21":0,"22":0,"23":0,"24":0,"25":0,"26":0},"b":{"0":[0,0],"1":[0,0],"2":[0,0],"3":[0,0],"4":[0,0],"5":[0,0],"6":[0,0],"7":[0,0],"8":[0,0],"9":[0,0],"10":[0,0],"11":[0,0],"12":[0,0],"13":[0,0],"14":[0,0],"15":[0,0],"16":[0,0],"17":[0,0],"18":[0,0],"19":[0,0],"20":[0,0],"21":[0,0],"22":[0,0],"23":[0,0],"24":[0,0],"25":[0,0],"26":[0,0],"27":[0,0],"28":[0,0],"29":[0,0],"30":[0,0],"31":[0,0],"32":[0,0],"33":[0,0],"34":[0,0],"35":[0,0],"36":[0,0],"37":[0,0],"38":[0,0],"39":[0,0],"40":[0,0],"41":[0,0]}}
,"/home/runner/work/nestle-finance-command/nestle-finance-command/frontend/src/components/Login.jsx": {"path":"/home/runner/work/nestle-finance-command/nestle-finance-command/frontend/src/components/Login.jsx","statementMap":{"0":{"start":{"line":5,"column":42},"end":{"line":5,"column":56}},"1":{"start":{"line":6,"column":30},"end":{"line":6,"column":42}},"2":{"start":{"line":7,"column":36},"end":{"line":7,"column":48}},"3":{"start":{"line":8,"column":28},"end":{"line":8,"column":48}},"4":{"start":{"line":9,"column":30},"end":{"line":9,"column":42}},"5":{"start":{"line":10,"column":40},"end":{"line":10,"column":52}},"6":{"start":{"line":11,"column":34},"end":{"line":11,"column":49}},"7":{"start":{"line":13,"column":25},"end":{"line":40,"column":5}},"8":{"start":{"line":14,"column":8},"end":{"line":14,"column":27}},"9":{"start":{"line":15,"column":8},"end":{"line":15,"column":25}},"10":{"start":{"line":15,"column":26},"end":{"line":15,"column":39}},"11":{"start":{"line":15,"column":40},"end":{"line":15,"column":58}},"12":{"start":{"line":17,"column":8},"end":{"line":39,"column":9}},"13":{"start":{"line":18,"column":12},"end":{"line":27,"column":13}},"14":{"start":{"line":19,"column":28},"end":{"line":19,"column":140}},"15":{"start":{"line":20,"column":16},"end":{"line":20,"column":61}},"16":{"start":{"line":20,"column":38},"end":{"line":20,"column":61}},"17":{"start":{"line":22,"column":28},"end":{"line":22,"column":149}},"18":{"start":{"line":23,"column":16},"end":{"line":26,"column":17}},"19":{"start":{"line":24,"column":20},"end":{"line":24,"column":84}},"20":{"start":{"line":25,"column":20},"end":{"line":25,"column":41}},"21":{"start":{"line":25,"column":42},"end":{"line":25,"column":58}},"22":{"start":{"line":30,"column":30},"end":{"line":30,"column":101}},"23":{"start":{"line":31,"column":12},"end":{"line":31,"column":69}},"24":{"start":{"line":33,"column":12},"end":{"line":36,"column":14}},"25":{"start":{"line":38,"column":12},"end":{"line":38,"column":30}},"26":{"start":{"line":42,"column":4},"end":{"line":266,"column":6}},"27":{"start":{"line":115,"column":53},"end":{"line":115,"column":77}},"28":{"start":{"line":136,"column":53},"end":{"line":136,"column":80}},"29":{"start":{"line":151,"column":51},"end":{"line":151,"column":70}},"30":{"start":{"line":161,"column":51},"end":{"line":161,"column":69}},"31":{"start":{"line":171,"column":51},"end":{"line":171,"column":71}},"32":{"start":{"line":206,"column":36},"end":{"line":206,"column":65}},"33":{"start":{"line":207,"column":36},"end":{"line":207,"column":49}},"34":{"start":{"line":208,"column":36},"end":{"line":208,"column":54}}},"fnMap":{"0":{"name":"Login","decl":{"start":{"line":4,"column":24},"end":{"line":4,"column":29}},"loc":{"start":{"line":4,"column":43},"end":{"line":267,"column":1}},"line":4},"1":{"name":"(anonymous_1)","decl":{"start":{"line":13,"column":25},"end":{"line":13,"column":26}},"loc":{"start":{"line":13,"column":38},"end":{"line":40,"column":5}},"line":13},"2":{"name":"(anonymous_2)","decl":{"start":{"line":115,"column":46},"end":{"line":115,"column":47}},"loc":{"start":{"line":115,"column":53},"end":{"line":115,"column":77}},"line":115},"3":{"name":"(anonymous_3)","decl":{"start":{"line":136,"column":46},"end":{"line":136,"column":47}},"loc":{"start":{"line":136,"column":53},"end":{"line":136,"column":80}},"line":136},"4":{"name":"(anonymous_4)","decl":{"start":{"line":151,"column":45},"end":{"line":151,"column":46}},"loc":{"start":{"line":151,"column":51},"end":{"line":151,"column":70}},"line":151},"5":{"name":"(anonymous_5)","decl":{"start":{"line":161,"column":45},"end":{"line":161,"column":46}},"loc":{"start":{"line":161,"column":51},"end":{"line":161,"column":69}},"line":161},"6":{"name":"(anonymous_6)","decl":{"start":{"line":171,"column":45},"end":{"line":171,"column":46}},"loc":{"start":{"line":171,"column":51},"end":{"line":171,"column":71}},"line":171},"7":{"name":"(anonymous_7)","decl":{"start":{"line":205,"column":41},"end":{"line":205,"column":42}},"loc":{"start":{"line":205,"column":47},"end":{"line":209,"column":33}},"line":205}},"branchMap":{"0":{"loc":{"start":{"line":18,"column":12},"end":{"line":27,"column":13}},"type":"if","locations":[{"start":{"line":18,"column":12},"end":{"line":27,"column":13}},{"start":{"line":21,"column":19},"end":{"line":27,"column":13}}],"line":18},"1":{"loc":{"start":{"line":20,"column":16},"end":{"lin
[...]
:1293,"column":145}},"type":"cond-expr","locations":[{"start":{"line":1293,"column":71},"end":{"line":1293,"column":106}},{"start":{"line":1293,"column":109},"end":{"line":1293,"column":145}}],"line":1293},"185":{"loc":{"start":{"line":1293,"column":148},"end":{"line":1293,"column":187}},"type":"cond-expr","locations":[{"start":{"line":1293,"column":162},"end":{"line":1293,"column":173}},{"start":{"line":1293,"column":176},"end":{"line":1293,"column":187}}],"line":1293},"186":{"loc":{"start":{"line":1300,"column":98},"end":{"line":1300,"column":189}},"type":"cond-expr","locations":[{"start":{"line":1300,"column":120},"end":{"line":1300,"column":136}},{"start":{"line":1300,"column":139},"end":{"line":1300,"column":189}}],"line":1300},"187":{"loc":{"start":{"line":1300,"column":139},"end":{"line":1300,"column":189}},"type":"cond-expr","locations":[{"start":{"line":1300,"column":161},"end":{"line":1300,"column":174}},{"start":{"line":1300,"column":177},"end":{"line":1300,"column":189}}],"line":1300},"188":{"loc":{"start":{"line":1308,"column":171},"end":{"line":1308,"column":306}},"type":"cond-expr","locations":[{"start":{"line":1308,"column":193},"end":{"line":1308,"column":226}},{"start":{"line":1308,"column":229},"end":{"line":1308,"column":306}}],"line":1308},"189":{"loc":{"start":{"line":1308,"column":229},"end":{"line":1308,"column":306}},"type":"cond-expr","locations":[{"start":{"line":1308,"column":251},"end":{"line":1308,"column":278}},{"start":{"line":1308,"column":281},"end":{"line":1308,"column":306}}],"line":1308},"190":{"loc":{"start":{"line":1309,"column":53},"end":{"line":1309,"column":166}},"type":"cond-expr","locations":[{"start":{"line":1309,"column":75},"end":{"line":1309,"column":119}},{"start":{"line":1309,"column":122},"end":{"line":1309,"column":166}}],"line":1309},"191":{"loc":{"start":{"line":1314,"column":49},"end":{"line":1322,"column":49}},"type":"cond-expr","locations":[{"start":{"line":1315,"column":52},"end":{"line":1317,"column":58}},{"start":{"line":1319,"column":52},"end":{"line":1321,"column":58}}],"line":1314},"192":{"loc":{"start":{"line":1327,"column":94},"end":{"line":1327,"column":128}},"type":"binary-expr","locations":[{"start":{"line":1327,"column":94},"end":{"line":1327,"column":123}},{"start":{"line":1327,"column":127},"end":{"line":1327,"column":128}}],"line":1327},"193":{"loc":{"start":{"line":1329,"column":49},"end":{"line":1336,"column":49}},"type":"binary-expr","locations":[{"start":{"line":1329,"column":50},"end":{"line":1329,"column":83}},{"start":{"line":1329,"column":87},"end":{"line":1329,"column":124}},{"start":{"line":1330,"column":52},"end":{"line":1335,"column":61}}],"line":1329},"194":{"loc":{"start":{"line":1362,"column":154},"end":{"line":1362,"column":292}},"type":"cond-expr","locations":[{"start":{"line":1362,"column":166},"end":{"line":1362,"column":217}},{"start":{"line":1362,"column":220},"end":{"line":1362,"column":292}}],"line":1362},"195":{"loc":{"start":{"line":1365,"column":37},"end":{"line":1365,"column":137}},"type":"cond-expr","locations":[{"start":{"line":1365,"column":49},"end":{"line":1365,"column":93}},{"start":{"line":1365,"column":96},"end":{"line":1365,"column":137}}],"line":1365},"196":{"loc":{"start":{"line":1372,"column":29},"end":{"line":1387,"column":29}},"type":"binary-expr","locations":[{"start":{"line":1372,"column":29},"end":{"line":1372,"column":39}},{"start":{"line":1373,"column":32},"end":{"line":1386,"column":38}}],"line":1372},"197":{"loc":{"start":{"line":1382,"column":106},"end":{"line":1382,"column":205}},"type":"cond-expr","locations":[{"start":{"line":1382,"column":132},"end":{"line":1382,"column":148}},{"start":{"line":1382,"column":151},"end":{"line":1382,"column":205}}],"line":1382},"198":{"loc":{"start":{"line":1382,"column":151},"end":{"line":1382,"column":205}},"type":"cond-expr","locations":[{"start":{"line":1382,"column":175},"end":{"line":1382,"column":189}},{"start":{"line":1382,"column":192},"end":{"line":1382,"column":205}}],"line":1382},"199":{"loc":{"start":{"line":1388,"column":29},"end":{"line":1392,"column":29}},"type":"binary-expr","locations":[{"start":{"line":1388,"column":29},"end":{"line":1388,"column":38}},{"start":{"line":1389,"column":32},"end":{"line":1391,"column":38}}],"line":1388},"200":{"loc":{"start":{"line":1416,"column":33},"end":{"line":1425,"column":33}},"type":"binary-expr","locations":[{"start":{"line":1416,"column":33},"end":{"line":1416,"column":41}},{"start":{"line":1417,"column":36},"end":{"line":1424,"column":45}}],"line":1416},"201":{"loc":{"start":{"line":1423,"column":41},"end":{"line":1423,"column":94}},"type":"cond-expr","locations":[{"start":{"line":1423,"column":54},"end":{"line":1423,"column":67}},{"start":{"line":1423,"column":70},"end":{"line":1423,"column":94}}],"line":1423},"202":{"loc":{"start":{"line":1426,"column":33},"end":{"line":1435,"column":33}},"type":"binary-expr","locations":[{"start":{"line":1426,"column":33},"end":{"line":1426,"column":53}},{"start":{"line":1427,"column":36},"end":{"line":1434,"column":45}}],"line":1426},"203":{"loc":{"start":{"line":1433,"column":41},"end":{"line":1433,"column":110}},"type":"cond-expr","locations":[{"start":{"line":1433,"column":55},"end":{"line":1433,"column":69}},{"start":{"line":1433,"column":72},"end":{"line":1433,"column":110}}],"line":1433},"204":{"loc":{"start":{"line":1450,"column":142},"end":{"line":1450,"column":345}},"type":"cond-expr","locations":[{"start":{"line":1450,"column":155},"end":{"line":1450,"column":199}},{"start":{"line":1450,"column":202},"end":{"line":1450,"column":345}}],"line":1450},"205":{"loc":{"start":{"line":1450,"column":202},"end":{"line":1450,"column":345}},"type":"cond-expr","locations":[{"start":{"line":1450,"column":212},"end":{"line":1450,"column":231}},{"start":{"line":1450,"column":234},"end":{"line":1450,"column":345}}],"line":1450},"206":{"loc":{"start":{"line":1450,"column":234},"end":{"line":1450,"column":345}},"type":"cond-expr","locations":[{"start":{"line":1450,"column":243},"end":{"line":1450,"column":264}},{"start":{"line":1450,"column":267},"end":{"line":1450,"column":345}}],"line":1450},"207":{"loc":{"start":{"line":1450,"column":267},"end":{"line":1450,"column":345}},"type":"cond-expr","locations":[{"start":{"line":1450,"column":279},"end":{"line":1450,"column":319}},{"start":{"line":1450,"column":322},"end":{"line":1450,"column":345}}],"line":1450},"208":{"loc":{"start":{"line":1458,"column":57},"end":{"line":1462,"column":57}},"type":"binary-expr","locations":[{"start":{"line":1458,"column":57},"end":{"line":1458,"column":67}},{"start":{"line":1459,"column":60},"end":{"line":1461,"column":67}}],"line":1458},"209":{"loc":{"start":{"line":1465,"column":66},"end":{"line":1465,"column":111}},"type":"cond-expr","locations":[{"start":{"line":1465,"column":78},"end":{"line":1465,"column":89}},{"start":{"line":1465,"column":92},"end":{"line":1465,"column":111}}],"line":1465},"210":{"loc":{"start":{"line":1479,"column":63},"end":{"line":1479,"column":91}},"type":"binary-expr","locations":[{"start":{"line":1479,"column":63},"end":{"line":1479,"column":85}},{"start":{"line":1479,"column":89},"end":{"line":1479,"column":91}}],"line":1479},"211":{"loc":{"start":{"line":1482,"column":165},"end":{"line":1482,"column":238}},"type":"cond-expr","locations":[{"start":{"line":1482,"column":175},"end":{"line":1482,"column":189}},{"start":{"line":1482,"column":192},"end":{"line":1482,"column":238}}],"line":1482},"212":{"loc":{"start":{"line":1482,"column":192},"end":{"line":1482,"column":238}},"type":"cond-expr","locations":[{"start":{"line":1482,"column":201},"end":{"line":1482,"column":217}},{"start":{"line":1482,"column":220},"end":{"line":1482,"column":238}}],"line":1482},"213":{"loc":{"start":{"line":1493,"column":45},"end":{"line":1515,"column":45}},"type":"binary-expr","locations":[{"start":{"line":1493,"column":45},"end":{"line":1493,"column":71}},{"start":{"line":1494,"column":48},"end":{"line":1514,"column":54}}],"line":1493},"214":{"loc":{"start":{"line":1517,"column":45},"end":{"line":1545,"column":45}},"type":"binary-expr","locations":[{"start":{"line":1517,"column":45},"end":{"line":1517,"column":52}},{"start":{"line":1518,"column":48},"end":{"line":1544,"column":54}}],"line":1517},"215":{"loc":{"start":{"line":1522,"column":155},"end":{"line":1522,"column":308}},"type":"cond-expr","locations":[{"start":{"line":1522,"column":168},"end":{"line":1522,"column":206}},{"start":{"line":1522,"column":209},"end":{"line":1522,"column":308}}],"line":1522},"216":{"loc":{"start":{"line":1533,"column":166},"end":{"line":1533,"column":361}},"type":"cond-expr","locations":[{"start":{"line":1533,"column":182},"end":{"line":1533,"column":248}},{"start":{"line":1533,"column":251},"end":{"line":1533,"column":361}}],"line":1533},"217":{"loc":{"start":{"line":1535,"column":115},"end":{"line":1535,"column":161}},"type":"cond-expr","locations":[{"start":{"line":1535,"column":131},"end":{"line":1535,"column":147}},{"start":{"line":1535,"column":150},"end":{"line":1535,"column":161}}],"line":1535},"218":{"loc":{"start":{"line":1537,"column":57},"end":{"line":1541,"column":57}},"type":"binary-expr","locations":[{"start":{"line":1537,"column":57},"end":{"line":1537,"column":75}},{"start":{"line":1538,"column":60},"end":{"line":1540,"column":67}}],"line":1537},"219":{"loc":{"start":{"line":1562,"column":29},"end":{"line":1571,"column":29}},"type":"binary-expr","locations":[{"start":{"line":1562,"column":29},"end":{"line":1562,"column":37}},{"start":{"line":1563,"column":32},"end":{"line":1570,"column":41}}],"line":1562},"220":{"loc":{"start":{"line":1569,"column":37},"end":{"line":1569,"column":90}},"type":"cond-expr","locations":[{"start":{"line":1569,"column":50},"end":{"line":1569,"column":63}},{"start":{"line":1569,"column":66},"end":{"line":1569,"column":90}}],"line":1569},"221":{"loc":{"start":{"line":1572,"column":29},"end":{"line":1581,"column":29}},"type":"binary-expr","locations":[{"start":{"line":1572,"column":29},"end":{"line":1572,"column":49}},{"start":{"line":1573,"column":32},"end":{"line":1580,"column":41}}],"line":1572},"222":{"loc":{"start":{"line":1579,"column":37},"end":{"line":1579,"column":106}},"type":"cond-expr","locations":[{"start":{"line":1579,"column":51},"end":{"line":1579,"column":65}},{"start":{"line":1579,"column":68},"end":{"line":1579,"column":106}}],"line":1579},"223":{"loc":{"start":{"line":1589,"column":37},"end":{"line":1589,"column":65}},"type":"binary-expr","locations":[{"start":{"line":1589,"column":37},"end":{"line":1589,"column":48}},{"start":{"line":1589,"column":52},"end":{"line":1589,"column":65}}],"line":1589}},"s":{"0":0,"1":0,"2":0,"3":0,"4":0,"5":0,"6":0,"7":0,"8":0,"9":0,"10":0,"11":0,"12":0,"13":0,"14":0,"15":0,"16":0,"17":0,"18":0,"19":0,"20":0,"21":0,"22":0,"23":0,"24":0,"25":0,"26":0,"27":0,"28":0,"29":0,"30":0,"31":0,"32":0,"33":0,"34":0,"35":0,"36":0,"37":0,"38":0,"39":0,"40":0,"41":0,"42":0,"43":0,"44":0,"45":0,"46":0,"47":0,"48":0,"49":0,"50":0,"51":0,"52":0,"53":0,"54":0,"55":0,"56":0,"57":0,"58":0,"59":0,"60":0,"61":0,"62":0,"63":0,"64":0,"65":0,"66":0,"67":0,"68":0,"69":0,"70":0,"71":0,"72":0,"73":0,"74":0,"75":0,"76":0,"77":0,"78":0,"79":0,"80":0,"81":0,"82":0,"83":0,"84":0,"85":0,"86":0,"87":0,"88":0,"89":0,"90":0,"91":0,"92":0,"93":0,"94":0,"95":0,"96":0,"97":0,"98":0,"99":0,"100":0,"101":0,"102":0,"103":0,"104":0,"105":0,"106":0,"107":0,"108":0,"109":0,"110":0,"111":0,"112":0,"113":0,"114":0,"115":0,"116":0,"117":0,"118":0,"119":0,"120":0,"121":0,"122":0,"123":0,"124":0,"125":0,"126":0,"127":0,"128":0,"129":0,"130":0,"131":0,"132":0,"133":0,"134":0,"135":0,"136":0,"137":0,"138":0,"139":0,"140":0,"141":0,"142":0,"143":0,"144":0,"145":0,"146":0,"147":0,"148":0,"149":0,"150":0,"151":0,"152":0,"153":0,"154":0,"155":0,"156":0,"157":0,"158":0,"159":0,"160":0,"161":0,"162":0,"163":0,"164":0,"165":0,"166":0,"167":0,"168":0,"169":0,"170":0,"171":0,"172":0,"173":0,"174":0,"175":0,"176":0,"177":0,"178":0,"179":0,"180":0,"181":0,"182":0,"183":0,"184":0,"185":0,"186":0,"187":0,"188":0,"189":0,"190":0,"191":0,"192":0,"193":0,"194":0,"195":0,"196":0,"197":0,"198":0,"199":0,"200":0,"201":0,"202":0,"203":0,"204":0,"205":0,"206":0,"207":0,"208":0,"209":0,"210":0,"211":0,"212":0,"213":0,"214":0,"215":0,"216":0,"217":0,"218":0,"219":0,"220":0,"221":0,"222":0,"223":0,"224":0,"225":0,"226":0,"227":0,"228":0,"229":0,"230":0,"231":0,"232":0,"233":0,"234":0,"235":0,"236":0,"237":0,"238":0,"239":0,"240":0,"241":0,"242":0,"243":0,"244":0,"245":0,"246":0,"247":0,"248":0,"249":0,"250":0,"251":0,"252":0,"253":0,"254":0,"255":0,"256":0,"257":0,"258":0,"259":0,"260":0,"261":0,"262":0,"263":0,"264":0,"265":0,"266":0,"267":0,"268":0,"269":0,"270":0,"271":0,"272":0,"273":0,"274":0,"275":0,"276":0,"277":0,"278":0,"279":0,"280":0,"281":0,"282":0,"283":0,"284":0,"285":0,"286":0,"287":0,"288":0,"289":0,"290":0,"291":0,"292":0,"293":0,"294":0,"295":0,"296":0,"297":0,"298":0,"299":0,"300":0,"301":0,"302":0,"303":0,"304":0,"305":0,"306":0,"307":0,"308":0,"309":0,"310":0,"311":0,"312":0,"313":0,"314":0,"315":0,"316":0,"317":0,"318":0,"319":0,"320":0,"321":0,"322":0,"323":0,"324":0,"325":0,"326":0,"327":0,"328":0,"329":0,"330":0,"331":0,"332":0,"333":0,"334":0,"335":0,"336":0,"337":0,"338":0,"339":0,"340":0,"341":0,"342":0,"343":0,"344":0,"345":0,"346":0,"347":0,"348":0,"349":0,"350":0,"351":0,"352":0,"353":0,"354":0,"355":0,"356":0,"357":0,"358":0,"359":0,"360":0,"361":0,"362":0,"363":0,"364":0,"365":0,"366":0,"367":0,"368":0,"369":0,"370":0,"371":0,"372":0,"373":0,"374":0,"375":0,"376":0,"377":0,"378":0,"379":0,"380":0,"381":0,"382":0,"383":0,"384":0,"385":0,"386":0,"387":0,"388":0,"389":0,"390":0,"391":0,"392":0,"393":0,"394":0,"395":0,"396":0,"397":0,"398":0,"399":0,"400":0,"401":0,"402":0,"403":0,"404":0,"405":0,"406":0,"407":0,"408":0,"409":0,"410":0,"411":0,"412":0,"413":0,"414":0,"415":0,"416":0,"417":0,"418":0,"419":0,"420":0,"421":0,"422":0,"423":0,"424":0,"425":0,"426":0,"427":0,"428":0,"429":0,"430":0,"431":0,"432":0,"433":0,"434":0,"435":0,"436":0,"437":0,"438":0,"439":0,"440":0,"441":0,"442":0,"443":0,"444":0,"445":0,"446":0,"447":0,"448":0,"449":0,"450":0,"451":0,"452":0,"453":0,"454":0,"455":0,"456":0,"457":0,"458":0,"459":0,"460":0,"461":0,"462":0,"463":0,"464":0,"465":0,"466":0,"467":0,"468":0,"469":0,"470":0,"471":0,"472":0,"473":0,"474":0,"475":0,"476":0,"477":0,"478":0,"479":0,"480":0,"481":0,"482":0,"483":0,"484":0,"485":0,"486":0,"487":0,"488":0,"489":0,"490":0,"491":0,"492":0,"493":0,"494":0,"495":0,"496":0,"497":0,"498":0,"499":0,"500":0,"501":0,"502":0,"503":0,"504":0,"505":0,"506":0,"507":0,"508":0,"509":0,"510":0,"511":0,"512":0,"513":0,"514":0,"515":0,"516":0,"517":0,"518":0,"519":0,"520":0,"521":0,"522":0,"523":0,"524":0,"525":0,"526":0,"527":0,"528":0,"529":0,"530":0,"531":0,"532":0,"533":0,"534":0,"535":0,"536":0,"537":0,"538":0,"539":0,"540":0,"541":0,"542":0,"543":0,"544":0,"545":0,"546":0,"547":0,"548":0,"549":0,"550":0,"551":0,"552":0,"553":0,"554":0,"555":0,"556":0,"557":0,"558":0,"559":0,"560":0,"561":0,"562":0,"563":0,"564":0,"565":0,"566":0,"567":0,"568":0,"569":0,"570":0,"571":0,"572":0,"573":0,"574":0,"575":0,"576":0,"577":0,"578":0,"579":0,"580":0,"581":0,"582":0,"583":0,"584":0},"f":{"0":0,"1":0,"2":0,"3":0,"4":0,"5":0,"6":0,"7":0,"8":0,"9":0,"10":0,"11":0,"12":0,"13":0,"14":0,"15":0,"16":0,"17":0,"18":0,"19":0,"20":0,"21":0,"22":0,"23":0,"24":0,"25":0,"26":0,"27":0,"28":0,"29":0,"30":0,"31":0,"32":0,"33":0,"34":0,"35":0,"36":0,"37":0,"38":0,"39":0,"40":0,"41":0,"42":0,"43":0,"44":0,"45":0,"46":0,"47":0,"48":0,"49":0,"50":0,"51":0,"52":0,"53":0,"54":0,"55":0,"56":0,"57":0,"58":0,"59":0,"60":0,"61":0,"62":0,"63":0,"64":0,"65":0,"66":0,"67":0,"68":0,"69":0,"70":0,"71":0,"72":0,"73":0,"74":0,"75":0,"76":0,"77":0,"78":0,"79":0,"80":0,"81":0,"82":0,"83":0,"84":0,"85":0,"86":0,"87":0,"88":0,"89":0,"90":0,"91":0,"92":0,"93":0,"94":0,"95":0,"96":0,"97":0,"98":0,"99":0,"100":0,"101":0},"b":{"0":[0,0],"1":[0,0],"2":[0,0],"3":[0,0],"4":[0,0],"5":[0,0],"6":[0,0],"7":[0,0],"8":[0,0],"9":[0,0],"10":[0,0],"11":[0,0],"12":[0,0],"13":[0,0],"14":[0,0],"15":[0,0],"16":[0,0,0],"17":[0,0],"18":[0,0,0,0],"19":[0,0],"20":[0,0],"21":[0,0],"22":[0,0],"23":[0,0],"24":[0,0],"25":[0,0],"26":[0,0],"27":[0,0],"28":[0,0],"29":[0],"30":[0,0],"31":[0,0],"32":[0,0],"33":[0,0],"34":[0,0],"35":[0],"36":[0,0],"37":[0,0],"38":[0,0],"39":[0,0],"40":[0,0],"41":[0,0],"42":[0,0],"43":[0,0],"44":[0,0],"45":[0,0],"46":[0,0],"47":[0,0],"48":[0,0],"49":[0,0],"50":[0,0],"51":[0,0],"52":[0],"53":[0],"54":[0,0],"55":[0,0],"56":[0,0],"57":[0,0],"58":[0,0],"59":[0,0],"60":[0,0],"61":[0,0],"62":[0,0],"63":[0,0],"64":[0,0],"65":[0,0],"66":[0,0],"67":[0,0],"68":[0,0],"69":[0,0],"70":[0,0],"71":[0,0],"72":[0,0],"73":[0,0],"74":[0,0],"75":[0,0],"76":[0,0],"77":[0,0],"78":[0,0],"79":[0,0],"80":[0,0],"81":[0,0],"82":[0,0],"83":[0,0],"84":[0,0],"85":[0,0],"86":[0,0],"87":[0,0],"88":[0,0],"89":[0,0],"90":[0,0],"91":[0,0],"92":[0,0],"93":[0,0],"94":[0,0],"95":[0,0],"96":[0,0],"97":[0,0],"98":[0,0],"99":[0,0],"100":[0,0],"101":[0,0],"102":[0,0],"103":[0,0],"104":[0,0],"105":[0,0],"106":[0,0],"107":[0],"108":[0,0],"109":[0,0],"110":[0,0],"111":[0,0],"112":[0,0],"113":[0,0],"114":[0,0],"115":[0,0],"116":[0,0],"117":[0,0],"118":[0,0,0],"119":[0,0],"120":[0,0],"121":[0,0],"122":[0,0],"123":[0,0],"124":[0,0],"125":[0,0],"126":[0,0],"127":[0,0],"128":[0,0],"129":[0,0],"130":[0,0],"131":[0,0],"132":[0,0],"133":[0,0],"134":[0,0],"135":[0,0],"136":[0,0],"137":[0,0],"138":[0,0],"139":[0,0],"140":[0,0],"141":[0,0],"142":[0,0],"143":[0,0],"144":[0,0],"145":[0,0],"146":[0,0],"147":[0,0],"148":[0,0],"149":[0,0],"150":[0,0],"151":[0,0],"152":[0,0],"153":[0,0],"154":[0,0],"155":[0,0,0],"156":[0,0],"157":[0,0],"158":[0,0],"159":[0,0],"160":[0,0],"161":[0,0],"162":[0,0],"163":[0,0],"164":[0,0],"165":[0,0],"166":[0,0],"167":[0,0,0,0],"168":[0,0],"169":[0,0],"170":[0,0],"171":[0,0],"172":[0,0],"173":[0,0],"174":[0,0],"175":[0,0],"176":[0,0],"177":[0,0],"178":[0,0],"179":[0,0],"180":[0,0],"181":[0,0],"182":[0,0],"183":[0,0],"184":[0,0],"185":[0,0],"186":[0,0],"187":[0,0],"188":[0,0],"189":[0,0],"190":[0,0],"191":[0,0],"192":[0,0],"193":[0,0,0],"194":[0,0],"195":[0,0],"196":[0,0],"197":[0,0],"198":[0,0],"199":[0,0],"200":[0,0],"201":[0,0],"202":[0,0],"203":[0,0],"204":[0,0],"205":[0,0],"206":[0,0],"207":[0,0],"208":[0,0],"209":[0,0],"210":[0,0],"211":[0,0],"212":[0,0],"213":[0,0],"214":[0,0],"215":[0,0],"216":[0,0],"217":[0,0],"218":[0,0],"219":[0,0],"220":[0,0],"221":[0,0],"222":[0,0],"223":[0,0]}}
,"/home/runner/work/nestle-finance-command/nestle-finance-command/frontend/src/utils/safeAudio.js": {"path":"/home/runner/work/nestle-finance-command/nestle-finance-command/frontend/src/utils/safeAudio.js","statementMap":{"0":{"start":{"line":1,"column":29},"end":{"line":14,"column":1}},"1":{"start":{"line":2,"column":4},"end":{"line":13,"column":5}},"2":{"start":{"line":3,"column":22},"end":{"line":3,"column":36}},"3":{"start":{"line":4,"column":8},"end":{"line":4,"column":27}},"4":{"start":{"line":5,"column":28},"end":{"line":5,"column":40}},"5":{"start":{"line":6,"column":8},"end":{"line":10,"column":9}},"6":{"start":{"line":7,"column":12},"end":{"line":9,"column":15}}},"fnMap":{"0":{"name":"(anonymous_0)","decl":{"start":{"line":1,"column":29},"end":{"line":1,"column":30}},"loc":{"start":{"line":1,"column":38},"end":{"line":14,"column":1}},"line":1},"1":{"name":"(anonymous_1)","decl":{"start":{"line":7,"column":30},"end":{"line":7,"column":31}},"loc":{"start":{"line":7,"column":36},"end":{"line":9,"column":13}},"line":7}},"branchMap":{"0":{"loc":{"start":{"line":6,"column":8},"end":{"line":10,"column":9}},"type":"if","locations":[{"start":{"line":6,"column":8},"end":{"line":10,"column":9}},{"start":{},"end":{}}],"line":6}},"s":{"0":1,"1":2,"2":2,"3":2,"4":2,"5":2,"6":2},"f":{"0":2,"1":1},"b":{"0":[2,0]},"_coverageSchema":"1a1c01bbd47fc00a2c39e90264f33305004495a9","hash":"b05c7b116fbac551021d57c5ac4858665f2e239a"}
}
