TN:
SF:src/App.jsx
FN:7,App
FN:16,(anonymous_1)
FN:21,(anonymous_2)
FN:26,(anonymous_3)
FN:35,(anonymous_4)
FNF:5
FNH:0
FNDA:0,App
FNDA:0,(anonymous_1)
FNDA:0,(anonymous_2)
FNDA:0,(anonymous_3)
FNDA:0,(anonymous_4)
DA:8,0
DA:10,0
DA:11,0
DA:15,0
DA:16,0
DA:20,0
DA:21,0
DA:25,0
DA:26,0
DA:30,0
DA:35,0
LF:11
LH:0
BRDA:10,0,0,0
BRDA:10,0,1,0
BRDA:15,1,0,0
BRDA:15,1,1,0
BRDA:20,2,0,0
BRDA:20,2,1,0
BRDA:25,3,0,0
BRDA:25,3,1,0
BRDA:25,4,0,0
BRDA:25,4,1,0
BRF:10
BRH:0
end_of_record
TN:
SF:src/components/AppNotifier.jsx
FN:7,AppNotifier
FN:12,(anonymous_1)
FN:21,(anonymous_2)
FN:24,(anonymous_3)
FN:27,(anonymous_4)
FN:33,(anonymous_5)
FN:44,(anonymous_6)
FN:49,(anonymous_7)
FN:52,(anonymous_8)
FN:53,(anonymous_9)
FN:53,(anonymous_10)
FN:57,(anonymous_11)
FN:59,(anonymous_12)
FN:60,(anonymous_13)
FN:62,(anonymous_14)
FN:70,(anonymous_15)
FN:79,(anonymous_16)
FNF:17
FNH:0
FNDA:0,AppNotifier
FNDA:0,(anonymous_1)
FNDA:0,(anonymous_2)
FNDA:0,(anonymous_3)
FNDA:0,(anonymous_4)
FNDA:0,(anonymous_5)
FNDA:0,(anonymous_6)
FNDA:0,(anonymous_7)
FNDA:0,(anonymous_8)
FNDA:0,(anonymous_9)
FNDA:0,(anonymous_10)
FNDA:0,(anonymous_11)
FNDA:0,(anonymous_12)
FNDA:0,(anonymous_13)
FNDA:0,(anonymous_14)
FNDA:0,(anonymous_15)
FNDA:0,(anonymous_16)
DA:8,0
DA:9,0
DA:10,0
DA:12,0
DA:13,0
DA:14,0
DA:17,0
DA:19,0
DA:21,0
DA:24,0
DA:26,0
DA:27,0
DA:28,0
DA:31,0
DA:32,0
DA:33,0
DA:40,0
DA:44,0
DA:45,0
DA:46,0
DA:47,0
DA:48,0
DA:49,0
DA:52,0
DA:53,0
DA:57,0
DA:58,0
DA:59,0
DA:60,0
DA:62,0
DA:66,0
DA:68,0
DA:71,0
DA:79,0
LF:34
LH:0
BRDA:17,0,0,0
BRDA:17,0,1,0
BRDA:19,1,0,0
BRDA:19,1,1,0
BRDA:26,2,0,0
BRDA:26,2,1,0
BRDA:31,3,0,0
BRDA:31,3,1,0
BRDA:58,4,0,0
BRDA:58,4,1,0
BRDA:66,5,0,0
BRDA:66,5,1,0
BRDA:76,6,0,0
BRDA:76,6,1,0
BRF:14
BRH:0
end_of_record
TN:
SF:src/components/DisputeChat.jsx
FN:11,DisputeChat
FN:34,(anonymous_1)
FN:42,(anonymous_2)
FN:52,(anonymous_3)
FN:55,(anonymous_4)
FN:58,(anonymous_5)
FN:62,(anonymous_6)
FN:68,(anonymous_7)
FN:79,(anonymous_8)
FN:132,(anonymous_9)
FN:142,(anonymous_10)
FN:162,(anonymous_11)
FN:166,(anonymous_12)
FN:172,(anonymous_13)
FN:182,(anonymous_14)
FN:204,(anonymous_15)
FN:223,(anonymous_16)
FN:234,(anonymous_17)
FN:275,(anonymous_18)
FN:282,(anonymous_19)
FN:308,(anonymous_20)
FN:374,(anonymous_21)
FN:375,(anonymous_22)
FN:381,(anonymous_23)
FN:387,(anonymous_24)
FN:395,(anonymous_25)
FN:396,(anonymous_26)
FN:397,(anonymous_27)
FN:403,(anonymous_28)
FN:404,(anonymous_29)
FN:417,(anonymous_30)
FN:421,(anonymous_31)
FN:423,(anonymous_32)
FNF:33
FNH:0
FNDA:0,DisputeChat
FNDA:0,(anonymous_1)
FNDA:0,(anonymous_2)
FNDA:0,(anonymous_3)
FNDA:0,(anonymous_4)
FNDA:0,(anonymous_5)
FNDA:0,(anonymous_6)
FNDA:0,(anonymous_7)
FNDA:0,(anonymous_8)
FNDA:0,(anonymous_9)
FNDA:0,(anonymous_10)
FNDA:0,(anonymous_11)
FNDA:0,(anonymous_12)
FNDA:0,(anonymous_13)
FNDA:0,(anonymous_14)
FNDA:0,(anonymous_15)
FNDA:0,(anonymous_16)
FNDA:0,(anonymous_17)
FNDA:0,(anonymous_18)
FNDA:0,(anonymous_19)
FNDA:0,(anonymous_20)
FNDA:0,(anonymous_21)
FNDA:0,(anonymous_22)
FNDA:0,(anonymous_23)
FNDA:0,(anonymous_24)
FNDA:0,(anonymous_25)
FNDA:0,(anonymous_26)
FNDA:0,(anonymous_27)
FNDA:0,(anonymous_28)
FNDA:0,(anonymous_29)
FNDA:0,(anonymous_30)
FNDA:0,(anonymous_31)
FNDA:0,(anonymous_32)
DA:9,0
DA:12,0
DA:14,0
DA:21,0
DA:22,0
DA:23,0
DA:25,0
DA:26,0
DA:28,0
DA:30,0
DA:31,0
DA:32,0
DA:34,0
DA:35,0
DA:37,0
DA:38,0
DA:39,0
DA:41,0
DA:42,0
DA:43,0
DA:44,0
DA:45,0
DA:47,0
DA:49,0
DA:52,0
DA:53,0
DA:54,0
DA:55,0
DA:58,0
DA:59,0
DA:62,0
DA:63,0
DA:64,0
DA:66,0
DA:67,0
DA:68,0
DA:69,0
DA:70,0
DA:72,0
DA:73,0
DA:74,0
DA:75,0
DA:79,0
DA:84,0
DA:85,0
DA:87,0
DA:102,0
DA:108,0
DA:123,0
DA:124,0
DA:125,0
DA:128,0
DA:129,0
DA:131,0
DA:132,0
DA:135,0
DA:136,0
DA:142,0
DA:144,0
DA:145,0
DA:147,0
DA:151,0
DA:152,0
DA:155,0
DA:156,0
DA:157,0
DA:158,0
DA:159,0
DA:162,0
DA:163,0
DA:166,0
DA:167,0
DA:168,0
DA:169,0
DA:172,0
DA:173,0
DA:174,0
DA:175,0
DA:176,0
DA:179,0
DA:182,0
DA:183,0
DA:184,0
DA:185,0
DA:186,0
DA:187,0
DA:188,0
DA:190,0
DA:193,0
DA:194,0
DA:195,0
DA:196,0
DA:197,0
DA:198,0
DA:200,0
DA:204,0
DA:205,0
DA:206,0
DA:208,0
DA:223,0
DA:232,0
DA:233,0
DA:234,0
DA:237,0
DA:275,0
DA:282,0
DA:309,0
DA:310,0
DA:311,0
DA:312,0
DA:313,0
DA:315,0
DA:316,0
DA:326,0
DA:374,0
DA:375,0
DA:381,0
DA:387,0
DA:395,0
DA:396,0
DA:397,0
DA:404,0
DA:417,0
DA:421,0
DA:423,0
LF:125
LH:0
BRDA:17,0,0,0
BRDA:17,0,1,0
BRDA:35,1,0,0
BRDA:35,1,1,0
BRDA:41,2,0,0
BRDA:41,2,1,0
BRDA:42,3,0,0
BRDA:42,3,1,0
BRDA:44,4,0,0
BRDA:44,4,1,0
BRDA:44,5,0,0
BRDA:44,5,1,0
BRDA:62,6,0,0
BRDA:62,7,0,0
BRDA:62,8,0,0
BRDA:63,9,0,0
BRDA:63,9,1,0
BRDA:63,10,0,0
BRDA:63,10,1,0
BRDA:66,11,0,0
BRDA:66,11,1,0
BRDA:74,12,0,0
BRDA:74,12,1,0
BRDA:80,13,0,0
BRDA:80,13,1,0
BRDA:84,14,0,0
BRDA:84,14,1,0
BRDA:87,15,0,0
BRDA:87,15,1,0
BRDA:92,16,0,0
BRDA:92,16,1,0
BRDA:123,17,0,0
BRDA:123,17,1,0
BRDA:125,18,0,0
BRDA:125,18,1,0
BRDA:173,19,0,0
BRDA:173,19,1,0
BRDA:174,20,0,0
BRDA:174,20,1,0
BRDA:175,21,0,0
BRDA:175,21,1,0
BRDA:175,22,0,0
BRDA:175,22,1,0
BRDA:179,23,0,0
BRDA:179,23,1,0
BRDA:183,24,0,0
BRDA:183,24,1,0
BRDA:184,25,0,0
BRDA:184,25,1,0
BRDA:185,26,0,0
BRDA:185,26,1,0
BRDA:187,27,0,0
BRDA:187,27,1,0
BRDA:193,28,0,0
BRDA:193,28,1,0
BRDA:195,29,0,0
BRDA:195,29,1,0
BRDA:197,30,0,0
BRDA:197,30,1,0
BRDA:206,31,0,0
BRDA:206,31,1,0
BRDA:221,32,0,0
BRDA:221,32,1,0
BRDA:224,33,0,0
BRDA:224,33,1,0
BRDA:224,34,0,0
BRDA:224,34,1,0
BRDA:242,35,0,0
BRDA:242,35,1,0
BRDA:243,36,0,0
BRDA:243,36,1,0
BRDA:246,37,0,0
BRDA:246,37,1,0
BRDA:249,38,0,0
BRDA:249,38,1,0
BRDA:252,39,0,0
BRDA:252,39,1,0
BRDA:252,40,0,0
BRDA:252,40,1,0
BRDA:264,41,0,0
BRDA:264,41,1,0
BRDA:264,41,2,0
BRDA:264,41,3,0
BRDA:276,42,0,0
BRDA:276,42,1,0
BRDA:283,43,0,0
BRDA:283,43,1,0
BRDA:289,44,0,0
BRDA:289,44,1,0
BRDA:289,44,2,0
BRDA:289,44,3,0
BRDA:289,44,4,0
BRDA:300,45,0,0
BRDA:300,45,1,0
BRDA:300,45,2,0
BRDA:313,46,0,0
BRDA:313,46,1,0
BRDA:315,47,0,0
BRDA:315,47,1,0
BRDA:315,48,0,0
BRDA:315,48,1,0
BRDA:327,49,0,0
BRDA:327,49,1,0
BRDA:328,50,0,0
BRDA:328,50,1,0
BRDA:330,51,0,0
BRDA:330,51,1,0
BRDA:331,52,0,0
BRDA:331,52,1,0
BRDA:331,53,0,0
BRDA:331,53,1,0
BRDA:332,54,0,0
BRDA:332,54,1,0
BRDA:336,55,0,0
BRDA:336,55,1,0
BRDA:337,56,0,0
BRDA:337,56,1,0
BRDA:342,57,0,0
BRDA:342,57,1,0
BRDA:351,58,0,0
BRDA:351,58,1,0
BRDA:372,59,0,0
BRDA:372,59,1,0
BRDA:372,59,2,0
BRDA:374,60,0,0
BRDA:374,60,1,0
BRDA:375,61,0,0
BRDA:375,61,1,0
BRDA:379,62,0,0
BRDA:379,62,1,0
BRDA:392,63,0,0
BRDA:392,63,1,0
BRDA:392,63,2,0
BRDA:392,63,3,0
BRDA:401,64,0,0
BRDA:401,64,1,0
BRDA:411,65,0,0
BRDA:411,65,1,0
BRDA:418,66,0,0
BRDA:418,66,1,0
BRDA:421,67,0,0
BRDA:421,67,1,0
BRDA:421,68,0,0
BRDA:421,68,1,0
BRDA:423,69,0,0
BRDA:423,69,1,0
BRDA:423,69,2,0
BRDA:423,70,0,0
BRDA:423,70,1,0
BRDA:424,71,0,0
BRDA:424,71,1,0
BRF:151
BRH:0
end_of_record
TN:
SF:src/components/FloatingChat.jsx
FN:5,FloatingChat
FN:17,(anonymous_1)
FN:28,(anonymous_2)
FNF:3
FNH:0
FNDA:0,FloatingChat
FNDA:0,(anonymous_1)
FNDA:0,(anonymous_2)
DA:6,0
DA:8,0
DA:17,0
DA:28,0
LF:4
LH:0
BRDA:10,0,0,0
BRDA:10,0,1,0
BRDA:30,1,0,0
BRDA:30,1,1,0
BRDA:34,2,0,0
BRDA:34,2,1,0
BRDA:36,3,0,0
BRDA:36,3,1,0
BRDA:38,4,0,0
BRDA:38,4,1,0
BRF:10
BRH:0
end_of_record
TN:
SF:src/components/LiveChat.jsx
FN:10,getChannel
FN:33,LiveChat
FN:59,(anonymous_2)
FN:70,(anonymous_3)
FN:78,(anonymous_4)
FN:87,(anonymous_5)
FN:96,(anonymous_6)
FN:102,(anonymous_7)
FN:107,(anonymous_8)
FN:111,(anonymous_9)
FN:115,(anonymous_10)
FN:119,(anonymous_11)
FN:136,(anonymous_12)
FN:139,(anonymous_13)
FN:145,(anonymous_14)
FN:152,(anonymous_15)
FN:172,(anonymous_16)
FN:179,(anonymous_17)
FN:194,(anonymous_18)
FN:210,(anonymous_19)
FN:253,(anonymous_20)
FN:288,(anonymous_21)
FN:299,(anonymous_22)
FN:305,(anonymous_23)
FN:353,(anonymous_24)
FN:372,(anonymous_25)
FN:403,(anonymous_26)
FNF:27
FNH:0
FNDA:0,getChannel
FNDA:0,LiveChat
FNDA:0,(anonymous_2)
FNDA:0,(anonymous_3)
FNDA:0,(anonymous_4)
FNDA:0,(anonymous_5)
FNDA:0,(anonymous_6)
FNDA:0,(anonymous_7)
FNDA:0,(anonymous_8)
FNDA:0,(anonymous_9)
FNDA:0,(anonymous_10)
FNDA:0,(anonymous_11)
FNDA:0,(anonymous_12)
FNDA:0,(anonymous_13)
FNDA:0,(anonymous_14)
FNDA:0,(anonymous_15)
FNDA:0,(anonymous_16)
FNDA:0,(anonymous_17)
FNDA:0,(anonymous_18)
FNDA:0,(anonymous_19)
FNDA:0,(anonymous_20)
FNDA:0,(anonymous_21)
FNDA:0,(anonymous_22)
FNDA:0,(anonymous_23)
FNDA:0,(anonymous_24)
FNDA:0,(anonymous_25)
FNDA:0,(anonymous_26)
DA:5,0
DA:6,0
DA:7,0
DA:11,0
DA:15,0
DA:21,0
DA:27,0
DA:34,0
DA:35,0
DA:36,0
DA:37,0
DA:38,0
DA:39,0
DA:40,0
DA:41,0
DA:44,0
DA:49,0
DA:50,0
DA:51,0
DA:53,0
DA:56,0
DA:59,0
DA:60,0
DA:61,0
DA:62,0
DA:63,0
DA:65,0
DA:70,0
DA:71,0
DA:72,0
DA:73,0
DA:74,0
DA:75,0
DA:76,0
DA:78,0
DA:80,0
DA:83,0
DA:87,0
DA:88,0
DA:89,0
DA:90,0
DA:91,0
DA:93,0
DA:94,0
DA:96,0
DA:97,0
DA:102,0
DA:103,0
DA:107,0
DA:108,0
DA:111,0
DA:112,0
DA:113,0
DA:114,0
DA:115,0
DA:116,0
DA:117,0
DA:118,0
DA:119,0
DA:120,0
DA:121,0
DA:133,0
DA:134,0
DA:135,0
DA:136,0
DA:138,0
DA:139,0
DA:141,0
DA:145,0
DA:146,0
DA:147,0
DA:148,0
DA:152,0
DA:153,0
DA:154,0
DA:155,0
DA:156,0
DA:163,0
DA:164,0
DA:166,0
DA:168,0
DA:172,0
DA:173,0
DA:174,0
DA:175,0
DA:179,0
DA:180,0
DA:181,0
DA:182,0
DA:185,0
DA:188,0
DA:189,0
DA:194,0
DA:211,0
DA:253,0
DA:276,0
DA:277,0
DA:288,0
DA:300,0
DA:301,0
DA:302,0
DA:305,0
DA:334,0
DA:353,0
DA:373,0
DA:374,0
DA:403,0
LF:107
LH:0
BRDA:53,0,0,0
BRDA:53,0,1,0
BRDA:56,1,0,0
BRDA:56,1,1,0
BRDA:60,2,0,0
BRDA:60,2,1,0
BRDA:63,3,0,0
BRDA:63,3,1,0
BRDA:76,4,0,0
BRDA:76,4,1,0
BRDA:88,5,0,0
BRDA:88,5,1,0
BRDA:89,6,0,0
BRDA:89,6,1,0
BRDA:97,7,0,0
BRDA:97,7,1,0
BRDA:113,8,0,0
BRDA:113,8,1,0
BRDA:113,9,0,0
BRDA:113,9,1,0
BRDA:133,10,0,0
BRDA:133,10,1,0
BRDA:146,11,0,0
BRDA:146,11,1,0
BRDA:146,12,0,0
BRDA:146,12,1,0
BRDA:153,13,0,0
BRDA:153,13,1,0
BRDA:153,14,0,0
BRDA:153,14,1,0
BRDA:173,15,0,0
BRDA:173,15,1,0
BRDA:173,16,0,0
BRDA:173,16,1,0
BRDA:185,17,0,0
BRDA:185,17,1,0
BRDA:188,18,0,0
BRDA:188,18,1,0
BRDA:211,19,0,0
BRDA:211,19,1,0
BRDA:212,20,0,0
BRDA:212,20,1,0
BRDA:218,21,0,0
BRDA:218,21,1,0
BRDA:224,22,0,0
BRDA:224,22,1,0
BRDA:231,23,0,0
BRDA:231,23,1,0
BRDA:262,24,0,0
BRDA:262,24,1,0
BRDA:276,25,0,0
BRDA:276,25,1,0
BRDA:300,26,0,0
BRDA:300,26,1,0
BRDA:301,27,0,0
BRDA:301,27,1,0
BRDA:312,28,0,0
BRDA:312,28,1,0
BRDA:315,29,0,0
BRDA:315,29,1,0
BRDA:317,30,0,0
BRDA:317,30,1,0
BRDA:326,31,0,0
BRDA:326,31,1,0
BRDA:345,32,0,0
BRDA:345,32,1,0
BRDA:349,33,0,0
BRDA:349,33,1,0
BRDA:365,34,0,0
BRDA:365,34,1,0
BRDA:375,35,0,0
BRDA:375,35,1,0
BRDA:377,36,0,0
BRDA:377,36,1,0
BRDA:381,37,0,0
BRDA:381,37,1,0
BRDA:383,38,0,0
BRDA:383,38,1,0
BRDA:387,39,0,0
BRDA:387,39,1,0
BRDA:405,40,0,0
BRDA:405,40,1,0
BRDA:412,41,0,0
BRDA:412,41,1,0
BRF:84
BRH:0
end_of_record
TN:
SF:src/components/Login.jsx
FN:4,Login
FN:13,(anonymous_1)
FN:115,(anonymous_2)
FN:136,(anonymous_3)
FN:151,(anonymous_4)
FN:161,(anonymous_5)
FN:171,(anonymous_6)
FN:205,(anonymous_7)
FNF:8
FNH:0
FNDA:0,Login
FNDA:0,(anonymous_1)
FNDA:0,(anonymous_2)
FNDA:0,(anonymous_3)
FNDA:0,(anonymous_4)
FNDA:0,(anonymous_5)
FNDA:0,(anonymous_6)
FNDA:0,(anonymous_7)
DA:5,0
DA:6,0
DA:7,0
DA:8,0
DA:9,0
DA:10,0
DA:11,0
DA:13,0
DA:14,0
DA:15,0
DA:17,0
DA:18,0
DA:19,0
DA:20,0
DA:22,0
DA:23,0
DA:24,0
DA:25,0
DA:30,0
DA:31,0
DA:33,0
DA:38,0
DA:42,0
DA:115,0
DA:136,0
DA:151,0
DA:161,0
DA:171,0
DA:206,0
DA:207,0
DA:208,0
LF:31
LH:0
BRDA:18,0,0,0
BRDA:18,0,1,0
BRDA:20,1,0,0
BRDA:20,1,1,0
BRDA:23,2,0,0
BRDA:23,2,1,0
BRDA:30,3,0,0
BRDA:30,3,1,0
BRDA:30,3,2,0
BRDA:33,4,0,0
BRDA:33,4,1,0
BRDA:69,5,0,0
BRDA:69,5,1,0
BRDA:88,6,0,0
BRDA:88,6,1,0
BRDA:93,7,0,0
BRDA:93,7,1,0
BRDA:144,8,0,0
BRDA:144,8,1,0
BRDA:152,9,0,0
BRDA:152,9,1,0
BRDA:162,10,0,0
BRDA:162,10,1,0
BRDA:172,11,0,0
BRDA:172,11,1,0
BRDA:187,12,0,0
BRDA:187,12,1,0
BRDA:196,13,0,0
BRDA:196,13,1,0
BRDA:203,14,0,0
BRDA:203,14,1,0
BRDA:212,15,0,0
BRDA:212,15,1,0
BRF:33
BRH:0
end_of_record
TN:
SF:src/components/NotificationBell.jsx
FN:5,NotificationBell
FN:10,(anonymous_1)
FN:18,(anonymous_2)
FN:22,(anonymous_3)
FN:25,(anonymous_4)
FN:28,(anonymous_5)
FN:35,(anonymous_6)
FN:45,(anonymous_7)
FN:46,(anonymous_8)
FN:46,(anonymous_9)
FN:53,(anonymous_10)
FN:70,(anonymous_11)
FN:84,(anonymous_12)
FN:87,(anonymous_13)
FNF:14
FNH:10
FNDA:9,NotificationBell
FNDA:5,(anonymous_1)
FNDA:4,(anonymous_2)
FNDA:4,(anonymous_3)
FNDA:4,(anonymous_4)
FNDA:1,(anonymous_5)
FNDA:1,(anonymous_6)
FNDA:0,(anonymous_7)
FNDA:0,(anonymous_8)
FNDA:0,(anonymous_9)
FNDA:2,(anonymous_10)
FNDA:0,(anonymous_11)
FNDA:1,(anonymous_12)
FNDA:1,(anonymous_13)
DA:6,9
DA:7,9
DA:8,9
DA:10,9
DA:11,5
DA:12,5
DA:13,5
DA:14,5
DA:15,5
DA:16,5
DA:17,5
DA:18,5
DA:22,9
DA:23,4
DA:24,4
DA:25,4
DA:28,9
DA:29,1
DA:30,1
DA:31,1
DA:35,9
DA:36,1
DA:37,1
DA:39,1
DA:40,1
DA:41,1
DA:45,9
DA:46,0
DA:47,0
DA:50,9
DA:53,2
DA:70,0
DA:85,1
DA:87,1
LF:34
LH:31
BRDA:13,0,0,2
BRDA:13,0,1,3
BRDA:14,1,0,5
BRDA:14,1,1,0
BRDA:16,2,0,5
BRDA:16,2,1,0
BRDA:36,3,0,1
BRDA:36,3,1,0
BRDA:40,4,0,1
BRDA:40,4,1,0
BRDA:40,5,0,1
BRDA:40,5,1,1
BRDA:47,6,0,0
BRDA:47,6,1,0
BRDA:56,7,0,3
BRDA:56,7,1,6
BRDA:68,8,0,9
BRDA:68,8,1,3
BRDA:74,9,0,3
BRDA:74,9,1,1
BRDA:81,10,0,2
BRDA:81,10,1,1
BRDA:88,11,0,1
BRDA:88,11,1,0
BRF:24
BRH:17
end_of_record
TN:
SF:src/components/Portal.jsx
FN:10,(anonymous_0)
FN:15,(anonymous_1)
FN:22,(anonymous_2)
FN:28,(anonymous_3)
FN:89,(anonymous_4)
FN:104,(anonymous_5)
FN:107,Portal
FN:111,(anonymous_7)
FN:116,(anonymous_8)
FN:120,(anonymous_9)
FN:152,(anonymous_10)
FN:178,(anonymous_11)
FN:181,(anonymous_12)
FN:184,(anonymous_13)
FN:200,(anonymous_14)
FN:203,(anonymous_15)
FN:206,(anonymous_16)
FN:217,ProcurementPortal
FN:225,(anonymous_18)
FN:234,(anonymous_19)
FN:236,(anonymous_20)
FN:238,(anonymous_21)
FN:241,(anonymous_22)
FN:247,(anonymous_23)
FN:248,(anonymous_24)
FN:255,(anonymous_25)
FN:258,(anonymous_26)
FN:261,(anonymous_27)
FN:265,(anonymous_28)
FN:269,(anonymous_29)
FN:270,(anonymous_30)
FN:271,(anonymous_31)
FN:272,(anonymous_32)
FN:274,(anonymous_33)
FN:276,(anonymous_34)
FN:277,(anonymous_35)
FN:294,(anonymous_36)
FN:296,(anonymous_37)
FN:298,(anonymous_38)
FN:352,(anonymous_39)
FN:388,(anonymous_40)
FN:391,(anonymous_41)
FN:396,(anonymous_42)
FN:411,(anonymous_43)
FN:443,FinancePortal
FN:453,(anonymous_45)
FN:468,(anonymous_46)
FN:470,(anonymous_47)
FN:472,(anonymous_48)
FN:475,(anonymous_49)
FN:481,(anonymous_50)
FN:488,(anonymous_51)
FN:495,(anonymous_52)
FN:499,(anonymous_53)
FN:500,(anonymous_54)
FN:528,(anonymous_55)
FN:536,(anonymous_56)
FN:545,(anonymous_57)
FN:560,(anonymous_58)
FN:566,(anonymous_59)
FN:594,(anonymous_60)
FN:596,(anonymous_61)
FN:631,(anonymous_62)
FN:641,(anonymous_63)
FN:649,(anonymous_64)
FN:669,(anonymous_65)
FN:678,(anonymous_66)
FN:686,(anonymous_67)
FN:701,(anonymous_68)
FN:739,AnalyticsPortal
FN:744,(anonymous_70)
FN:745,(anonymous_71)
FN:751,(anonymous_72)
FN:752,(anonymous_73)
FN:753,(anonymous_74)
FN:759,(anonymous_75)
FN:761,(anonymous_76)
FN:770,(anonymous_77)
FN:772,(anonymous_78)
FN:781,(anonymous_79)
FN:784,(anonymous_80)
FN:786,(anonymous_81)
FN:792,(anonymous_82)
FN:793,(anonymous_83)
FN:840,(anonymous_84)
FN:841,(anonymous_85)
FN:870,(anonymous_86)
FN:884,(anonymous_87)
FNF:88
FNH:0
FNDA:0,(anonymous_0)
FNDA:0,(anonymous_1)
FNDA:0,(anonymous_2)
FNDA:0,(anonymous_3)
FNDA:0,(anonymous_4)
FNDA:0,(anonymous_5)
FNDA:0,Portal
FNDA:0,(anonymous_7)
FNDA:0,(anonymous_8)
FNDA:0,(anonymous_9)
FNDA:0,(anonymous_10)
FNDA:0,(anonymous_11)
FNDA:0,(anonymous_12)
FNDA:0,(anonymous_13)
FNDA:0,(anonymous_14)
FNDA:0,(anonymous_15)
FNDA:0,(anonymous_16)
FNDA:0,ProcurementPortal
FNDA:0,(anonymous_18)
FNDA:0,(anonymous_19)
FNDA:0,(anonymous_20)
FNDA:0,(anonymous_21)
FNDA:0,(anonymous_22)
FNDA:0,(anonymous_23)
FNDA:0,(anonymous_24)
FNDA:0,(anonymous_25)
FNDA:0,(anonymous_26)
FNDA:0,(anonymous_27)
FNDA:0,(anonymous_28)
FNDA:0,(anonymous_29)
FNDA:0,(anonymous_30)
FNDA:0,(anonymous_31)
FNDA:0,(anonymous_32)
FNDA:0,(anonymous_33)
FNDA:0,(anonymous_34)
FNDA:0,(anonymous_35)
FNDA:0,(anonymous_36)
FNDA:0,(anonymous_37)
FNDA:0,(anonymous_38)
FNDA:0,(anonymous_39)
FNDA:0,(anonymous_40)
FNDA:0,(anonymous_41)
FNDA:0,(anonymous_42)
FNDA:0,(anonymous_43)
FNDA:0,FinancePortal
FNDA:0,(anonymous_45)
FNDA:0,(anonymous_46)
FNDA:0,(anonymous_47)
FNDA:0,(anonymous_48)
FNDA:0,(anonymous_49)
FNDA:0,(anonymous_50)
FNDA:0,(anonymous_51)
FNDA:0,(anonymous_52)
FNDA:0,(anonymous_53)
FNDA:0,(anonymous_54)
FNDA:0,(anonymous_55)
FNDA:0,(anonymous_56)
FNDA:0,(anonymous_57)
FNDA:0,(anonymous_58)
FNDA:0,(anonymous_59)
FNDA:0,(anonymous_60)
FNDA:0,(anonymous_61)
FNDA:0,(anonymous_62)
FNDA:0,(anonymous_63)
FNDA:0,(anonymous_64)
FNDA:0,(anonymous_65)
FNDA:0,(anonymous_66)
FNDA:0,(anonymous_67)
FNDA:0,(anonymous_68)
FNDA:0,AnalyticsPortal
FNDA:0,(anonymous_70)
FNDA:0,(anonymous_71)
FNDA:0,(anonymous_72)
FNDA:0,(anonymous_73)
FNDA:0,(anonymous_74)
FNDA:0,(anonymous_75)
FNDA:0,(anonymous_76)
FNDA:0,(anonymous_77)
FNDA:0,(anonymous_78)
FNDA:0,(anonymous_79)
FNDA:0,(anonymous_80)
FNDA:0,(anonymous_81)
FNDA:0,(anonymous_82)
FNDA:0,(anonymous_83)
FNDA:0,(anonymous_84)
FNDA:0,(anonymous_85)
FNDA:0,(anonymous_86)
FNDA:0,(anonymous_87)
DA:10,0
DA:11,0
DA:12,0
DA:13,0
DA:15,0
DA:16,0
DA:17,0
DA:18,0
DA:19,0
DA:22,0
DA:23,0
DA:24,0
DA:25,0
DA:28,0
DA:29,0
DA:30,0
DA:32,0
DA:89,0
DA:101,0
DA:102,0
DA:103,0
DA:104,0
DA:108,0
DA:109,0
DA:111,0
DA:112,0
DA:113,0
DA:116,0
DA:117,0
DA:120,0
DA:121,0
DA:122,0
DA:123,0
DA:124,0
DA:127,0
DA:152,0
DA:178,0
DA:181,0
DA:184,0
DA:200,0
DA:203,0
DA:206,0
DA:218,0
DA:219,0
DA:220,0
DA:221,0
DA:222,0
DA:223,0
DA:225,0
DA:226,0
DA:227,0
DA:228,0
DA:229,0
DA:230,0
DA:231,0
DA:234,0
DA:235,0
DA:236,0
DA:238,0
DA:239,0
DA:241,0
DA:242,0
DA:243,0
DA:247,0
DA:248,0
DA:249,0
DA:250,0
DA:251,0
DA:252,0
DA:254,0
DA:255,0
DA:258,0
DA:259,0
DA:260,0
DA:261,0
DA:262,0
DA:263,0
DA:264,0
DA:265,0
DA:268,0
DA:269,0
DA:270,0
DA:271,0
DA:272,0
DA:274,0
DA:276,0
DA:277,0
DA:278,0
DA:279,0
DA:280,0
DA:281,0
DA:282,0
DA:286,0
DA:294,0
DA:296,0
DA:298,0
DA:353,0
DA:354,0
DA:355,0
DA:356,0
DA:358,0
DA:388,0
DA:391,0
DA:396,0
DA:412,0
DA:444,0
DA:445,0
DA:446,0
DA:447,0
DA:448,0
DA:449,0
DA:450,0
DA:451,0
DA:453,0
DA:454,0
DA:455,0
DA:456,0
DA:461,0
DA:462,0
DA:463,0
DA:464,0
DA:465,0
DA:468,0
DA:469,0
DA:470,0
DA:472,0
DA:473,0
DA:475,0
DA:476,0
DA:477,0
DA:481,0
DA:482,0
DA:486,0
DA:488,0
DA:490,0
DA:491,0
DA:492,0
DA:494,0
DA:495,0
DA:499,0
DA:500,0
DA:501,0
DA:502,0
DA:503,0
DA:505,0
DA:507,0
DA:508,0
DA:509,0
DA:511,0
DA:512,0
DA:515,0
DA:516,0
DA:517,0
DA:518,0
DA:519,0
DA:520,0
DA:521,0
DA:522,0
DA:525,0
DA:528,0
DA:529,0
DA:530,0
DA:531,0
DA:532,0
DA:535,0
DA:536,0
DA:537,0
DA:538,0
DA:545,0
DA:548,0
DA:560,0
DA:566,0
DA:595,0
DA:596,0
DA:597,0
DA:598,0
DA:599,0
DA:600,0
DA:602,0
DA:603,0
DA:605,0
DA:631,0
DA:641,0
DA:649,0
DA:669,0
DA:678,0
DA:686,0
DA:702,0
DA:740,0
DA:741,0
DA:742,0
DA:744,0
DA:745,0
DA:746,0
DA:747,0
DA:748,0
DA:749,0
DA:750,0
DA:751,0
DA:752,0
DA:753,0
DA:754,0
DA:755,0
DA:757,0
DA:759,0
DA:760,0
DA:761,0
DA:764,0
DA:768,0
DA:770,0
DA:771,0
DA:772,0
DA:773,0
DA:774,0
DA:775,0
DA:776,0
DA:778,0
DA:779,0
DA:781,0
DA:784,0
DA:785,0
DA:786,0
DA:787,0
DA:788,0
DA:789,0
DA:791,0
DA:792,0
DA:793,0
DA:797,0
DA:840,0
DA:841,0
DA:870,0
DA:884,0
LF:233
LH:0
BRDA:10,0,0,0
BRDA:11,1,0,0
BRDA:11,1,1,0
BRDA:11,2,0,0
BRDA:11,2,1,0
BRDA:11,2,2,0
BRDA:16,3,0,0
BRDA:16,3,1,0
BRDA:16,4,0,0
BRDA:16,4,1,0
BRDA:18,5,0,0
BRDA:18,5,1,0
BRDA:23,6,0,0
BRDA:23,6,1,0
BRDA:25,7,0,0
BRDA:25,7,1,0
BRDA:29,8,0,0
BRDA:29,8,1,0
BRDA:70,9,0,0
BRDA:70,9,1,0
BRDA:70,9,2,0
BRDA:71,10,0,0
BRDA:71,10,1,0
BRDA:71,10,2,0
BRDA:77,11,0,0
BRDA:77,11,1,0
BRDA:77,12,0,0
BRDA:77,12,1,0
BRDA:81,13,0,0
BRDA:81,13,1,0
BRDA:89,14,0,0
BRDA:89,14,1,0
BRDA:112,15,0,0
BRDA:112,15,1,0
BRDA:122,16,0,0
BRDA:122,16,1,0
BRDA:123,17,0,0
BRDA:123,17,1,0
BRDA:124,18,0,0
BRDA:124,18,1,0
BRDA:152,19,0,0
BRDA:152,19,1,0
BRDA:152,20,0,0
BRDA:152,20,1,0
BRDA:153,21,0,0
BRDA:153,21,1,0
BRDA:178,22,0,0
BRDA:178,22,1,0
BRDA:181,23,0,0
BRDA:181,23,1,0
BRDA:184,24,0,0
BRDA:184,24,1,0
BRDA:192,25,0,0
BRDA:192,25,1,0
BRDA:193,26,0,0
BRDA:193,26,1,0
BRDA:194,27,0,0
BRDA:194,27,1,0
BRDA:200,28,0,0
BRDA:200,28,1,0
BRDA:203,29,0,0
BRDA:203,29,1,0
BRDA:206,30,0,0
BRDA:206,30,1,0
BRDA:225,31,0,0
BRDA:226,32,0,0
BRDA:226,32,1,0
BRDA:229,33,0,0
BRDA:229,33,1,0
BRDA:231,34,0,0
BRDA:231,34,1,0
BRDA:251,35,0,0
BRDA:251,35,1,0
BRDA:260,36,0,0
BRDA:260,36,1,0
BRDA:270,37,0,0
BRDA:270,37,1,0
BRDA:272,38,0,0
BRDA:272,38,1,0
BRDA:278,39,0,0
BRDA:278,39,1,0
BRDA:278,40,0,0
BRDA:278,40,1,0
BRDA:278,41,0,0
BRDA:278,41,1,0
BRDA:279,42,0,0
BRDA:279,42,1,0
BRDA:279,43,0,0
BRDA:279,43,1,0
BRDA:280,44,0,0
BRDA:280,44,1,0
BRDA:280,45,0,0
BRDA:280,45,1,0
BRDA:281,46,0,0
BRDA:281,46,1,0
BRDA:281,47,0,0
BRDA:281,47,1,0
BRDA:347,48,0,0
BRDA:347,48,1,0
BRDA:349,49,0,0
BRDA:349,49,1,0
BRDA:353,50,0,0
BRDA:353,50,1,0
BRDA:370,51,0,0
BRDA:370,51,1,0
BRDA:374,52,0,0
BRDA:374,52,1,0
BRDA:386,53,0,0
BRDA:386,53,1,0
BRDA:386,53,2,0
BRDA:389,54,0,0
BRDA:389,54,1,0
BRDA:396,55,0,0
BRDA:396,55,1,0
BRDA:396,56,0,0
BRDA:396,56,1,0
BRDA:411,57,0,0
BRDA:411,57,1,0
BRDA:424,58,0,0
BRDA:424,58,1,0
BRDA:427,59,0,0
BRDA:427,59,1,0
BRDA:453,60,0,0
BRDA:454,61,0,0
BRDA:454,61,1,0
BRDA:461,62,0,0
BRDA:461,62,1,0
BRDA:462,63,0,0
BRDA:462,63,1,0
BRDA:463,64,0,0
BRDA:463,64,1,0
BRDA:465,65,0,0
BRDA:465,65,1,0
BRDA:482,66,0,0
BRDA:482,66,1,0
BRDA:486,67,0,0
BRDA:486,67,1,0
BRDA:501,68,0,0
BRDA:501,68,1,0
BRDA:501,68,2,0
BRDA:502,69,0,0
BRDA:502,69,1,0
BRDA:502,69,2,0
BRDA:503,70,0,0
BRDA:503,70,1,0
BRDA:503,71,0,0
BRDA:503,71,1,0
BRDA:505,72,0,0
BRDA:505,72,1,0
BRDA:511,73,0,0
BRDA:511,73,1,0
BRDA:511,74,0,0
BRDA:511,74,1,0
BRDA:511,74,2,0
BRDA:511,74,3,0
BRDA:512,75,0,0
BRDA:512,75,1,0
BRDA:515,76,0,0
BRDA:515,76,1,0
BRDA:517,77,0,0
BRDA:517,77,1,0
BRDA:518,78,0,0
BRDA:518,78,1,0
BRDA:519,79,0,0
BRDA:519,79,1,0
BRDA:521,80,0,0
BRDA:521,80,1,0
BRDA:529,81,0,0
BRDA:529,81,1,0
BRDA:530,82,0,0
BRDA:530,82,1,0
BRDA:530,83,0,0
BRDA:530,83,1,0
BRDA:530,83,2,0
BRDA:530,83,3,0
BRDA:531,84,0,0
BRDA:531,84,1,0
BRDA:537,85,0,0
BRDA:537,85,1,0
BRDA:545,86,0,0
BRDA:545,86,1,0
BRDA:575,87,0,0
BRDA:575,87,1,0
BRDA:595,88,0,0
BRDA:595,88,1,0
BRDA:595,88,2,0
BRDA:596,89,0,0
BRDA:596,89,1,0
BRDA:598,90,0,0
BRDA:598,90,1,0
BRDA:599,91,0,0
BRDA:599,91,1,0
BRDA:600,92,0,0
BRDA:600,92,1,0
BRDA:600,92,2,0
BRDA:602,93,0,0
BRDA:602,93,1,0
BRDA:603,94,0,0
BRDA:603,94,1,0
BRDA:607,95,0,0
BRDA:607,95,1,0
BRDA:609,96,0,0
BRDA:609,96,1,0
BRDA:618,97,0,0
BRDA:618,97,1,0
BRDA:621,98,0,0
BRDA:621,98,1,0
BRDA:624,99,0,0
BRDA:624,99,1,0
BRDA:624,100,0,0
BRDA:624,100,1,0
BRDA:624,101,0,0
BRDA:624,101,1,0
BRDA:631,102,0,0
BRDA:631,102,1,0
BRDA:632,103,0,0
BRDA:632,103,1,0
BRDA:634,104,0,0
BRDA:634,104,1,0
BRDA:658,105,0,0
BRDA:658,105,1,0
BRDA:668,106,0,0
BRDA:668,106,1,0
BRDA:672,107,0,0
BRDA:672,107,1,0
BRDA:690,108,0,0
BRDA:690,108,1,0
BRDA:693,109,0,0
BRDA:693,109,1,0
BRDA:697,110,0,0
BRDA:697,110,1,0
BRDA:705,111,0,0
BRDA:705,111,1,0
BRDA:717,112,0,0
BRDA:717,112,1,0
BRDA:719,113,0,0
BRDA:719,113,1,0
BRDA:720,114,0,0
BRDA:720,114,1,0
BRDA:749,115,0,0
BRDA:749,115,1,0
BRDA:752,116,0,0
BRDA:752,116,1,0
BRDA:753,117,0,0
BRDA:753,117,1,0
BRDA:775,118,0,0
BRDA:775,118,1,0
BRDA:779,119,0,0
BRDA:779,119,1,0
BRDA:787,120,0,0
BRDA:787,120,1,0
BRDA:788,121,0,0
BRDA:788,121,1,0
BRDA:789,122,0,0
BRDA:789,122,1,0
BRDA:804,123,0,0
BRDA:804,123,1,0
BRDA:822,124,0,0
BRDA:822,124,1,0
BRF:259
BRH:0
end_of_record
TN:
SF:src/components/Scanner.jsx
FN:5,BarcodeScannerUI
FN:10,(anonymous_1)
FN:14,(anonymous_2)
FN:37,(anonymous_3)
FN:40,(anonymous_4)
FN:46,(anonymous_5)
FN:66,(anonymous_6)
FN:70,(anonymous_7)
FNF:8
FNH:0
FNDA:0,BarcodeScannerUI
FNDA:0,(anonymous_1)
FNDA:0,(anonymous_2)
FNDA:0,(anonymous_3)
FNDA:0,(anonymous_4)
FNDA:0,(anonymous_5)
FNDA:0,(anonymous_6)
FNDA:0,(anonymous_7)
DA:6,0
DA:7,0
DA:8,0
DA:10,0
DA:11,0
DA:14,0
DA:15,0
DA:17,0
DA:18,0
DA:34,0
DA:36,0
DA:39,0
DA:40,0
DA:42,0
DA:43,0
DA:49,0
DA:50,0
DA:51,0
DA:57,0
DA:58,0
DA:59,0
DA:60,0
DA:66,0
DA:67,0
DA:68,0
DA:69,0
DA:70,0
DA:71,0
DA:73,0
DA:78,0
LF:30
LH:0
BRDA:15,0,0,0
BRDA:15,0,1,0
BRDA:15,1,0,0
BRDA:15,1,1,0
BRDA:39,2,0,0
BRDA:39,2,1,0
BRDA:42,3,0,0
BRDA:42,3,1,0
BRDA:49,4,0,0
BRDA:49,4,1,0
BRDA:50,5,0,0
BRDA:50,5,1,0
BRDA:58,6,0,0
BRDA:58,6,1,0
BRDA:69,7,0,0
BRDA:69,7,1,0
BRF:16
BRH:0
end_of_record
TN:
SF:src/components/SupplierDashboard.jsx
FN:8,(anonymous_0)
FN:14,(anonymous_1)
FN:21,(anonymous_2)
FN:27,(anonymous_3)
FN:33,SupplierDashboard
FN:57,(anonymous_5)
FN:62,(anonymous_6)
FN:76,(anonymous_7)
FN:107,(anonymous_8)
FN:111,(anonymous_9)
FN:117,(anonymous_10)
FN:145,(anonymous_11)
FN:191,(anonymous_12)
FN:213,(anonymous_13)
FN:282,(anonymous_14)
FN:297,(anonymous_15)
FN:315,(anonymous_16)
FN:335,(anonymous_17)
FN:345,(anonymous_18)
FN:346,(anonymous_19)
FN:347,(anonymous_20)
FN:349,(anonymous_21)
FN:351,(anonymous_22)
FN:357,(anonymous_23)
FN:358,(anonymous_24)
FN:368,(anonymous_25)
FN:370,(anonymous_26)
FN:374,(anonymous_27)
FN:379,(anonymous_28)
FN:385,(anonymous_29)
FN:396,(anonymous_30)
FN:401,(anonymous_31)
FN:417,(anonymous_32)
FN:466,(anonymous_33)
FN:480,(anonymous_34)
FN:495,(anonymous_35)
FN:510,(anonymous_36)
FN:517,(anonymous_37)
FN:549,(anonymous_38)
FN:573,(anonymous_39)
FN:582,(anonymous_40)
FN:613,(anonymous_41)
FN:678,(anonymous_42)
FN:682,(anonymous_43)
FN:705,(anonymous_44)
FN:715,(anonymous_45)
FN:720,(anonymous_46)
FN:739,(anonymous_47)
FN:746,(anonymous_48)
FN:758,(anonymous_49)
FN:790,(anonymous_50)
FN:816,(anonymous_51)
FN:820,(anonymous_52)
FN:859,(anonymous_53)
FN:891,(anonymous_54)
FN:920,(anonymous_55)
FN:936,(anonymous_56)
FN:969,(anonymous_57)
FN:970,(anonymous_58)
FN:971,(anonymous_59)
FN:981,(anonymous_60)
FN:1000,(anonymous_61)
FNF:62
FNH:0
FNDA:0,(anonymous_0)
FNDA:0,(anonymous_1)
FNDA:0,(anonymous_2)
FNDA:0,(anonymous_3)
FNDA:0,SupplierDashboard
FNDA:0,(anonymous_5)
FNDA:0,(anonymous_6)
FNDA:0,(anonymous_7)
FNDA:0,(anonymous_8)
FNDA:0,(anonymous_9)
FNDA:0,(anonymous_10)
FNDA:0,(anonymous_11)
FNDA:0,(anonymous_12)
FNDA:0,(anonymous_13)
FNDA:0,(anonymous_14)
FNDA:0,(anonymous_15)
FNDA:0,(anonymous_16)
FNDA:0,(anonymous_17)
FNDA:0,(anonymous_18)
FNDA:0,(anonymous_19)
FNDA:0,(anonymous_20)
FNDA:0,(anonymous_21)
FNDA:0,(anonymous_22)
FNDA:0,(anonymous_23)
FNDA:0,(anonymous_24)
FNDA:0,(anonymous_25)
FNDA:0,(anonymous_26)
FNDA:0,(anonymous_27)
FNDA:0,(anonymous_28)
FNDA:0,(anonymous_29)
FNDA:0,(anonymous_30)
FNDA:0,(anonymous_31)
FNDA:0,(anonymous_32)
FNDA:0,(anonymous_33)
FNDA:0,(anonymous_34)
FNDA:0,(anonymous_35)
FNDA:0,(anonymous_36)
FNDA:0,(anonymous_37)
FNDA:0,(anonymous_38)
FNDA:0,(anonymous_39)
FNDA:0,(anonymous_40)
FNDA:0,(anonymous_41)
FNDA:0,(anonymous_42)
FNDA:0,(anonymous_43)
FNDA:0,(anonymous_44)
FNDA:0,(anonymous_45)
FNDA:0,(anonymous_46)
FNDA:0,(anonymous_47)
FNDA:0,(anonymous_48)
FNDA:0,(anonymous_49)
FNDA:0,(anonymous_50)
FNDA:0,(anonymous_51)
FNDA:0,(anonymous_52)
FNDA:0,(anonymous_53)
FNDA:0,(anonymous_54)
FNDA:0,(anonymous_55)
FNDA:0,(anonymous_56)
FNDA:0,(anonymous_57)
FNDA:0,(anonymous_58)
FNDA:0,(anonymous_59)
FNDA:0,(anonymous_60)
FNDA:0,(anonymous_61)
DA:8,0
DA:9,0
DA:10,0
DA:11,0
DA:14,0
DA:15,0
DA:16,0
DA:17,0
DA:18,0
DA:21,0
DA:22,0
DA:23,0
DA:24,0
DA:27,0
DA:28,0
DA:29,0
DA:30,0
DA:34,0
DA:35,0
DA:36,0
DA:37,0
DA:38,0
DA:40,0
DA:41,0
DA:42,0
DA:43,0
DA:44,0
DA:45,0
DA:46,0
DA:47,0
DA:48,0
DA:49,0
DA:50,0
DA:52,0
DA:54,0
DA:55,0
DA:56,0
DA:57,0
DA:58,0
DA:59,0
DA:62,0
DA:63,0
DA:64,0
DA:65,0
DA:66,0
DA:67,0
DA:74,0
DA:75,0
DA:76,0
DA:77,0
DA:78,0
DA:79,0
DA:80,0
DA:81,0
DA:82,0
DA:83,0
DA:84,0
DA:86,0
DA:88,0
DA:89,0
DA:91,0
DA:92,0
DA:94,0
DA:95,0
DA:100,0
DA:103,0
DA:107,0
DA:108,0
DA:109,0
DA:110,0
DA:111,0
DA:112,0
DA:113,0
DA:117,0
DA:118,0
DA:119,0
DA:120,0
DA:122,0
DA:123,0
DA:125,0
DA:127,0
DA:132,0
DA:133,0
DA:134,0
DA:136,0
DA:137,0
DA:142,0
DA:144,0
DA:145,0
DA:146,0
DA:151,0
DA:152,0
DA:153,0
DA:154,0
DA:155,0
DA:156,0
DA:160,0
DA:161,0
DA:163,0
DA:164,0
DA:167,0
DA:168,0
DA:170,0
DA:172,0
DA:173,0
DA:174,0
DA:175,0
DA:178,0
DA:179,0
DA:182,0
DA:183,0
DA:186,0
DA:187,0
DA:191,0
DA:192,0
DA:193,0
DA:194,0
DA:196,0
DA:198,0
DA:199,0
DA:200,0
DA:201,0
DA:202,0
DA:203,0
DA:204,0
DA:207,0
DA:209,0
DA:210,0
DA:213,0
DA:214,0
DA:215,0
DA:216,0
DA:217,0
DA:218,0
DA:220,0
DA:221,0
DA:222,0
DA:223,0
DA:226,0
DA:227,0
DA:282,0
DA:294,0
DA:295,0
DA:296,0
DA:297,0
DA:299,0
DA:300,0
DA:301,0
DA:304,0
DA:305,0
DA:306,0
DA:307,0
DA:308,0
DA:310,0
DA:315,0
DA:316,0
DA:317,0
DA:318,0
DA:319,0
DA:320,0
DA:321,0
DA:322,0
DA:324,0
DA:325,0
DA:326,0
DA:327,0
DA:328,0
DA:329,0
DA:330,0
DA:331,0
DA:335,0
DA:336,0
DA:337,0
DA:338,0
DA:339,0
DA:340,0
DA:341,0
DA:344,0
DA:345,0
DA:346,0
DA:347,0
DA:349,0
DA:350,0
DA:351,0
DA:352,0
DA:357,0
DA:358,0
DA:368,0
DA:369,0
DA:370,0
DA:374,0
DA:376,0
DA:377,0
DA:379,0
DA:380,0
DA:381,0
DA:382,0
DA:385,0
DA:386,0
DA:387,0
DA:388,0
DA:389,0
DA:390,0
DA:391,0
DA:392,0
DA:396,0
DA:397,0
DA:398,0
DA:401,0
DA:402,0
DA:404,0
DA:405,0
DA:411,0
DA:412,0
DA:413,0
DA:414,0
DA:417,0
DA:418,0
DA:419,0
DA:423,0
DA:430,0
DA:431,0
DA:433,0
DA:434,0
DA:435,0
DA:437,0
DA:444,0
DA:445,0
DA:446,0
DA:447,0
DA:450,0
DA:451,0
DA:452,0
DA:455,0
DA:456,0
DA:460,0
DA:461,0
DA:462,0
DA:466,0
DA:468,0
DA:480,0
DA:481,0
DA:482,0
DA:483,0
DA:484,0
DA:485,0
DA:487,0
DA:488,0
DA:489,0
DA:490,0
DA:491,0
DA:492,0
DA:495,0
DA:497,0
DA:510,0
DA:511,0
DA:512,0
DA:513,0
DA:517,0
DA:518,0
DA:519,0
DA:520,0
DA:550,0
DA:573,0
DA:574,0
DA:575,0
DA:576,0
DA:577,0
DA:578,0
DA:579,0
DA:580,0
DA:581,0
DA:582,0
DA:583,0
DA:588,0
DA:613,0
DA:679,0
DA:682,0
DA:705,0
DA:716,0
DA:717,0
DA:719,0
DA:720,0
DA:721,0
DA:723,0
DA:739,0
DA:746,0
DA:758,0
DA:790,0
DA:816,0
DA:820,0
DA:860,0
DA:892,0
DA:920,0
DA:936,0
DA:969,0
DA:970,0
DA:971,0
DA:982,0
DA:1000,0
LF:300
LH:0
BRDA:8,0,0,0
BRDA:9,1,0,0
BRDA:9,1,1,0
BRDA:9,2,0,0
BRDA:9,2,1,0
BRDA:9,2,2,0
BRDA:15,3,0,0
BRDA:15,3,1,0
BRDA:15,4,0,0
BRDA:15,4,1,0
BRDA:17,5,0,0
BRDA:17,5,1,0
BRDA:22,6,0,0
BRDA:22,6,1,0
BRDA:24,7,0,0
BRDA:24,7,1,0
BRDA:28,8,0,0
BRDA:28,8,1,0
BRDA:30,9,0,0
BRDA:30,9,1,0
BRDA:58,10,0,0
BRDA:58,10,1,0
BRDA:63,11,0,0
BRDA:63,11,1,0
BRDA:64,12,0,0
BRDA:64,12,1,0
BRDA:74,13,0,0
BRDA:74,13,1,0
BRDA:75,14,0,0
BRDA:75,14,1,0
BRDA:76,15,0,0
BRDA:76,15,1,0
BRDA:77,16,0,0
BRDA:77,16,1,0
BRDA:78,17,0,0
BRDA:78,17,1,0
BRDA:80,18,0,0
BRDA:80,18,1,0
BRDA:81,19,0,0
BRDA:81,19,1,0
BRDA:82,20,0,0
BRDA:82,20,1,0
BRDA:83,21,0,0
BRDA:83,21,1,0
BRDA:84,22,0,0
BRDA:84,22,1,0
BRDA:84,23,0,0
BRDA:84,23,1,0
BRDA:88,24,0,0
BRDA:88,24,1,0
BRDA:89,25,0,0
BRDA:89,25,1,0
BRDA:91,26,0,0
BRDA:91,26,1,0
BRDA:92,27,0,0
BRDA:92,27,1,0
BRDA:94,28,0,0
BRDA:94,28,1,0
BRDA:95,29,0,0
BRDA:95,29,1,0
BRDA:118,30,0,0
BRDA:118,30,1,0
BRDA:118,31,0,0
BRDA:118,31,1,0
BRDA:132,32,0,0
BRDA:132,32,1,0
BRDA:132,33,0,0
BRDA:132,33,1,0
BRDA:142,34,0,0
BRDA:142,34,1,0
BRDA:144,35,0,0
BRDA:144,35,1,0
BRDA:144,35,2,0
BRDA:145,36,0,0
BRDA:145,36,1,0
BRDA:146,37,0,0
BRDA:146,37,1,0
BRDA:146,37,2,0
BRDA:147,38,0,0
BRDA:147,38,1,0
BRDA:148,39,0,0
BRDA:148,39,1,0
BRDA:148,40,0,0
BRDA:148,40,1,0
BRDA:151,41,0,0
BRDA:151,41,1,0
BRDA:155,42,0,0
BRDA:155,42,1,0
BRDA:170,43,0,0
BRDA:170,43,1,0
BRDA:174,44,0,0
BRDA:174,44,1,0
BRDA:182,45,0,0
BRDA:182,45,1,0
BRDA:192,46,0,0
BRDA:192,46,1,0
BRDA:200,47,0,0
BRDA:200,47,1,0
BRDA:205,48,0,0
BRDA:205,48,1,0
BRDA:216,49,0,0
BRDA:216,49,1,0
BRDA:218,50,0,0
BRDA:218,50,1,0
BRDA:221,51,0,0
BRDA:221,51,1,0
BRDA:299,52,0,0
BRDA:299,52,1,0
BRDA:305,53,0,0
BRDA:305,53,1,0
BRDA:307,54,0,0
BRDA:307,54,1,0
BRDA:316,55,0,0
BRDA:316,55,1,0
BRDA:324,56,0,0
BRDA:324,56,1,0
BRDA:325,57,0,0
BRDA:325,57,1,0
BRDA:336,58,0,0
BRDA:336,58,1,0
BRDA:345,59,0,0
BRDA:345,59,1,0
BRDA:347,60,0,0
BRDA:347,60,1,0
BRDA:350,61,0,0
BRDA:350,61,1,0
BRDA:352,62,0,0
BRDA:352,62,1,0
BRDA:352,63,0,0
BRDA:352,63,1,0
BRDA:359,64,0,0
BRDA:359,64,1,0
BRDA:360,65,0,0
BRDA:360,65,1,0
BRDA:360,65,2,0
BRDA:360,65,3,0
BRDA:361,66,0,0
BRDA:361,66,1,0
BRDA:361,66,2,0
BRDA:361,66,3,0
BRDA:362,67,0,0
BRDA:362,67,1,0
BRDA:362,67,2,0
BRDA:362,67,3,0
BRDA:362,67,4,0
BRDA:363,68,0,0
BRDA:363,68,1,0
BRDA:363,68,2,0
BRDA:363,68,3,0
BRDA:364,69,0,0
BRDA:364,69,1,0
BRDA:364,69,2,0
BRDA:364,69,3,0
BRDA:381,70,0,0
BRDA:381,70,1,0
BRDA:386,71,0,0
BRDA:386,71,1,0
BRDA:387,72,0,0
BRDA:387,72,1,0
BRDA:388,73,0,0
BRDA:388,73,1,0
BRDA:389,74,0,0
BRDA:389,74,1,0
BRDA:392,75,0,0
BRDA:392,75,1,0
BRDA:392,75,2,0
BRDA:392,75,3,0
BRDA:397,76,0,0
BRDA:397,76,1,0
BRDA:398,77,0,0
BRDA:398,77,1,0
BRDA:401,78,0,0
BRDA:401,78,1,0
BRDA:404,79,0,0
BRDA:404,79,1,0
BRDA:411,80,0,0
BRDA:411,80,1,0
BRDA:413,81,0,0
BRDA:413,81,1,0
BRDA:417,82,0,0
BRDA:417,82,1,0
BRDA:417,83,0,0
BRDA:417,83,1,0
BRDA:417,84,0,0
BRDA:417,84,1,0
BRDA:418,85,0,0
BRDA:418,85,1,0
BRDA:419,86,0,0
BRDA:419,86,1,0
BRDA:425,87,0,0
BRDA:425,87,1,0
BRDA:430,88,0,0
BRDA:430,88,1,0
BRDA:433,89,0,0
BRDA:433,89,1,0
BRDA:438,90,0,0
BRDA:438,90,1,0
BRDA:439,91,0,0
BRDA:439,91,1,0
BRDA:440,92,0,0
BRDA:440,92,1,0
BRDA:441,93,0,0
BRDA:441,93,1,0
BRDA:444,94,0,0
BRDA:444,94,1,0
BRDA:446,95,0,0
BRDA:446,95,1,0
BRDA:450,96,0,0
BRDA:450,96,1,0
BRDA:451,97,0,0
BRDA:451,97,1,0
BRDA:452,98,0,0
BRDA:452,98,1,0
BRDA:455,99,0,0
BRDA:455,99,1,0
BRDA:455,100,0,0
BRDA:455,100,1,0
BRDA:460,101,0,0
BRDA:460,101,1,0
BRDA:461,102,0,0
BRDA:461,102,1,0
BRDA:462,103,0,0
BRDA:462,103,1,0
BRDA:481,104,0,0
BRDA:481,104,1,0
BRDA:482,105,0,0
BRDA:482,105,1,0
BRDA:483,106,0,0
BRDA:483,106,1,0
BRDA:487,107,0,0
BRDA:487,107,1,0
BRDA:489,108,0,0
BRDA:489,108,1,0
BRDA:491,109,0,0
BRDA:491,109,1,0
BRDA:511,110,0,0
BRDA:511,110,1,0
BRDA:512,111,0,0
BRDA:512,111,1,0
BRDA:518,112,0,0
BRDA:518,112,1,0
BRDA:519,113,0,0
BRDA:519,113,1,0
BRDA:542,114,0,0
BRDA:542,114,1,0
BRDA:575,115,0,0
BRDA:575,115,1,0
BRDA:577,116,0,0
BRDA:577,116,1,0
BRDA:580,117,0,0
BRDA:580,117,1,0
BRDA:583,118,0,0
BRDA:583,118,1,0
BRDA:589,119,0,0
BRDA:589,119,1,0
BRDA:610,120,0,0
BRDA:610,120,1,0
BRDA:613,121,0,0
BRDA:613,121,1,0
BRDA:614,122,0,0
BRDA:614,122,1,0
BRDA:683,123,0,0
BRDA:683,123,1,0
BRDA:693,124,0,0
BRDA:693,124,1,0
BRDA:713,125,0,0
BRDA:713,125,1,0
BRDA:716,126,0,0
BRDA:716,126,1,0
BRDA:716,126,2,0
BRDA:716,127,0,0
BRDA:716,127,1,0
BRDA:719,128,0,0
BRDA:719,128,1,0
BRDA:719,129,0,0
BRDA:719,129,1,0
BRDA:720,130,0,0
BRDA:720,130,1,0
BRDA:720,131,0,0
BRDA:720,131,1,0
BRDA:720,132,0,0
BRDA:720,132,1,0
BRDA:721,133,0,0
BRDA:721,133,1,0
BRDA:721,134,0,0
BRDA:721,134,1,0
BRDA:731,135,0,0
BRDA:731,135,1,0
BRDA:739,136,0,0
BRDA:739,136,1,0
BRDA:743,137,0,0
BRDA:743,137,1,0
BRDA:758,138,0,0
BRDA:758,138,1,0
BRDA:758,139,0,0
BRDA:758,139,1,0
BRDA:764,140,0,0
BRDA:764,140,1,0
BRDA:770,141,0,0
BRDA:770,141,1,0
BRDA:782,142,0,0
BRDA:782,142,1,0
BRDA:794,143,0,0
BRDA:794,143,1,0
BRDA:795,144,0,0
BRDA:795,144,1,0
BRDA:798,145,0,0
BRDA:798,145,1,0
BRDA:798,145,2,0
BRDA:807,146,0,0
BRDA:807,146,1,0
BRDA:823,147,0,0
BRDA:823,147,1,0
BRDA:823,147,2,0
BRDA:824,148,0,0
BRDA:824,148,1,0
BRDA:827,149,0,0
BRDA:827,149,1,0
BRDA:827,149,2,0
BRDA:829,150,0,0
BRDA:829,150,1,0
BRDA:830,151,0,0
BRDA:830,151,1,0
BRDA:841,152,0,0
BRDA:841,152,1,0
BRDA:850,153,0,0
BRDA:850,153,1,0
BRDA:894,154,0,0
BRDA:894,154,1,0
BRDA:896,155,0,0
BRDA:896,155,1,0
BRDA:914,156,0,0
BRDA:914,156,1,0
BRDA:936,157,0,0
BRDA:936,157,1,0
BRDA:939,158,0,0
BRDA:939,158,1,0
BRDA:943,159,0,0
BRDA:943,159,1,0
BRDA:950,160,0,0
BRDA:950,160,1,0
BRDA:977,161,0,0
BRDA:977,161,1,0
BRDA:984,162,0,0
BRDA:984,162,1,0
BRDA:984,163,0,0
BRDA:984,163,1,0
BRDA:984,164,0,0
BRDA:984,164,1,0
BRDA:984,165,0,0
BRDA:984,165,1,0
BRDA:987,166,0,0
BRDA:987,166,1,0
BRDA:988,167,0,0
BRDA:988,167,1,0
BRDA:988,167,2,0
BRDA:996,168,0,0
BRDA:996,168,1,0
BRF:358
BRH:0
end_of_record
TN:
SF:src/components/Upload.jsx
FN:4,Upload
FN:17,(anonymous_1)
FN:23,(anonymous_2)
FN:24,(anonymous_3)
FN:48,(anonymous_4)
FN:60,(anonymous_5)
FN:100,(anonymous_6)
FN:153,(anonymous_7)
FN:212,(anonymous_8)
FN:228,(anonymous_9)
FN:236,(anonymous_10)
FNF:11
FNH:0
FNDA:0,Upload
FNDA:0,(anonymous_1)
FNDA:0,(anonymous_2)
FNDA:0,(anonymous_3)
FNDA:0,(anonymous_4)
FNDA:0,(anonymous_5)
FNDA:0,(anonymous_6)
FNDA:0,(anonymous_7)
FNDA:0,(anonymous_8)
FNDA:0,(anonymous_9)
FNDA:0,(anonymous_10)
DA:5,0
DA:6,0
DA:7,0
DA:9,0
DA:10,0
DA:11,0
DA:12,0
DA:14,0
DA:15,0
DA:17,0
DA:18,0
DA:19,0
DA:23,0
DA:24,0
DA:25,0
DA:27,0
DA:28,0
DA:31,0
DA:32,0
DA:33,0
DA:38,0
DA:40,0
DA:41,0
DA:45,0
DA:48,0
DA:49,0
DA:50,0
DA:51,0
DA:52,0
DA:53,0
DA:54,0
DA:55,0
DA:56,0
DA:60,0
DA:61,0
DA:62,0
DA:63,0
DA:66,0
DA:67,0
DA:68,0
DA:69,0
DA:70,0
DA:71,0
DA:73,0
DA:74,0
DA:76,0
DA:77,0
DA:79,0
DA:80,0
DA:85,0
DA:86,0
DA:87,0
DA:89,0
DA:92,0
DA:93,0
DA:94,0
DA:96,0
DA:100,0
DA:101,0
DA:103,0
DA:154,0
DA:201,0
DA:212,0
DA:228,0
DA:236,0
LF:65
LH:0
BRDA:18,0,0,0
BRDA:18,0,1,0
BRDA:25,1,0,0
BRDA:25,1,1,0
BRDA:25,2,0,0
BRDA:25,2,1,0
BRDA:27,3,0,0
BRDA:27,3,1,0
BRDA:49,4,0,0
BRDA:49,4,1,0
BRDA:49,5,0,0
BRDA:49,5,1,0
BRDA:50,6,0,0
BRDA:50,6,1,0
BRDA:51,7,0,0
BRDA:51,7,1,0
BRDA:61,8,0,0
BRDA:61,8,1,0
BRDA:61,9,0,0
BRDA:61,9,1,0
BRDA:85,10,0,0
BRDA:85,10,1,0
BRDA:85,11,0,0
BRDA:85,11,1,0
BRDA:101,12,0,0
BRDA:101,12,1,0
BRDA:125,13,0,0
BRDA:125,13,1,0
BRDA:141,14,0,0
BRDA:141,14,1,0
BRDA:141,15,0,0
BRDA:141,15,1,0
BRDA:156,16,0,0
BRDA:156,16,1,0
BRDA:191,17,0,0
BRDA:191,17,1,0
BRDA:215,18,0,0
BRDA:215,18,1,0
BRDA:241,19,0,0
BRDA:241,19,1,0
BRDA:241,19,2,0
BRDA:242,20,0,0
BRDA:242,20,1,0
BRDA:242,21,0,0
BRDA:242,21,1,0
BRDA:242,21,2,0
BRDA:244,22,0,0
BRDA:244,22,1,0
BRDA:247,23,0,0
BRDA:247,23,1,0
BRDA:262,24,0,0
BRDA:262,24,1,0
BRDA:263,25,0,0
BRDA:263,25,1,0
BRDA:264,26,0,0
BRDA:264,26,1,0
BRDA:265,27,0,0
BRDA:265,27,1,0
BRDA:268,28,0,0
BRDA:268,28,1,0
BRDA:268,28,2,0
BRDA:270,29,0,0
BRDA:270,29,1,0
BRDA:271,30,0,0
BRDA:271,30,1,0
BRDA:272,31,0,0
BRDA:272,31,1,0
BRDA:278,32,0,0
BRDA:278,32,1,0
BRDA:278,32,2,0
BRF:70
BRH:0
end_of_record
TN:
SF:src/components/WarehousePortal.jsx
FN:15,(anonymous_0)
FN:30,(anonymous_1)
FN:37,(anonymous_2)
FN:41,(anonymous_3)
FN:60,(anonymous_4)
FN:62,(anonymous_5)
FN:68,(anonymous_6)
FN:80,(anonymous_7)
FN:84,(anonymous_8)
FN:90,(anonymous_9)
FN:97,(anonymous_10)
FN:99,(anonymous_11)
FN:106,(anonymous_12)
FN:116,(anonymous_13)
FN:160,(anonymous_14)
FN:262,WarehousePortal
FN:291,(anonymous_16)
FN:293,(anonymous_17)
FN:307,(anonymous_18)
FN:318,(anonymous_19)
FN:323,(anonymous_20)
FN:324,(anonymous_21)
FN:344,(anonymous_22)
FN:354,(anonymous_23)
FN:362,(anonymous_24)
FN:364,(anonymous_25)
FN:374,(anonymous_26)
FN:383,(anonymous_27)
FN:390,(anonymous_28)
FN:393,(anonymous_29)
FN:399,(anonymous_30)
FN:416,(anonymous_31)
FN:437,(anonymous_32)
FN:451,(anonymous_33)
FN:463,(anonymous_34)
FN:465,(anonymous_35)
FN:466,(anonymous_36)
FN:469,(anonymous_37)
FN:530,(anonymous_38)
FN:531,(anonymous_39)
FN:538,(anonymous_40)
FN:541,(anonymous_41)
FN:547,(anonymous_42)
FN:562,(anonymous_43)
FN:594,(anonymous_44)
FN:612,(anonymous_45)
FN:666,(anonymous_46)
FN:684,(anonymous_47)
FN:689,(anonymous_48)
FN:692,(anonymous_49)
FN:694,(anonymous_50)
FN:695,(anonymous_51)
FN:698,(anonymous_52)
FN:699,(anonymous_53)
FN:718,(anonymous_54)
FN:720,(anonymous_55)
FN:741,(anonymous_56)
FN:747,(anonymous_57)
FN:769,(anonymous_58)
FN:770,(anonymous_59)
FN:773,(anonymous_60)
FN:779,(anonymous_61)
FN:787,(anonymous_62)
FN:840,(anonymous_63)
FN:867,(anonymous_64)
FN:888,(anonymous_65)
FN:890,(anonymous_66)
FN:961,(anonymous_67)
FN:968,(anonymous_68)
FN:974,(anonymous_69)
FN:979,(anonymous_70)
FN:981,(anonymous_71)
FN:982,(anonymous_72)
FN:985,(anonymous_73)
FN:994,(anonymous_74)
FN:1000,(anonymous_75)
FN:1005,(anonymous_76)
FN:1012,(anonymous_77)
FN:1055,(anonymous_78)
FN:1075,(anonymous_79)
FN:1102,(anonymous_80)
FN:1120,(anonymous_81)
FN:1231,(anonymous_82)
FN:1237,(anonymous_83)
FN:1250,(anonymous_84)
FN:1259,(anonymous_85)
FN:1265,(anonymous_86)
FN:1280,(anonymous_87)
FN:1287,(anonymous_88)
FN:1331,(anonymous_89)
FN:1348,(anonymous_90)
FN:1361,(anonymous_91)
FN:1396,(anonymous_92)
FN:1402,(anonymous_93)
FN:1441,(anonymous_94)
FN:1472,(anonymous_95)
FN:1481,(anonymous_96)
FN:1485,(anonymous_97)
FN:1501,(anonymous_98)
FN:1510,(anonymous_99)
FN:1521,(anonymous_100)
FN:1532,(anonymous_101)
FNF:102
FNH:0
FNDA:0,(anonymous_0)
FNDA:0,(anonymous_1)
FNDA:0,(anonymous_2)
FNDA:0,(anonymous_3)
FNDA:0,(anonymous_4)
FNDA:0,(anonymous_5)
FNDA:0,(anonymous_6)
FNDA:0,(anonymous_7)
FNDA:0,(anonymous_8)
FNDA:0,(anonymous_9)
FNDA:0,(anonymous_10)
FNDA:0,(anonymous_11)
FNDA:0,(anonymous_12)
FNDA:0,(anonymous_13)
FNDA:0,(anonymous_14)
FNDA:0,WarehousePortal
FNDA:0,(anonymous_16)
FNDA:0,(anonymous_17)
FNDA:0,(anonymous_18)
FNDA:0,(anonymous_19)
FNDA:0,(anonymous_20)
FNDA:0,(anonymous_21)
FNDA:0,(anonymous_22)
FNDA:0,(anonymous_23)
FNDA:0,(anonymous_24)
FNDA:0,(anonymous_25)
FNDA:0,(anonymous_26)
FNDA:0,(anonymous_27)
FNDA:0,(anonymous_28)
FNDA:0,(anonymous_29)
FNDA:0,(anonymous_30)
FNDA:0,(anonymous_31)
FNDA:0,(anonymous_32)
FNDA:0,(anonymous_33)
FNDA:0,(anonymous_34)
FNDA:0,(anonymous_35)
FNDA:0,(anonymous_36)
FNDA:0,(anonymous_37)
FNDA:0,(anonymous_38)
FNDA:0,(anonymous_39)
FNDA:0,(anonymous_40)
FNDA:0,(anonymous_41)
FNDA:0,(anonymous_42)
FNDA:0,(anonymous_43)
FNDA:0,(anonymous_44)
FNDA:0,(anonymous_45)
FNDA:0,(anonymous_46)
FNDA:0,(anonymous_47)
FNDA:0,(anonymous_48)
FNDA:0,(anonymous_49)
FNDA:0,(anonymous_50)
FNDA:0,(anonymous_51)
FNDA:0,(anonymous_52)
FNDA:0,(anonymous_53)
FNDA:0,(anonymous_54)
FNDA:0,(anonymous_55)
FNDA:0,(anonymous_56)
FNDA:0,(anonymous_57)
FNDA:0,(anonymous_58)
FNDA:0,(anonymous_59)
FNDA:0,(anonymous_60)
FNDA:0,(anonymous_61)
FNDA:0,(anonymous_62)
FNDA:0,(anonymous_63)
FNDA:0,(anonymous_64)
FNDA:0,(anonymous_65)
FNDA:0,(anonymous_66)
FNDA:0,(anonymous_67)
FNDA:0,(anonymous_68)
FNDA:0,(anonymous_69)
FNDA:0,(anonymous_70)
FNDA:0,(anonymous_71)
FNDA:0,(anonymous_72)
FNDA:0,(anonymous_73)
FNDA:0,(anonymous_74)
FNDA:0,(anonymous_75)
FNDA:0,(anonymous_76)
FNDA:0,(anonymous_77)
FNDA:0,(anonymous_78)
FNDA:0,(anonymous_79)
FNDA:0,(anonymous_80)
FNDA:0,(anonymous_81)
FNDA:0,(anonymous_82)
FNDA:0,(anonymous_83)
FNDA:0,(anonymous_84)
FNDA:0,(anonymous_85)
FNDA:0,(anonymous_86)
FNDA:0,(anonymous_87)
FNDA:0,(anonymous_88)
FNDA:0,(anonymous_89)
FNDA:0,(anonymous_90)
FNDA:0,(anonymous_91)
FNDA:0,(anonymous_92)
FNDA:0,(anonymous_93)
FNDA:0,(anonymous_94)
FNDA:0,(anonymous_95)
FNDA:0,(anonymous_96)
FNDA:0,(anonymous_97)
FNDA:0,(anonymous_98)
FNDA:0,(anonymous_99)
FNDA:0,(anonymous_100)
FNDA:0,(anonymous_101)
DA:15,0
DA:16,0
DA:17,0
DA:18,0
DA:19,0
DA:22,0
DA:23,0
DA:24,0
DA:25,0
DA:26,0
DA:27,0
DA:30,0
DA:31,0
DA:32,0
DA:33,0
DA:34,0
DA:35,0
DA:37,0
DA:38,0
DA:39,0
DA:41,0
DA:42,0
DA:44,0
DA:45,0
DA:57,0
DA:59,0
DA:61,0
DA:62,0
DA:64,0
DA:65,0
DA:69,0
DA:70,0
DA:75,0
DA:76,0
DA:80,0
DA:81,0
DA:82,0
DA:83,0
DA:84,0
DA:85,0
DA:90,0
DA:91,0
DA:92,0
DA:93,0
DA:97,0
DA:98,0
DA:99,0
DA:100,0
DA:102,0
DA:103,0
DA:106,0
DA:107,0
DA:108,0
DA:111,0
DA:116,0
DA:160,0
DA:263,0
DA:264,0
DA:265,0
DA:266,0
DA:267,0
DA:269,0
DA:271,0
DA:272,0
DA:273,0
DA:274,0
DA:275,0
DA:276,0
DA:277,0
DA:279,0
DA:280,0
DA:281,0
DA:282,0
DA:283,0
DA:284,0
DA:287,0
DA:288,0
DA:290,0
DA:291,0
DA:293,0
DA:294,0
DA:295,0
DA:296,0
DA:297,0
DA:298,0
DA:299,0
DA:300,0
DA:301,0
DA:302,0
DA:303,0
DA:304,0
DA:307,0
DA:308,0
DA:309,0
DA:310,0
DA:311,0
DA:312,0
DA:314,0
DA:318,0
DA:319,0
DA:320,0
DA:321,0
DA:323,0
DA:324,0
DA:325,0
DA:326,0
DA:335,0
DA:336,0
DA:340,0
DA:344,0
DA:354,0
DA:362,0
DA:363,0
DA:364,0
DA:365,0
DA:366,0
DA:374,0
DA:375,0
DA:376,0
DA:377,0
DA:383,0
DA:384,0
DA:385,0
DA:386,0
DA:387,0
DA:389,0
DA:390,0
DA:393,0
DA:394,0
DA:395,0
DA:399,0
DA:400,0
DA:401,0
DA:402,0
DA:404,0
DA:406,0
DA:407,0
DA:408,0
DA:409,0
DA:410,0
DA:412,0
DA:416,0
DA:417,0
DA:418,0
DA:419,0
DA:420,0
DA:422,0
DA:423,0
DA:424,0
DA:426,0
DA:427,0
DA:428,0
DA:429,0
DA:432,0
DA:437,0
DA:438,0
DA:439,0
DA:440,0
DA:443,0
DA:444,0
DA:445,0
DA:446,0
DA:447,0
DA:449,0
DA:450,0
DA:451,0
DA:454,0
DA:455,0
DA:457,0
DA:458,0
DA:459,0
DA:460,0
DA:463,0
DA:464,0
DA:465,0
DA:466,0
DA:469,0
DA:470,0
DA:471,0
DA:472,0
DA:473,0
DA:474,0
DA:475,0
DA:478,0
DA:479,0
DA:480,0
DA:481,0
DA:483,0
DA:484,0
DA:485,0
DA:486,0
DA:487,0
DA:488,0
DA:490,0
DA:491,0
DA:492,0
DA:497,0
DA:498,0
DA:500,0
DA:501,0
DA:502,0
DA:503,0
DA:505,0
DA:506,0
DA:511,0
DA:512,0
DA:513,0
DA:514,0
DA:515,0
DA:517,0
DA:520,0
DA:521,0
DA:524,0
DA:525,0
DA:526,0
DA:530,0
DA:531,0
DA:532,0
DA:533,0
DA:534,0
DA:535,0
DA:538,0
DA:539,0
DA:540,0
DA:541,0
DA:542,0
DA:543,0
DA:547,0
DA:548,0
DA:549,0
DA:550,0
DA:556,0
DA:559,0
DA:561,0
DA:562,0
DA:564,0
DA:565,0
DA:566,0
DA:568,0
DA:569,0
DA:570,0
DA:573,0
DA:580,0
DA:583,0
DA:584,0
DA:585,0
DA:587,0
DA:588,0
DA:589,0
DA:590,0
DA:591,0
DA:594,0
DA:596,0
DA:597,0
DA:598,0
DA:599,0
DA:600,0
DA:602,0
DA:608,0
DA:612,0
DA:613,0
DA:614,0
DA:615,0
DA:616,0
DA:617,0
DA:618,0
DA:619,0
DA:621,0
DA:622,0
DA:623,0
DA:624,0
DA:627,0
DA:628,0
DA:630,0
DA:631,0
DA:632,0
DA:633,0
DA:634,0
DA:635,0
DA:636,0
DA:637,0
DA:638,0
DA:639,0
DA:640,0
DA:643,0
DA:647,0
DA:648,0
DA:649,0
DA:650,0
DA:651,0
DA:653,0
DA:654,0
DA:656,0
DA:658,0
DA:659,0
DA:666,0
DA:667,0
DA:671,0
DA:672,0
DA:679,0
DA:680,0
DA:684,0
DA:685,0
DA:686,0
DA:689,0
DA:690,0
DA:691,0
DA:692,0
DA:693,0
DA:694,0
DA:695,0
DA:696,0
DA:698,0
DA:699,0
DA:700,0
DA:714,0
DA:715,0
DA:718,0
DA:719,0
DA:720,0
DA:737,0
DA:738,0
DA:741,0
DA:742,0
DA:743,0
DA:744,0
DA:747,0
DA:748,0
DA:749,0
DA:751,0
DA:752,0
DA:754,0
DA:755,0
DA:757,0
DA:758,0
DA:759,0
DA:760,0
DA:761,0
DA:763,0
DA:764,0
DA:766,0
DA:769,0
DA:770,0
DA:771,0
DA:773,0
DA:774,0
DA:776,0
DA:777,0
DA:779,0
DA:780,0
DA:781,0
DA:784,0
DA:785,0
DA:786,0
DA:787,0
DA:788,0
DA:789,0
DA:792,0
DA:800,0
DA:802,0
DA:803,0
DA:804,0
DA:809,0
DA:810,0
DA:811,0
DA:812,0
DA:814,0
DA:815,0
DA:816,0
DA:821,0
DA:822,0
DA:823,0
DA:824,0
DA:826,0
DA:827,0
DA:828,0
DA:833,0
DA:834,0
DA:835,0
DA:840,0
DA:841,0
DA:842,0
DA:847,0
DA:848,0
DA:849,0
DA:850,0
DA:851,0
DA:854,0
DA:855,0
DA:856,0
DA:857,0
DA:858,0
DA:860,0
DA:861,0
DA:862,0
DA:863,0
DA:867,0
DA:868,0
DA:869,0
DA:870,0
DA:871,0
DA:872,0
DA:876,0
DA:877,0
DA:878,0
DA:879,0
DA:880,0
DA:882,0
DA:884,0
DA:888,0
DA:889,0
DA:890,0
DA:891,0
DA:893,0
DA:894,0
DA:895,0
DA:898,0
DA:899,0
DA:901,0
DA:902,0
DA:903,0
DA:904,0
DA:907,0
DA:909,0
DA:910,0
DA:916,0
DA:918,0
DA:919,0
DA:920,0
DA:925,0
DA:926,0
DA:927,0
DA:928,0
DA:929,0
DA:930,0
DA:933,0
DA:934,0
DA:935,0
DA:940,0
DA:941,0
DA:942,0
DA:943,0
DA:945,0
DA:946,0
DA:947,0
DA:952,0
DA:953,0
DA:954,0
DA:955,0
DA:957,0
DA:961,0
DA:962,0
DA:963,0
DA:964,0
DA:965,0
DA:968,0
DA:969,0
DA:970,0
DA:971,0
DA:974,0
DA:975,0
DA:976,0
DA:978,0
DA:979,0
DA:981,0
DA:982,0
DA:983,0
DA:985,0
DA:986,0
DA:987,0
DA:988,0
DA:989,0
DA:990,0
DA:991,0
DA:992,0
DA:993,0
DA:994,0
DA:995,0
DA:1000,0
DA:1001,0
DA:1002,0
DA:1005,0
DA:1006,0
DA:1009,0
DA:1012,0
DA:1013,0
DA:1016,0
DA:1055,0
DA:1075,0
DA:1102,0
DA:1120,0
DA:1231,0
DA:1237,0
DA:1250,0
DA:1259,0
DA:1265,0
DA:1281,0
DA:1282,0
DA:1283,0
DA:1284,0
DA:1287,0
DA:1331,0
DA:1348,0
DA:1361,0
DA:1396,0
DA:1402,0
DA:1442,0
DA:1443,0
DA:1444,0
DA:1445,0
DA:1447,0
DA:1472,0
DA:1481,0
DA:1485,0
DA:1501,0
DA:1510,0
DA:1521,0
DA:1532,0
LF:518
LH:0
BRDA:16,0,0,0
BRDA:16,0,1,0
BRDA:16,1,0,0
BRDA:16,1,1,0
BRDA:18,2,0,0
BRDA:18,2,1,0
BRDA:39,3,0,0
BRDA:39,3,1,0
BRDA:42,4,0,0
BRDA:42,4,1,0
BRDA:61,5,0,0
BRDA:61,5,1,0
BRDA:64,6,0,0
BRDA:64,6,1,0
BRDA:69,7,0,0
BRDA:69,7,1,0
BRDA:69,8,0,0
BRDA:69,8,1,0
BRDA:83,9,0,0
BRDA:83,9,1,0
BRDA:92,10,0,0
BRDA:92,10,1,0
BRDA:98,11,0,0
BRDA:98,11,1,0
BRDA:124,12,0,0
BRDA:124,12,1,0
BRDA:133,13,0,0
BRDA:133,13,1,0
BRDA:152,14,0,0
BRDA:152,14,1,0
BRDA:181,15,0,0
BRDA:181,15,1,0
BRDA:204,16,0,0
BRDA:204,16,1,0
BRDA:204,16,2,0
BRDA:294,17,0,0
BRDA:294,17,1,0
BRDA:295,18,0,0
BRDA:295,18,1,0
BRDA:295,18,2,0
BRDA:295,18,3,0
BRDA:296,19,0,0
BRDA:296,19,1,0
BRDA:297,20,0,0
BRDA:297,20,1,0
BRDA:298,21,0,0
BRDA:298,21,1,0
BRDA:299,22,0,0
BRDA:299,22,1,0
BRDA:301,23,0,0
BRDA:301,23,1,0
BRDA:301,24,0,0
BRDA:301,24,1,0
BRDA:302,25,0,0
BRDA:302,25,1,0
BRDA:303,26,0,0
BRDA:303,26,1,0
BRDA:310,27,0,0
BRDA:310,27,1,0
BRDA:312,28,0,0
BRDA:312,28,1,0
BRDA:318,29,0,0
BRDA:319,30,0,0
BRDA:319,30,1,0
BRDA:319,31,0,0
BRDA:319,31,1,0
BRDA:325,32,0,0
BRDA:325,32,1,0
BRDA:330,33,0,0
BRDA:330,33,1,0
BRDA:331,34,0,0
BRDA:331,34,1,0
BRDA:362,35,0,0
BRDA:363,36,0,0
BRDA:363,36,1,0
BRDA:365,37,0,0
BRDA:365,37,1,0
BRDA:365,38,0,0
BRDA:365,38,1,0
BRDA:368,39,0,0
BRDA:368,39,1,0
BRDA:375,40,0,0
BRDA:375,40,1,0
BRDA:375,41,0,0
BRDA:375,41,1,0
BRDA:376,42,0,0
BRDA:376,42,1,0
BRDA:384,43,0,0
BRDA:384,43,1,0
BRDA:385,44,0,0
BRDA:385,44,1,0
BRDA:394,45,0,0
BRDA:394,45,1,0
BRDA:402,46,0,0
BRDA:402,46,1,0
BRDA:406,47,0,0
BRDA:406,47,1,0
BRDA:409,48,0,0
BRDA:409,48,1,0
BRDA:417,49,0,0
BRDA:417,49,1,0
BRDA:427,50,0,0
BRDA:427,50,1,0
BRDA:429,51,0,0
BRDA:429,51,1,0
BRDA:437,52,0,0
BRDA:437,53,0,0
BRDA:438,54,0,0
BRDA:438,54,1,0
BRDA:440,55,0,0
BRDA:440,55,1,0
BRDA:443,56,0,0
BRDA:443,56,1,0
BRDA:446,57,0,0
BRDA:446,57,1,0
BRDA:452,58,0,0
BRDA:452,58,1,0
BRDA:459,59,0,0
BRDA:459,59,1,0
BRDA:470,60,0,0
BRDA:470,60,1,0
BRDA:472,61,0,0
BRDA:472,61,1,0
BRDA:485,62,0,0
BRDA:485,62,1,0
BRDA:485,63,0,0
BRDA:485,63,1,0
BRDA:490,64,0,0
BRDA:490,64,1,0
BRDA:490,65,0,0
BRDA:490,65,1,0
BRDA:491,66,0,0
BRDA:491,66,1,0
BRDA:492,67,0,0
BRDA:492,67,1,0
BRDA:494,68,0,0
BRDA:494,68,1,0
BRDA:500,69,0,0
BRDA:500,69,1,0
BRDA:501,70,0,0
BRDA:501,70,1,0
BRDA:501,71,0,0
BRDA:501,71,1,0
BRDA:502,72,0,0
BRDA:502,72,1,0
BRDA:511,73,0,0
BRDA:511,73,1,0
BRDA:514,74,0,0
BRDA:514,74,1,0
BRDA:521,75,0,0
BRDA:521,75,1,0
BRDA:534,76,0,0
BRDA:534,76,1,0
BRDA:534,77,0,0
BRDA:534,77,1,0
BRDA:548,78,0,0
BRDA:548,78,1,0
BRDA:549,79,0,0
BRDA:549,79,1,0
BRDA:561,80,0,0
BRDA:561,80,1,0
BRDA:564,81,0,0
BRDA:564,81,1,0
BRDA:565,82,0,0
BRDA:565,82,1,0
BRDA:565,83,0,0
BRDA:565,83,1,0
BRDA:587,84,0,0
BRDA:587,84,1,0
BRDA:596,85,0,0
BRDA:596,85,1,0
BRDA:598,86,0,0
BRDA:598,86,1,0
BRDA:599,87,0,0
BRDA:599,87,1,0
BRDA:614,88,0,0
BRDA:614,88,1,0
BRDA:615,89,0,0
BRDA:615,89,1,0
BRDA:616,90,0,0
BRDA:616,90,1,0
BRDA:618,91,0,0
BRDA:618,91,1,0
BRDA:621,92,0,0
BRDA:621,92,1,0
BRDA:623,93,0,0
BRDA:623,93,1,0
BRDA:631,94,0,0
BRDA:631,94,1,0
BRDA:637,95,0,0
BRDA:637,95,1,0
BRDA:637,96,0,0
BRDA:637,96,1,0
BRDA:637,97,0,0
BRDA:637,97,1,0
BRDA:638,98,0,0
BRDA:638,98,1,0
BRDA:680,99,0,0
BRDA:680,99,1,0
BRDA:691,100,0,0
BRDA:691,100,1,0
BRDA:691,101,0,0
BRDA:691,101,1,0
BRDA:694,102,0,0
BRDA:694,102,1,0
BRDA:700,103,0,0
BRDA:700,103,1,0
BRDA:706,104,0,0
BRDA:706,104,1,0
BRDA:707,105,0,0
BRDA:707,105,1,0
BRDA:715,106,0,0
BRDA:715,106,1,0
BRDA:747,107,0,0
BRDA:751,108,0,0
BRDA:751,108,1,0
BRDA:752,109,0,0
BRDA:752,109,1,0
BRDA:752,110,0,0
BRDA:752,110,1,0
BRDA:757,111,0,0
BRDA:757,111,1,0
BRDA:758,112,0,0
BRDA:758,112,1,0
BRDA:761,113,0,0
BRDA:761,113,1,0
BRDA:761,114,0,0
BRDA:761,114,1,0
BRDA:763,115,0,0
BRDA:763,115,1,0
BRDA:770,116,0,0
BRDA:770,116,1,0
BRDA:771,117,0,0
BRDA:771,117,1,0
BRDA:773,118,0,0
BRDA:773,118,1,0
BRDA:773,118,2,0
BRDA:774,119,0,0
BRDA:774,119,1,0
BRDA:781,120,0,0
BRDA:781,120,1,0
BRDA:781,121,0,0
BRDA:781,121,1,0
BRDA:785,122,0,0
BRDA:785,122,1,0
BRDA:802,123,0,0
BRDA:802,123,1,0
BRDA:806,124,0,0
BRDA:806,124,1,0
BRDA:818,125,0,0
BRDA:818,125,1,0
BRDA:830,126,0,0
BRDA:830,126,1,0
BRDA:841,127,0,0
BRDA:841,127,1,0
BRDA:847,128,0,0
BRDA:847,128,1,0
BRDA:868,129,0,0
BRDA:868,129,1,0
BRDA:869,130,0,0
BRDA:869,130,1,0
BRDA:889,131,0,0
BRDA:889,131,1,0
BRDA:891,132,0,0
BRDA:891,132,1,0
BRDA:891,133,0,0
BRDA:891,133,1,0
BRDA:891,134,0,0
BRDA:891,134,1,0
BRDA:893,135,0,0
BRDA:893,135,1,0
BRDA:899,136,0,0
BRDA:899,136,1,0
BRDA:902,137,0,0
BRDA:902,137,1,0
BRDA:907,138,0,0
BRDA:907,138,1,0
BRDA:918,139,0,0
BRDA:918,139,1,0
BRDA:962,140,0,0
BRDA:962,140,1,0
BRDA:963,141,0,0
BRDA:963,141,1,0
BRDA:964,142,0,0
BRDA:964,142,1,0
BRDA:965,143,0,0
BRDA:965,143,1,0
BRDA:969,144,0,0
BRDA:969,144,1,0
BRDA:970,145,0,0
BRDA:970,145,1,0
BRDA:975,146,0,0
BRDA:975,146,1,0
BRDA:976,147,0,0
BRDA:976,147,1,0
BRDA:978,148,0,0
BRDA:978,148,1,0
BRDA:983,149,0,0
BRDA:983,149,1,0
BRDA:987,150,0,0
BRDA:987,150,1,0
BRDA:988,151,0,0
BRDA:988,151,1,0
BRDA:989,152,0,0
BRDA:989,152,1,0
BRDA:992,153,0,0
BRDA:992,153,1,0
BRDA:995,154,0,0
BRDA:995,154,1,0
BRDA:1009,155,0,0
BRDA:1009,155,1,0
BRDA:1009,155,2,0
BRDA:1012,156,0,0
BRDA:1012,156,1,0
BRDA:1013,157,0,0
BRDA:1013,157,1,0
BRDA:1013,158,0,0
BRDA:1013,158,1,0
BRDA:1013,159,0,0
BRDA:1013,159,1,0
BRDA:1034,160,0,0
BRDA:1034,160,1,0
BRDA:1045,161,0,0
BRDA:1045,161,1,0
BRDA:1052,162,0,0
BRDA:1052,162,1,0
BRDA:1109,163,0,0
BRDA:1109,163,1,0
BRDA:1123,164,0,0
BRDA:1123,164,1,0
BRDA:1125,165,0,0
BRDA:1125,165,1,0
BRDA:1154,166,0,0
BRDA:1154,166,1,0
BRDA:1159,167,0,0
BRDA:1159,167,1,0
BRDA:1159,167,2,0
BRDA:1159,167,3,0
BRDA:1214,168,0,0
BRDA:1214,168,1,0
BRDA:1218,169,0,0
BRDA:1218,169,1,0
BRDA:1223,170,0,0
BRDA:1223,170,1,0
BRDA:1227,171,0,0
BRDA:1227,171,1,0
BRDA:1232,172,0,0
BRDA:1232,172,1,0
BRDA:1238,173,0,0
BRDA:1238,173,1,0
BRDA:1248,174,0,0
BRDA:1248,174,1,0
BRDA:1256,175,0,0
BRDA:1256,175,1,0
BRDA:1275,176,0,0
BRDA:1275,176,1,0
BRDA:1281,177,0,0
BRDA:1281,177,1,0
BRDA:1283,178,0,0
BRDA:1283,178,1,0
BRDA:1287,179,0,0
BRDA:1287,179,1,0
BRDA:1288,180,0,0
BRDA:1288,180,1,0
BRDA:1290,181,0,0
BRDA:1290,181,1,0
BRDA:1291,182,0,0
BRDA:1291,182,1,0
BRDA:1292,183,0,0
BRDA:1292,183,1,0
BRDA:1293,184,0,0
BRDA:1293,184,1,0
BRDA:1293,185,0,0
BRDA:1293,185,1,0
BRDA:1300,186,0,0
BRDA:1300,186,1,0
BRDA:1300,187,0,0
BRDA:1300,187,1,0
BRDA:1308,188,0,0
BRDA:1308,188,1,0
BRDA:1308,189,0,0
BRDA:1308,189,1,0
BRDA:1309,190,0,0
BRDA:1309,190,1,0
BRDA:1314,191,0,0
BRDA:1314,191,1,0
BRDA:1327,192,0,0
BRDA:1327,192,1,0
BRDA:1329,193,0,0
BRDA:1329,193,1,0
BRDA:1329,193,2,0
BRDA:1362,194,0,0
BRDA:1362,194,1,0
BRDA:1365,195,0,0
BRDA:1365,195,1,0
BRDA:1372,196,0,0
BRDA:1372,196,1,0
BRDA:1382,197,0,0
BRDA:1382,197,1,0
BRDA:1382,198,0,0
BRDA:1382,198,1,0
BRDA:1388,199,0,0
BRDA:1388,199,1,0
BRDA:1416,200,0,0
BRDA:1416,200,1,0
BRDA:1423,201,0,0
BRDA:1423,201,1,0
BRDA:1426,202,0,0
BRDA:1426,202,1,0
BRDA:1433,203,0,0
BRDA:1433,203,1,0
BRDA:1450,204,0,0
BRDA:1450,204,1,0
BRDA:1450,205,0,0
BRDA:1450,205,1,0
BRDA:1450,206,0,0
BRDA:1450,206,1,0
BRDA:1450,207,0,0
BRDA:1450,207,1,0
BRDA:1458,208,0,0
BRDA:1458,208,1,0
BRDA:1465,209,0,0
BRDA:1465,209,1,0
BRDA:1479,210,0,0
BRDA:1479,210,1,0
BRDA:1482,211,0,0
BRDA:1482,211,1,0
BRDA:1482,212,0,0
BRDA:1482,212,1,0
BRDA:1493,213,0,0
BRDA:1493,213,1,0
BRDA:1517,214,0,0
BRDA:1517,214,1,0
BRDA:1522,215,0,0
BRDA:1522,215,1,0
BRDA:1533,216,0,0
BRDA:1533,216,1,0
BRDA:1535,217,0,0
BRDA:1535,217,1,0
BRDA:1537,218,0,0
BRDA:1537,218,1,0
BRDA:1562,219,0,0
BRDA:1562,219,1,0
BRDA:1569,220,0,0
BRDA:1569,220,1,0
BRDA:1572,221,0,0
BRDA:1572,221,1,0
BRDA:1579,222,0,0
BRDA:1579,222,1,0
BRDA:1589,223,0,0
BRDA:1589,223,1,0
BRF:451
BRH:0
end_of_record
TN:
SF:src/utils/safeAudio.js
FN:1,(anonymous_0)
FN:7,(anonymous_1)
FNF:2
FNH:2
FNDA:2,(anonymous_0)
FNDA:1,(anonymous_1)
DA:1,1
DA:2,2
DA:3,2
DA:4,2
DA:5,2
DA:6,2
DA:7,2
LF:7
LH:7
BRDA:6,0,0,2
BRDA:6,0,1,0
BRF:2
BRH:1
end_of_record
