{"/home/runner/work/nestle-finance-command/nestle-finance-command/backend/server.js": {"path":"/home/runner/work/nestle-finance-command/nestle-finance-command/backend/server.js","statementMap":{"0":{"start":{"line":2,"column":16},"end":{"line":2,"column":34}},"1":{"start":{"line":3,"column":13},"end":{"line":3,"column":28}},"2":{"start":{"line":4,"column":15},"end":{"line":4,"column":32}},"3":{"start":{"line":5,"column":15},"end":{"line":5,"column":32}},"4":{"start":{"line":6,"column":17},"end":{"line":6,"column":32}},"5":{"start":{"line":7,"column":19},"end":{"line":7,"column":43}},"6":{"start":{"line":8,"column":13},"end":{"line":8,"column":28}},"7":{"start":{"line":9,"column":22},"end":{"line":9,"column":49}},"8":{"start":{"line":10,"column":30},"end":{"line":10,"column":49}},"9":{"start":{"line":12,"column":0},"end":{"line":14,"column":1}},"10":{"start":{"line":13,"column":4},"end":{"line":13,"column":31}},"11":{"start":{"line":16,"column":12},"end":{"line":16,"column":21}},"12":{"start":{"line":17,"column":13},"end":{"line":17,"column":37}},"13":{"start":{"line":20,"column":0},"end":{"line":27,"column":3}},"14":{"start":{"line":21,"column":18},"end":{"line":21,"column":28}},"15":{"start":{"line":22,"column":4},"end":{"line":25,"column":7}},"16":{"start":{"line":23,"column":25},"end":{"line":23,"column":43}},"17":{"start":{"line":24,"column":8},"end":{"line":24,"column":92}},"18":{"start":{"line":26,"column":4},"end":{"line":26,"column":11}},"19":{"start":{"line":29,"column":23},"end":{"line":32,"column":1}},"20":{"start":{"line":33,"column":0},"end":{"line":43,"column":4}},"21":{"start":{"line":35,"column":8},"end":{"line":39,"column":9}},"22":{"start":{"line":36,"column":12},"end":{"line":36,"column":33}},"23":{"start":{"line":38,"column":12},"end":{"line":38,"column":55}},"24":{"start":{"line":44,"column":0},"end":{"line":44,"column":41}},"25":{"start":{"line":45,"column":0},"end":{"line":45,"column":63}},"26":{"start":{"line":48,"column":0},"end":{"line":48,"column":33}},"27":{"start":{"line":49,"column":0},"end":{"line":49,"column":39}},"28":{"start":{"line":51,"column":0},"end":{"line":53,"column":3}},"29":{"start":{"line":52,"column":4},"end":{"line":52,"column":70}},"30":{"start":{"line":56,"column":24},"end":{"line":56,"column":63}},"31":{"start":{"line":57,"column":23},"end":{"line":57,"column":67}},"32":{"start":{"line":57,"column":51},"end":{"line":57,"column":66}},"33":{"start":{"line":58,"column":0},"end":{"line":61,"column":1}},"34":{"start":{"line":59,"column":4},"end":{"line":59,"column":92}},"35":{"start":{"line":60,"column":4},"end":{"line":60,"column":67}},"36":{"start":{"line":63,"column":15},"end":{"line":63,"column":58}},"37":{"start":{"line":68,"column":17},"end":{"line":80,"column":1}},"38":{"start":{"line":69,"column":4},"end":{"line":69,"column":44}},"39":{"start":{"line":70,"column":4},"end":{"line":70,"column":50}},"40":{"start":{"line":71,"column":4},"end":{"line":71,"column":60}},"41":{"start":{"line":71,"column":20},"end":{"line":71,"column":60}},"42":{"start":{"line":72,"column":4},"end":{"line":72,"column":69}},"43":{"start":{"line":72,"column":23},"end":{"line":72,"column":69}},"44":{"start":{"line":73,"column":4},"end":{"line":73,"column":60}},"45":{"start":{"line":73,"column":20},"end":{"line":73,"column":60}},"46":{"start":{"line":74,"column":4},"end":{"line":76,"column":5}},"47":{"start":{"line":75,"column":8},"end":{"line":75,"column":74}},"48":{"start":{"line":77,"column":4},"end":{"line":79,"column":5}},"49":{"start":{"line":78,"column":8},"end":{"line":78,"column":50}},"50":{"start":{"line":86,"column":4},"end":{"line":86,"column":55}},"51":{"start":{"line":86,"column":43},"end":{"line":86,"column":55}},"52":{"start":{"line":87,"column":4},"end":{"line":93,"column":5}},"53":{"start":{"line":88,"column":20},"end":{"line":88,"column":22}},"54":{"start":{"line":89,"column":8},"end":{"line":91,"column":9}},"55":{"start":{"line":90,"column":12},"end":{"line":90,"column":43}},"56":{"start":{"line":92,"column":8},"end":{"line":92,"column":19}},"57":{"start":{"line":94,"column":4},"end":{"line":96,"column":5}},"58":{"start":{"line":95,"column":8},"end":{"line":95,"column":53}},"59":{"start":{"line":95,"column":31},"end":{"line":95,"column":51}},"60":{"start":{"line":97,"column":4},"end":{"line":105,"column":5}},"61":{"start":{"line":98,"column":20},"end":{"line":98,"column":22}},"62":{"start":{"line":99,"column":8},"end":{"line":103,"column":9}},"63":{"start":{"line":100,"column":12},"end":{"line":102,"column":13}},"64":{"start":{"line":101,"column":16},"end":{"line":101,"column":52}},"65":{"start":{"line":104,"column":8},"end":{"line":104,"column":19}},"66":{"start":{"line":106,"column":4},"end":{"line":106,"column":15}},"67":{"start":{"line":112,"column":0},"end":{"line":319,"column":3}},"68":{"start":{"line":113,"column":4},"end":{"line":318,"column":5}},"69":{"start":{"line":114,"column":8},"end":{"line":117,"column":9}},"70":{"start":{"line":115,"column":12},"end":{"line":115,"column":67}},"71":{"start":{"line":116,"column":12},"end":{"line":116,"column":71}},"72":{"start":{"line":118,"column":8},"end":{"line":118,"column":107}},"73":{"start":{"line":120,"column":25},"end":{"line":120,"column":60}},"74":{"start":{"line":123,"column":8},"end":{"line":174,"column":9}},"75":{"start":{"line":124,"column":12},"end":{"line":124,"column":70}},"76":{"start":{"line":125,"column":28},"end":{"line":125,"column":30}},"77":{"start":{"line":126,"column":30},"end":{"line":126,"column":31}},"78":{"start":{"line":128,"column":12},"end":{"line":173,"column":13}},"79":{"start":{"line":129,"column":33},"end":{"line":129,"column":79}},"80":{"start":{"line":130,"column":34},"end":{"line":130,"column":56}},"81":{"start":{"line":131,"column":30},"end":{"line":131,"column":56}},"82":{"start":{"line":132,"column":29},"end":{"line":132,"column":75}},"83":{"start":{"line":134,"column":16},"end":{"line":149,"column":19}},"84":{"start":{"line":135,"column":35},"end":{"line":135,"column":53}},"85":{"start":{"line":136,"column":20},"end":{"line":148,"column":21}},"86":{"start":{"line":137,"column":37},"end":{"line":137,"column":111}},"87":{"start":{"line":137,"column":54},"end":{"line":137,"column":87}},"88":{"start":{"line":138,"column":40},"end":{"line":138,"column":105}},"89":{"start":{"line":138,"column":59},"end":{"line":138,"column":80}},"90":{"start":{"line":138,"column":91},"end":{"line":138,"column":104}},"91":{"start":{"line":140,"column":36},"end":{"line":140,"column":71}},"92":{"start":{"line":141,"column":38},"end":{"line":141,"column":89}},"93":{"start":{"line":142,"column":39},"end":{"line":142,"column":50}},"94":{"start":{"line":144,"column":24},"end":{"line":147,"column":25}},"95":{"start":{"line":145,"column":28},"end":{"line":145,"column":121}},"96":{"start":{"line":146,"column":28},"end":{"line":146,"column":50}},"97":{"start":{"line":151,"column":16},"end":{"line":151,"column":95}},"98":{"start":{"line":152,"column":16},"end":{"line":169,"column":19}},"99":{"start":{"line":171,"column":16},"end":{"line":171,"column":68}},"100":{"start":{"line":172,"column":16},"end":{"line":172,"column":89}},"101":{"start":{"line":177,"column":8},"end":{"line":180,"column":9}},"102":{"start":{"line":178,"column":12},"end":{"line":178,"column":60}},"103":{"start":{"line":179,"column":12},"end":{"line":179,"column":88}},"104":{"start":{"line":182,"column":29},"end":{"line":182,"column":89}},"105":{"start":{"line":183,"column":28},"end":{"line":183,"column":129}},"106":{"start":{"line":185,"column":8},"end":{"line":185,"column":62}},"107":{"start":{"line":186,"column":25},"end":{"line":190,"column":9}},"108":{"start":{"line":191,"column":8},"end":{"line":191,"column":53}},"109":{"start":{"line":193,"column":30},"end":{"line":193,"column":122}},"110":{"start":{"line":194,"column":26},"end":{"line":194,"column":55}},"111":{"start":{"line":196,"column":30},"end":{"line":216,"column":9}},"112":{"start":{"line":197,"column":12},"end":{"line":197,"column":67}},"113":{"start":{"line":197,"column":55},"end":{"line":197,"column":67}},"114":{"start":{"line":198,"column":12},"end":{"line":198,"column":100}},"115":{"start":{"line":198,"column":72},"end":{"line":198,"column":100}},"116":{"start":{"line":200,"column":12},"end":{"line":200,"column":101}},"117":{"start":{"line":200,"column":67},"end":{"line":200,"column":101}},"118":{"start":{"line":201,"column":12},"end":{"line":201,"column":107}},"119":{"start":{"line":201,"column":71},"end":{"line":201,"column":107}},"120":{"start":{"line":202,"column":12},"end":{"line":202,"column":98}},"121":{"start":{"line":202,"column":65},"end":{"line":202,"column":98}},"122":{"start":{"line":204,"column":12},"end":{"line":204,"column":89}},"123":{"start":{"line":204,"column":58},"end":{"line":204,"column":89}},"124":{"start":{"line":206,"column":12},"end":{"line":206,"column":126}},"125":{"start":{"line":206,"column":88},"end":{"line":206,"column":126}},"126":{"start":{"line":207,"column":12},"end":{"line":207,"column":122}},"127":{"start":{"line":207,"column":85},"end":{"line":207,"column":122}},"128":{"start":{"line":209,"column":12},"end":{"line":214,"column":13}},"129":{"start":{"line":210,"column":16},"end":{"line":210,"column":65}},"130":{"start":{"line":210,"column":32},"end":{"line":210,"column":65}},"131":{"start":{"line":211,"column":16},"end":{"line":211,"column":79}},"132":{"start":{"line":211,"column":39},"end":{"line":211,"column":79}},"133":{"start":{"line":212,"column":16},"end":{"line":212,"column":71}},"134":{"start":{"line":212,"column":35},"end":{"line":212,"column":71}},"135":{"start":{"line":213,"column":16},"end":{"line":213,"column":69}},"136":{"start":{"line":213,"column":34},"end":{"line":213,"column":69}},"137":{"start":{"line":215,"column":12},"end":{"line":215,"column":24}},"138":{"start":{"line":218,"column":31},"end":{"line":246,"column":9}},"139":{"start":{"line":219,"column":12},"end":{"line":219,"column":36}},"140":{"start":{"line":219,"column":24},"end":{"line":219,"column":36}},"141":{"start":{"line":220,"column":30},"end":{"line":220,"column":69}},"142":{"start":{"line":221,"column":12},"end":{"line":221,"column":40}},"143":{"start":{"line":221,"column":28},"end":{"line":221,"column":40}},"144":{"start":{"line":222,"column":24},"end":{"line":222,"column":48}},"145":{"start":{"line":223,"column":12},"end":{"line":223,"column":61}},"146":{"start":{"line":223,"column":50},"end":{"line":223,"column":61}},"147":{"start":{"line":225,"column":12},"end":{"line":244,"column":13}},"148":{"start":{"line":226,"column":28},"end":{"line":226,"column":30}},"149":{"start":{"line":227,"column":31},"end":{"line":227,"column":79}},"150":{"start":{"line":229,"column":16},"end":{"line":232,"column":17}},"151":{"start":{"line":230,"column":36},"end":{"line":230,"column":65}},"152":{"start":{"line":231,"column":20},"end":{"line":231,"column":53}},"153":{"start":{"line":231,"column":33},"end":{"line":231,"column":53}},"154":{"start":{"line":234,"column":16},"end":{"line":241,"column":17}},"155":{"start":{"line":235,"column":20},"end":{"line":235,"column":94}},"156":{"start":{"line":235,"column":46},"end":{"line":235,"column":94}},"157":{"start":{"line":236,"column":20},"end":{"line":236,"column":90}},"158":{"start":{"line":236,"column":44},"end":{"line":236,"column":90}},"159":{"start":{"line":237,"column":20},"end":{"line":237,"column":76}},"160":{"start":{"line":237,"column":37},"end":{"line":237,"column":76}},"161":{"start":{"line":238,"column":20},"end":{"line":238,"column":78}},"162":{"start":{"line":238,"column":38},"end":{"line":238,"column":78}},"163":{"start":{"line":239,"column":20},"end":{"line":239,"column":90}},"164":{"start":{"line":239,"column":44},"end":{"line":239,"column":90}},"165":{"start":{"line":240,"column":20},"end":{"line":240,"column":82}},"166":{"start":{"line":240,"column":40},"end":{"line":240,"column":82}},"167":{"start":{"line":243,"column":16},"end":{"line":243,"column":78}},"168":{"start":{"line":243,"column":38},"end":{"line":243,"column":78}},"169":{"start":{"line":245,"column":12},"end":{"line":245,"column":24}},"170":{"start":{"line":248,"column":23},"end":{"line":253,"column":9}},"171":{"start":{"line":249,"column":24},"end":{"line":249,"column":44}},"172":{"start":{"line":250,"column":12},"end":{"line":250,"column":34}},"173":{"start":{"line":250,"column":22},"end":{"line":250,"column":34}},"174":{"start":{"line":251,"column":29},"end":{"line":251,"column":58}},"175":{"start":{"line":252,"column":12},"end":{"line":252,"column":48}},"176":{"start":{"line":255,"column":32},"end":{"line":260,"column":9}},"177":{"start":{"line":256,"column":12},"end":{"line":256,"column":43}},"178":{"start":{"line":256,"column":30},"end":{"line":256,"column":43}},"179":{"start":{"line":257,"column":27},"end":{"line":257,"column":81}},"180":{"start":{"line":258,"column":12},"end":{"line":258,"column":80}},"181":{"start":{"line":258,"column":33},"end":{"line":258,"column":80}},"182":{"start":{"line":259,"column":12},"end":{"line":259,"column":25}},"183":{"start":{"line":262,"column":33},"end":{"line":287,"column":9}},"184":{"start":{"line":263,"column":12},"end":{"line":263,"column":41}},"185":{"start":{"line":263,"column":31},"end":{"line":263,"column":41}},"186":{"start":{"line":265,"column":29},"end":{"line":265,"column":31}},"187":{"start":{"line":266,"column":12},"end":{"line":274,"column":13}},"188":{"start":{"line":267,"column":16},"end":{"line":267,"column":120}},"189":{"start":{"line":268,"column":19},"end":{"line":274,"column":13}},"190":{"start":{"line":269,"column":16},"end":{"line":269,"column":123}},"191":{"start":{"line":270,"column":19},"end":{"line":274,"column":13}},"192":{"start":{"line":271,"column":16},"end":{"line":271,"column":42}},"193":{"start":{"line":272,"column":19},"end":{"line":274,"column":13}},"194":{"start":{"line":273,"column":16},"end":{"line":273,"column":57}},"195":{"start":{"line":276,"column":12},"end":{"line":276,"column":54}},"196":{"start":{"line":276,"column":44},"end":{"line":276,"column":54}},"197":{"start":{"line":278,"column":12},"end":{"line":286,"column":69}},"198":{"start":{"line":279,"column":26},"end":{"line":279,"column":59}},"199":{"start":{"line":280,"column":16},"end":{"line":285,"column":18}},"200":{"start":{"line":286,"column":30},"end":{"line":286,"column":67}},"201":{"start":{"line":289,"column":30},"end":{"line":294,"column":9}},"202":{"start":{"line":290,"column":12},"end":{"line":290,"column":36}},"203":{"start":{"line":290,"column":24},"end":{"line":290,"column":36}},"204":{"start":{"line":291,"column":12},"end":{"line":291,"column":89}},"205":{"start":{"line":291,"column":58},"end":{"line":291,"column":89}},"206":{"start":{"line":292,"column":12},"end":{"line":292,"column":126}},"207":{"start":{"line":292,"column":88},"end":{"line":292,"column":126}},"208":{"start":{"line":293,"column":12},"end":{"line":293,"column":40}},"209":{"start":{"line":296,"column":30},"end":{"line":310,"column":9}},"210":{"start":{"line":312,"column":8},"end":{"line":312,"column":117}},"211":{"start":{"line":313,"column":8},"end":{"line":313,"column":51}},"212":{"start":{"line":316,"column":8},"end":{"line":316,"column":81}},"213":{"start":{"line":317,"column":8},"end":{"line":317,"column":89}},"214":{"start":{"line":324,"column":0},"end":{"line":371,"column":3}},"215":{"start":{"line":325,"column":64},"end":{"line":325,"column":72}},"216":{"start":{"line":326,"column":4},"end":{"line":370,"column":5}},"217":{"start":{"line":327,"column":8},"end":{"line":327,"column":101}},"218":{"start":{"line":329,"column":31},"end":{"line":329,"column":76}},"219":{"start":{"line":330,"column":8},"end":{"line":342,"column":9}},"220":{"start":{"line":331,"column":38},"end":{"line":336,"column":15}},"221":{"start":{"line":337,"column":12},"end":{"line":339,"column":13}},"222":{"start":{"line":338,"column":16},"end":{"line":338,"column":97}},"223":{"start":{"line":341,"column":12},"end":{"line":341,"column":210}},"224":{"start":{"line":344,"column":23},"end":{"line":344,"column":101}},"225":{"start":{"line":346,"column":36},"end":{"line":358,"column":11}},"226":{"start":{"line":360,"column":8},"end":{"line":363,"column":9}},"227":{"start":{"line":361,"column":12},"end":{"line":361,"column":102}},"228":{"start":{"line":362,"column":12},"end":{"line":362,"column":27}},"229":{"start":{"line":365,"column":8},"end":{"line":365,"column":46}},"230":{"start":{"line":366,"column":8},"end":{"line":366,"column":36}},"231":{"start":{"line":368,"column":8},"end":{"line":368,"column":47}},"232":{"start":{"line":369,"column":8},"end":{"line":369,"column":64}},"233":{"start":{"line":373,"column":0},"end":{"line":407,"column":3}},"234":{"start":{"line":374,"column":4},"end":{"line":406,"column":5}},"235":{"start":{"line":375,"column":26},"end":{"line":375,"column":35}},"236":{"start":{"line":376,"column":20},"end":{"line":379,"column":56}},"237":{"start":{"line":381,"column":8},"end":{"line":383,"column":9}},"238":{"start":{"line":382,"column":12},"end":{"line":382,"column":54}},"239":{"start":{"line":384,"column":32},"end":{"line":384,"column":43}},"240":{"start":{"line":385,"column":8},"end":{"line":385,"column":31}},"241":{"start":{"line":385,"column":19},"end":{"line":385,"column":31}},"242":{"start":{"line":386,"column":29},"end":{"line":401,"column":18}},"243":{"start":{"line":387,"column":40},"end":{"line":400,"column":13}},"244":{"start":{"line":402,"column":8},"end":{"line":402,"column":56}},"245":{"start":{"line":404,"column":8},"end":{"line":404,"column":49}},"246":{"start":{"line":405,"column":8},"end":{"line":405,"column":66}},"247":{"start":{"line":409,"column":0},"end":{"line":538,"column":3}},"248":{"start":{"line":410,"column":19},"end":{"line":410,"column":29}},"249":{"start":{"line":411,"column":26},"end":{"line":411,"column":34}},"250":{"start":{"line":412,"column":4},"end":{"line":537,"column":5}},"251":{"start":{"line":413,"column":8},"end":{"line":413,"column":72}},"252":{"start":{"line":414,"column":26},"end":{"line":414,"column":105}},"253":{"start":{"line":415,"column":26},"end":{"line":417,"column":25}},"254":{"start":{"line":418,"column":8},"end":{"line":418,"column":31}},"255":{"start":{"line":418,"column":19},"end":{"line":418,"column":31}},"256":{"start":{"line":421,"column":49},"end":{"line":425,"column":21}},"257":{"start":{"line":427,"column":8},"end":{"line":531,"column":9}},"258":{"start":{"line":428,"column":12},"end":{"line":428,"column":64}},"259":{"start":{"line":432,"column":32},"end":{"line":432,"column":61}},"260":{"start":{"line":433,"column":31},"end":{"line":433,"column":62}},"261":{"start":{"line":436,"column":12},"end":{"line":444,"column":13}},"262":{"start":{"line":437,"column":40},"end":{"line":441,"column":29}},"263":{"start":{"line":442,"column":16},"end":{"line":442,"column":62}},"264":{"start":{"line":443,"column":16},"end":{"line":443,"column":68}},"265":{"start":{"line":443,"column":35},"end":{"line":443,"column":68}},"266":{"start":{"line":447,"column":12},"end":{"line":453,"column":13}},"267":{"start":{"line":448,"column":30},"end":{"line":450,"column":40}},"268":{"start":{"line":451,"column":16},"end":{"line":451,"column":86}},"269":{"start":{"line":452,"column":16},"end":{"line":452,"column":70}},"270":{"start":{"line":452,"column":35},"end":{"line":452,"column":70}},"271":{"start":{"line":457,"column":12},"end":{"line":477,"column":13}},"272":{"start":{"line":458,"column":44},"end":{"line":461,"column":43}},"273":{"start":{"line":463,"column":16},"end":{"line":476,"column":17}},"274":{"start":{"line":464,"column":20},"end":{"line":464,"column":55}},"275":{"start":{"line":465,"column":20},"end":{"line":465,"column":54}},"276":{"start":{"line":466,"column":23},"end":{"line":476,"column":17}},"277":{"start":{"line":468,"column":37},"end":{"line":468,"column":96}},"278":{"start":{"line":469,"column":36},"end":{"line":471,"column":21}},"279":{"start":{"line":470,"column":24},"end":{"line":470,"column":109}},"280":{"start":{"line":472,"column":20},"end":{"line":475,"column":21}},"281":{"start":{"line":473,"column":24},"end":{"line":473,"column":54}},"282":{"start":{"line":474,"column":24},"end":{"line":474,"column":57}},"283":{"start":{"line":479,"column":12},"end":{"line":479,"column":112}},"284":{"start":{"line":482,"column":12},"end":{"line":487,"column":13}},"285":{"start":{"line":483,"column":16},"end":{"line":485,"column":34}},"286":{"start":{"line":486,"column":16},"end":{"line":486,"column":84}},"287":{"start":{"line":489,"column":12},"end":{"line":530,"column":13}},"288":{"start":{"line":490,"column":16},"end":{"line":490,"column":119}},"289":{"start":{"line":492,"column":35},"end":{"line":492,"column":85}},"290":{"start":{"line":493,"column":36},"end":{"line":493,"column":92}},"291":{"start":{"line":494,"column":34},"end":{"line":502,"column":17}},"292":{"start":{"line":504,"column":16},"end":{"line":514,"column":87}},"293":{"start":{"line":514,"column":31},"end":{"line":514,"column":85}},"294":{"start":{"line":517,"column":16},"end":{"line":529,"column":17}},"295":{"start":{"line":518,"column":20},"end":{"line":525,"column":24}},"296":{"start":{"line":526,"column":20},"end":{"line":526,"column":88}},"297":{"start":{"line":528,"column":20},"end":{"line":528,"column":96}},"298":{"start":{"line":533,"column":8},"end":{"line":533,"column":36}},"299":{"start":{"line":535,"column":8},"end":{"line":535,"column":68}},"300":{"start":{"line":536,"column":8},"end":{"line":536,"column":64}},"301":{"start":{"line":544,"column":0},"end":{"line":575,"column":3}},"302":{"start":{"line":545,"column":19},"end":{"line":545,"column":29}},"303":{"start":{"line":546,"column":66},"end":{"line":546,"column":74}},"304":{"start":{"line":547,"column":4},"end":{"line":547,"column":89}},"305":{"start":{"line":547,"column":24},"end":{"line":547,"column":89}},"306":{"start":{"line":548,"column":4},"end":{"line":574,"column":5}},"307":{"start":{"line":549,"column":27},"end":{"line":549,"column":77}},"308":{"start":{"line":550,"column":28},"end":{"line":550,"column":84}},"309":{"start":{"line":551,"column":26},"end":{"line":558,"column":9}},"310":{"start":{"line":559,"column":8},"end":{"line":560,"column":85}},"311":{"start":{"line":560,"column":26},"end":{"line":560,"column":83}},"312":{"start":{"line":561,"column":8},"end":{"line":568,"column":84}},"313":{"start":{"line":568,"column":25},"end":{"line":568,"column":82}},"314":{"start":{"line":569,"column":8},"end":{"line":569,"column":82}},"315":{"start":{"line":570,"column":8},"end":{"line":570,"column":36}},"316":{"start":{"line":572,"column":8},"end":{"line":572,"column":64}},"317":{"start":{"line":573,"column":8},"end":{"line":573,"column":63}},"318":{"start":{"line":580,"column":0},"end":{"line":602,"column":3}},"319":{"start":{"line":581,"column":49},"end":{"line":581,"column":57}},"320":{"start":{"line":582,"column":4},"end":{"line":601,"column":5}},"321":{"start":{"line":583,"column":8},"end":{"line":583,"column":78}},"322":{"start":{"line":584,"column":26},"end":{"line":593,"column":11}},"323":{"start":{"line":595,"column":8},"end":{"line":595,"column":31}},"324":{"start":{"line":595,"column":19},"end":{"line":595,"column":31}},"325":{"start":{"line":596,"column":8},"end":{"line":596,"column":35}},"326":{"start":{"line":597,"column":8},"end":{"line":597,"column":71}},"327":{"start":{"line":599,"column":8},"end":{"line":599,"column":36}},"328":{"start":{"line":600,"column":8},"end":{"line":600,"column":64}},"329":{"start":{"line":604,"column":0},"end":{"line":635,"column":3}},"330":{"start":{"line":605,"column":4},"end":{"line":634,"column":5}},"331":{"start":{"line":606,"column":26},"end":{"line":606,"column":35}},"332":{"start":{"line":607,"column":20},"end":{"line":610,"column":54}},"333":{"start":{"line":611,"column":8},"end":{"line":613,"column":9}},"334":{"start":{"line":612,"column":12},"end":{"line":612,"column":54}},"335":{"start":{"line":614,"column":32},"end":{"line":614,"column":43}},"336":{"start":{"line":615,"column":8},"end":{"line":615,"column":31}},"337":{"start":{"line":615,"column":19},"end":{"line":615,"column":31}},"338":{"start":{"line":616,"column":29},"end":{"line":629,"column":18}},"339":{"start":{"line":617,"column":40},"end":{"line":628,"column":13}},"340":{"start":{"line":630,"column":8},"end":{"line":630,"column":56}},"341":{"start":{"line":632,"column":8},"end":{"line":632,"column":38}},"342":{"start":{"line":633,"column":8},"end":{"line":633,"column":64}},"343":{"start":{"line":637,"column":0},"end":{"line":646,"column":3}},"344":{"start":{"line":638,"column":4},"end":{"line":645,"column":5}},"345":{"start":{"line":639,"column":26},"end":{"line":639,"column":86}},"346":{"start":{"line":640,"column":8},"end":{"line":640,"column":31}},"347":{"start":{"line":640,"column":19},"end":{"line":640,"column":31}},"348":{"start":{"line":641,"column":8},"end":{"line":641,"column":36}},"349":{"start":{"line":643,"column":8},"end":{"line":643,"column":38}},"350":{"start":{"line":644,"column":8},"end":{"line":644,"column":60}},"351":{"start":{"line":648,"column":0},"end":{"line":692,"column":3}},"352":{"start":{"line":649,"column":19},"end":{"line":649,"column":29}},"353":{"start":{"line":650,"column":23},"end":{"line":650,"column":31}},"354":{"start":{"line":651,"column":4},"end":{"line":691,"column":5}},"355":{"start":{"line":652,"column":8},"end":{"line":652,"column":64}},"356":{"start":{"line":653,"column":26},"end":{"line":653,"column":123}},"357":{"start":{"line":654,"column":8},"end":{"line":654,"column":31}},"358":{"start":{"line":654,"column":19},"end":{"line":654,"column":31}},"359":{"start":{"line":656,"column":47},"end":{"line":656,"column":151}},"360":{"start":{"line":657,"column":8},"end":{"line":685,"column":9}},"361":{"start":{"line":658,"column":12},"end":{"line":658,"column":72}},"362":{"start":{"line":659,"column":15},"end":{"line":685,"column":9}},"363":{"start":{"line":660,"column":30},"end":{"line":665,"column":13}},"364":{"start":{"line":666,"column":12},"end":{"line":671,"column":96}},"365":{"start":{"line":671,"column":27},"end":{"line":671,"column":94}},"366":{"start":{"line":673,"column":12},"end":{"line":684,"column":13}},"367":{"start":{"line":674,"column":16},"end":{"line":681,"column":20}},"368":{"start":{"line":683,"column":16},"end":{"line":683,"column":105}},"369":{"start":{"line":687,"column":8},"end":{"line":687,"column":36}},"370":{"start":{"line":689,"column":8},"end":{"line":689,"column":54}},"371":{"start":{"line":690,"column":8},"end":{"line":690,"column":64}},"372":{"start":{"line":694,"column":0},"end":{"line":772,"column":3}},"373":{"start":{"line":695,"column":19},"end":{"line":695,"column":29}},"374":{"start":{"line":696,"column":4},"end":{"line":771,"column":5}},"375":{"start":{"line":697,"column":8},"end":{"line":697,"column":55}},"376":{"start":{"line":698,"column":51},"end":{"line":698,"column":112}},"377":{"start":{"line":699,"column":8},"end":{"line":699,"column":37}},"378":{"start":{"line":699,"column":22},"end":{"line":699,"column":37}},"379":{"start":{"line":701,"column":34},"end":{"line":701,"column":80}},"380":{"start":{"line":703,"column":29},"end":{"line":714,"column":9}},"381":{"start":{"line":716,"column":37},"end":{"line":716,"column":134}},"382":{"start":{"line":717,"column":8},"end":{"line":719,"column":9}},"383":{"start":{"line":718,"column":12},"end":{"line":718,"column":90}},"384":{"start":{"line":721,"column":33},"end":{"line":728,"column":11}},"385":{"start":{"line":730,"column":8},"end":{"line":730,"column":31}},"386":{"start":{"line":730,"column":19},"end":{"line":730,"column":31}},"387":{"start":{"line":732,"column":8},"end":{"line":732,"column":57}},"388":{"start":{"line":734,"column":8},"end":{"line":765,"column":9}},"389":{"start":{"line":735,"column":30},"end":{"line":745,"column":13}},"390":{"start":{"line":746,"column":12},"end":{"line":751,"column":89}},"391":{"start":{"line":751,"column":27},"end":{"line":751,"column":87}},"392":{"start":{"line":753,"column":12},"end":{"line":764,"column":13}},"393":{"start":{"line":754,"column":16},"end":{"line":761,"column":20}},"394":{"start":{"line":763,"column":16},"end":{"line":763,"column":98}},"395":{"start":{"line":767,"column":8},"end":{"line":767,"column":65}},"396":{"start":{"line":769,"column":8},"end":{"line":769,"column":54}},"397":{"start":{"line":770,"column":8},"end":{"line":770,"column":65}},"398":{"start":{"line":774,"column":0},"end":{"line":798,"column":3}},"399":{"start":{"line":775,"column":22},"end":{"line":775,"column":32}},"400":{"start":{"line":776,"column":4},"end":{"line":797,"column":5}},"401":{"start":{"line":777,"column":32},"end":{"line":781,"column":46}},"402":{"start":{"line":782,"column":8},"end":{"line":782,"column":31}},"403":{"start":{"line":782,"column":19},"end":{"line":782,"column":31}},"404":{"start":{"line":783,"column":29},"end":{"line":792,"column":11}},"405":{"start":{"line":783,"column":55},"end":{"line":792,"column":9}},"406":{"start":{"line":793,"column":8},"end":{"line":793,"column":56}},"407":{"start":{"line":795,"column":8},"end":{"line":795,"column":57}},"408":{"start":{"line":796,"column":8},"end":{"line":796,"column":63}},"409":{"start":{"line":800,"column":0},"end":{"line":826,"column":3}},"410":{"start":{"line":801,"column":19},"end":{"line":801,"column":29}},"411":{"start":{"line":802,"column":22},"end":{"line":802,"column":31}},"412":{"start":{"line":803,"column":4},"end":{"line":825,"column":5}},"413":{"start":{"line":804,"column":32},"end":{"line":808,"column":21}},"414":{"start":{"line":809,"column":8},"end":{"line":809,"column":31}},"415":{"start":{"line":809,"column":19},"end":{"line":809,"column":31}},"416":{"start":{"line":811,"column":8},"end":{"line":813,"column":9}},"417":{"start":{"line":812,"column":12},"end":{"line":812,"column":79}},"418":{"start":{"line":815,"column":8},"end":{"line":821,"column":11}},"419":{"start":{"line":823,"column":8},"end":{"line":823,"column":56}},"420":{"start":{"line":824,"column":8},"end":{"line":824,"column":74}},"421":{"start":{"line":828,"column":0},"end":{"line":837,"column":3}},"422":{"start":{"line":829,"column":19},"end":{"line":829,"column":29}},"423":{"start":{"line":830,"column":4},"end":{"line":836,"column":5}},"424":{"start":{"line":831,"column":8},"end":{"line":831,"column":92}},"425":{"start":{"line":832,"column":8},"end":{"line":832,"column":36}},"426":{"start":{"line":834,"column":8},"end":{"line":834,"column":54}},"427":{"start":{"line":835,"column":8},"end":{"line":835,"column":57}},"428":{"start":{"line":845,"column":0},"end":{"line":947,"column":3}},"429":{"start":{"line":846,"column":22},"end":{"line":846,"column":32}},"430":{"start":{"line":847,"column":4},"end":{"line":946,"column":5}},"431":{"start":{"line":848,"column":8},"end":{"line":848,"column":62}},"432":{"start":{"line":854,"column":12},"end":{"line":867,"column":10}},"433":{"start":{"line":869,"column":8},"end":{"line":869,"column":71}},"434":{"start":{"line":869,"column":20},"end":{"line":869,"column":71}},"435":{"start":{"line":870,"column":8},"end":{"line":870,"column":70}},"436":{"start":{"line":870,"column":20},"end":{"line":870,"column":70}},"437":{"start":{"line":871,"column":8},"end":{"line":871,"column":73}},"438":{"start":{"line":871,"column":20},"end":{"line":871,"column":73}},"439":{"start":{"line":873,"column":19},"end":{"line":873,"column":21}},"440":{"start":{"line":876,"column":8},"end":{"line":897,"column":9}},"441":{"start":{"line":877,"column":12},"end":{"line":896,"column":15}},"442":{"start":{"line":878,"column":35},"end":{"line":878,"column":58}},"443":{"start":{"line":879,"column":39},"end":{"line":883,"column":44}},"444":{"start":{"line":885,"column":16},"end":{"line":895,"column":19}},"445":{"start":{"line":900,"column":8},"end":{"line":911,"column":9}},"446":{"start":{"line":901,"column":12},"end":{"line":910,"column":16}},"447":{"start":{"line":901,"column":29},"end":{"line":910,"column":14}},"448":{"start":{"line":914,"column":8},"end":{"line":936,"column":9}},"449":{"start":{"line":915,"column":12},"end":{"line":935,"column":15}},"450":{"start":{"line":916,"column":35},"end":{"line":916,"column":64}},"451":{"start":{"line":917,"column":35},"end":{"line":917,"column":64}},"452":{"start":{"line":919,"column":39},"end":{"line":923,"column":50}},"453":{"start":{"line":925,"column":16},"end":{"line":934,"column":19}},"454":{"start":{"line":939,"column":8},"end":{"line":939,"column":65}},"455":{"start":{"line":939,"column":28},"end":{"line":939,"column":63}},"456":{"start":{"line":941,"column":8},"end":{"line":941,"column":95}},"457":{"start":{"line":942,"column":8},"end":{"line":942,"column":42}},"458":{"start":{"line":944,"column":8},"end":{"line":944,"column":52}},"459":{"start":{"line":945,"column":8},"end":{"line":945,"column":64}},"460":{"start":{"line":953,"column":0},"end":{"line":1015,"column":3}},"461":{"start":{"line":954,"column":19},"end":{"line":954,"column":29}},"462":{"start":{"line":955,"column":39},"end":{"line":955,"column":47}},"463":{"start":{"line":956,"column":4},"end":{"line":1014,"column":5}},"464":{"start":{"line":957,"column":8},"end":{"line":957,"column":71}},"465":{"start":{"line":960,"column":55},"end":{"line":965,"column":21}},"466":{"start":{"line":967,"column":8},"end":{"line":969,"column":9}},"467":{"start":{"line":968,"column":12},"end":{"line":968,"column":84}},"468":{"start":{"line":971,"column":8},"end":{"line":973,"column":9}},"469":{"start":{"line":972,"column":12},"end":{"line":972,"column":92}},"470":{"start":{"line":976,"column":51},"end":{"line":989,"column":21}},"471":{"start":{"line":991,"column":8},"end":{"line":991,"column":39}},"472":{"start":{"line":991,"column":23},"end":{"line":991,"column":39}},"473":{"start":{"line":994,"column":8},"end":{"line":996,"column":26}},"474":{"start":{"line":998,"column":8},"end":{"line":998,"column":84}},"475":{"start":{"line":1001,"column":8},"end":{"line":1008,"column":69}},"476":{"start":{"line":1008,"column":25},"end":{"line":1008,"column":67}},"477":{"start":{"line":1010,"column":8},"end":{"line":1010,"column":102}},"478":{"start":{"line":1012,"column":8},"end":{"line":1012,"column":55}},"479":{"start":{"line":1013,"column":8},"end":{"line":1013,"column":66}},"480":{"start":{"line":1018,"column":0},"end":{"line":1083,"column":3}},"481":{"start":{"line":1019,"column":19},"end":{"line":1019,"column":29}},"482":{"start":{"line":1020,"column":51},"end":{"line":1020,"column":59}},"483":{"start":{"line":1021,"column":4},"end":{"line":1082,"column":5}},"484":{"start":{"line":1022,"column":8},"end":{"line":1022,"column":94}},"485":{"start":{"line":1025,"column":57},"end":{"line":1030,"column":21}},"486":{"start":{"line":1032,"column":8},"end":{"line":1034,"column":9}},"487":{"start":{"line":1033,"column":12},"end":{"line":1033,"column":102}},"488":{"start":{"line":1036,"column":8},"end":{"line":1038,"column":9}},"489":{"start":{"line":1037,"column":12},"end":{"line":1037,"column":103}},"490":{"start":{"line":1041,"column":53},"end":{"line":1057,"column":21}},"491":{"start":{"line":1059,"column":8},"end":{"line":1059,"column":39}},"492":{"start":{"line":1059,"column":23},"end":{"line":1059,"column":39}},"493":{"start":{"line":1062,"column":8},"end":{"line":1064,"column":26}},"494":{"start":{"line":1066,"column":8},"end":{"line":1066,"column":101}},"495":{"start":{"line":1069,"column":8},"end":{"line":1076,"column":73}},"496":{"start":{"line":1076,"column":25},"end":{"line":1076,"column":71}},"497":{"start":{"line":1078,"column":8},"end":{"line":1078,"column":110}},"498":{"start":{"line":1080,"column":8},"end":{"line":1080,"column":68}},"499":{"start":{"line":1081,"column":8},"end":{"line":1081,"column":70}},"500":{"start":{"line":1086,"column":0},"end":{"line":1088,"column":3}},"501":{"start":{"line":1087,"column":4},"end":{"line":1087,"column":42}},"502":{"start":{"line":1090,"column":0},"end":{"line":1092,"column":3}},"503":{"start":{"line":1091,"column":4},"end":{"line":1091,"column":74}},"504":{"start":{"line":1094,"column":0},"end":{"line":1100,"column":1}},"505":{"start":{"line":1095,"column":4},"end":{"line":1099,"column":7}},"506":{"start":{"line":1096,"column":8},"end":{"line":1096,"column":74}},"507":{"start":{"line":1097,"column":8},"end":{"line":1097,"column":113}},"508":{"start":{"line":1098,"column":8},"end":{"line":1098,"column":98}},"509":{"start":{"line":1102,"column":0},"end":{"line":1102,"column":21}}},"fnMap":{"0":{"name":"(anonymous_0)","decl":{"start":{"line":20,"column":8},"end":{"line":20,"column":9}},"loc":{"start":{"line":20,"column":28},"end":{"line":27,"column":1}},"line":20},"1":{"name":"(anonymous_1)","decl":{"start":{"line":22,"column":21},"end":{"line":22,"column":22}},"loc":{"start":{"line":22,"column":27},"end":{"line":25,"column":5}},"line":22},"2":{"name":"(anonymous_2)","decl":{"start":{"line":34,"column":12},"end":{"line":34,"column":13}},"loc":{"start":{"line":34,"column":34},"end":{"line":40,"column":5}},"line":34},"3":{"name":"(anonymous_3)","decl":{"start":{"line":51,"column":13},"end":{"line":51,"column":14}},"loc":{"start":{"line":51,"column":27},"end":{"line":53,"column":1}},"line":51},"4":{"name":"(anonymous_4)","decl":{"start":{"line":57,"column":46},"end":{"line":57,"column":47}},"loc":{"start":{"line":57,"column":51},"end":{"line":57,"column":66}},"line":57},"5":{"name":"(anonymous_5)","decl":{"start":{"line":68,"column":17},"end":{"line":68,"column":18}},"loc":{"start":{"line":68,"column":54},"end":{"line":80,"column":1}},"line":68},"6":{"name":"mindeeToObject","decl":{"start":{"line":85,"column":9},"end":{"line":85,"column":23}},"loc":{"start":{"line":85,"column":29},"end":{"line":107,"column":1}},"line":85},"7":{"name":"(anonymous_7)","decl":{"start":{"line":95,"column":23},"end":{"line":95,"column":24}},"loc":{"start":{"line":95,"column":31},"end":{"line":95,"column":51}},"line":95},"8":{"name":"(anonymous_8)","decl":{"start":{"line":112,"column":63},"end":{"line":112,"column":64}},"loc":{"start":{"line":112,"column":83},"end":{"line":319,"column":1}},"line":112},"9":{"name":"(anonymous_9)","decl":{"start":{"line":134,"column":29},"end":{"line":134,"column":30}},"loc":{"start":{"line":134,"column":45},"end":{"line":149,"column":17}},"line":134},"10":{"name":"(anonymous_10)","decl":{"start":{"line":137,"column":49},"end":{"line":137,"column":50}},"loc":{"start":{"line":137,"column":54},"end":{"line":137,"column":87}},"line":137},"11":{"name":"(anonymous_11)","decl":{"start":{"line":138,"column":54},"end":{"line":138,"column":55}},"loc":{"start":{"line":138,"column":59},"end":{"line":138,"column":80}},"line":138},"12":{"name":"(anonymous_12)","decl":{"start":{"line":138,"column":86},"end":{"line":138,"column":87}},"loc":{"start":{"line":138,"column":91},"end":{"line":138,"column":104}},"line":138},"13":{"name":"(anonymous_13)","decl":{"start":{"line":196,"column":30},"end":{"line":196,"column":31}},"loc":{"start":{"line":196,"column":41},"end":{"line":216,"column":9}},"line":196},"14":{"name":"(anonymous_14)","decl":{"start":{"line":218,"column":31},"end":{"line":218,"column":32}},"loc":{"start":{"line":218,"column":42},"end":{"line":246,"column":9}},"line":218},"15":{"name":"(anonymous_15)","decl":{"start":{"line":248,"column":23},"end":{"line":248,"column":24}},"loc":{"start":{"line":248,"column":34},"end":{"line":253,"column":9}},"line":248},"16":{"name":"(anonymous_16)","decl":{"start":{"line":255,"column":32},"end":{"line":255,"column":33}},"loc":{"start":{"line":255,"column":49},"end":{"line":260,"column":9}},"line":255},"17":{"name":"(anonymous_17)","decl":{"start":{"line":262,"column":33},"end":{"line":262,"column":34}},"loc":{"start":{"line":262,"column":51},"end":{"line":287,"column":9}},"line":262},"18":{"name":"(anonymous_18)","decl":{"start":{"line":278,"column":34},"end":{"line":278,"column":35}},"loc":{"start":{"line":278,"column":42},"end":{"line":286,"column":13}},"line":278},"19":{"name":"(anonymous_19)","decl":{"start":{"line":286,"column":22},"end":{"line":286,"column":23}},"loc":{"start":{"line":286,"column":30},"end":{"line":286,"column":67}},"line":286},"20":{"name":"(anonymous_20)","decl":{"start":{"line":289,"column":30},"end":{"line":289,"column":31}},"loc":{"start":{"line":289,"column":41},"end":{"line":294,"column":9}},"line":289},"21":{"name":"(anonymous_21)","decl":{"start":{"line":324,"column":37},"end":{"line":324,"column":38}},"loc":{"start":{"line":324,"column":57},"end":{"line":371,"column":1}},"line":324},"22":{"name":"(anonymous_22)","decl":{"start":{"line":373,"column":32},"end":{"line":373,"column":33}},"loc":{"start":{"line":373,"column":52},"end":{"line":407,"column":1}},"line":373},"23":{"name":"(anonymous_23)","decl":{"start":{"line":387,"column":31},"end":{"line":387,"column":32}},"loc":{"start":{"line":387,"column":40},"end":{"line":400,"column":13}},"line":387},"24":{"name":"(anonymous_24)","decl":{"start":{"line":409,"column":38},"end":{"line":409,"column":39}},"loc":{"start":{"line":409,"column":58},"end":{"line":538,"column":1}},"line":409},"25":{"name":"(anonymous_25)","decl":{"start":{"line":469,"column":51},"end":{"line":469,"column":52}},"loc":{"start":{"line":470,"column":24},"end":{"line":470,"column":109}},"line":470},"26":{"name":"(anonymous_26)","decl":{"start":{"line":514,"column":24},"end":{"line":514,"column":25}},"loc":{"start":{"line":514,"column":31},"end":{"line":514,"column":85}},"line":514},"27":{"name":"(anonymous_27)","decl":{"start":{"line":544,"column":44},"end":{"line":544,"column":45}},"loc":{"start":{"line":544,"column":64},"end":{"line":575,"column":1}},"line":544},"28":{"name":"(anonymous_28)","decl":{"start":{"line":560,"column":19},"end":{"line":560,"column":20}},"loc":{"start":{"line":560,"column":26},"end":{"line":560,"column":83}},"line":560},"29":{"name":"(anonymous_29)","decl":{"start":{"line":568,"column":18},"end":{"line":568,"column":19}},"loc":{"start":{"line":568,"column":25},"end":{"line":568,"column":82}},"line":568},"30":{"name":"(anonymous_30)","decl":{"start":{"line":580,"column":26},"end":{"line":580,"column":27}},"loc":{"start":{"line":580,"column":46},"end":{"line":602,"column":1}},"line":580},"31":{"name":"(anonymous_31)","decl":{"start":{"line":604,"column":21},"end":{"line":604,"column":22}},"loc":{"start":{"line":604,"column":41},"end":{"line":635,"column":1}},"line":604},"32":{"name":"(anonymous_32)","decl":{"start":{"line":617,"column":31},"end":{"line":617,"column":32}},"loc":{"start":{"line":617,"column":40},"end":{"line":628,"column":13}},"line":617},"33":{"name":"(anonymous_33)","decl":{"start":{"line":637,"column":28},"end":{"line":637,"column":29}},"loc":{"start":{"line":637,"column":48},"end":{"line":646,"column":1}},"line":637},"34":{"name":"(anonymous_34)","decl":{"start":{"line":648,"column":33},"end":{"line":648,"column":34}},"loc":{"start":{"line":648,"column":53},"end":{"line":692,"column":1}},"line":648},"35":{"name":"(anonymous_35)","decl":{"start":{"line":671,"column":20},"end":{"line":671,"column":21}},"loc":{"start":{"line":671,"column":27},"end":{"line":671,"column":94}},"line":671},"36":{"name":"(anonymous_36)","decl":{"start":{"line":694,"column":38},"end":{"line":694,"column":39}},"loc":{"start":{"line":694,"column":58},"end":{"line":772,"column":1}},"line":694},"37":{"name":"(anonymous_37)","decl":{"start":{"line":751,"column":20},"end":{"line":751,"column":21}},"loc":{"start":{"line":751,"column":27},"end":{"line":751,"column":87}},"line":751},"38":{"name":"(anonymous_38)","decl":{"start":{"line":774,"column":36},"end":{"line":774,"column":37}},"loc":{"start":{"line":774,"column":56},"end":{"line":798,"column":1}},"line":774},"39":{"name":"(anonymous_39)","decl":{"start":{"line":783,"column":46},"end":{"line":783,"column":47}},"loc":{"start":{"line":783,"column":55},"end":{"line":792,"column":9}},"line":783},"40":{"name":"(anonymous_40)","decl":{"start":{"line":800,"column":36},"end":{"line":800,"column":37}},"loc":{"start":{"line":800,"column":56},"end":{"line":826,"column":1}},"line":800},"41":{"name":"(anonymous_41)","decl":{"start":{"line":828,"column":49},"end":{"line":828,"column":50}},"loc":{"start":{"line":828,"column":69},"end":{"line":837,"column":1}},"line":828},"42":{"name":"(anonymous_42)","decl":{"start":{"line":845,"column":37},"end":{"line":845,"column":38}},"loc":{"start":{"line":845,"column":57},"end":{"line":947,"column":1}},"line":845},"43":{"name":"(anonymous_43)","decl":{"start":{"line":877,"column":25},"end":{"line":877,"column":26}},"loc":{"start":{"line":877,"column":30},"end":{"line":896,"column":13}},"line":877},"44":{"name":"(anonymous_44)","decl":{"start":{"line":901,"column":24},"end":{"line":901,"column":25}},"loc":{"start":{"line":901,"column":29},"end":{"line":910,"column":14}},"line":901},"45":{"name":"(anonymous_45)","decl":{"start":{"line":915,"column":25},"end":{"line":915,"column":26}},"loc":{"start":{"line":915,"column":30},"end":{"line":935,"column":13}},"line":915},"46":{"name":"(anonymous_46)","decl":{"start":{"line":939,"column":18},"end":{"line":939,"column":19}},"loc":{"start":{"line":939,"column":28},"end":{"line":939,"column":63}},"line":939},"47":{"name":"(anonymous_47)","decl":{"start":{"line":953,"column":35},"end":{"line":953,"column":36}},"loc":{"start":{"line":953,"column":55},"end":{"line":1015,"column":1}},"line":953},"48":{"name":"(anonymous_48)","decl":{"start":{"line":1008,"column":18},"end":{"line":1008,"column":19}},"loc":{"start":{"line":1008,"column":25},"end":{"line":1008,"column":67}},"line":1008},"49":{"name":"(anonymous_49)","decl":{"start":{"line":1018,"column":46},"end":{"line":1018,"column":47}},"loc":{"start":{"line":1018,"column":66},"end":{"line":1083,"column":1}},"line":1018},"50":{"name":"(anonymous_50)","decl":{"start":{"line":1076,"column":18},"end":{"line":1076,"column":19}},"loc":{"start":{"line":1076,"column":25},"end":{"line":1076,"column":71}},"line":1076},"51":{"name":"(anonymous_51)","decl":{"start":{"line":1086,"column":32},"end":{"line":1086,"column":33}},"loc":{"start":{"line":1086,"column":43},"end":{"line":1088,"column":1}},"line":1086},"52":{"name":"(anonymous_52)","decl":{"start":{"line":1090,"column":33},"end":{"line":1090,"column":34}},"loc":{"start":{"line":1090,"column":54},"end":{"line":1092,"column":1}},"line":1090},"53":{"name":"(anonymous_53)","decl":{"start":{"line":1095,"column":32},"end":{"line":1095,"column":33}},"loc":{"start":{"line":1095,"column":38},"end":{"line":1099,"column":5}},"line":1095}},"branchMap":{"0":{"loc":{"start":{"line":12,"column":0},"end":{"line":14,"column":1}},"type":"if","locations":[{"start":{"line":12,"column":0},"end":{"line":14,"column":1}},{"start":{},"end":{}}],"line":12},"1":{"loc":{"start":{"line":17,"column":13},"end":{"line":17,"column":37}},"type":"binary-expr","locations":[{"start":{"line":17,"column":13},"end":{"line":17,"column":29}},{"start":{"line":17,"column":33},"end":{"line":17,"column":37}}],"line":17},"2":{"loc":{"start":{"line":35,"column":8},"end":{"line":39,"column":9}},"type":"if","locations":[{"start":{"line":35,"column":8},"end":{"line":39,"column":9}},{"start":{"line":37,"column":15},"end":{"line":39,"column":9}}],"line":35},"3":{"loc":{"start":{"line":35,"column":12},"end":{"line":35,"column":54}},"type":"binary-expr","locations":[{"start":{"line":35,"column":12},"end":{"line":35,"column":19}},{"start":{"line":35,"column":23},"end":{"line":35,"column":54}}],"line":35},"4":{"loc":{"start":{"line":58,"column":0},"end":{"line":61,"column":1}},"type":"if","locations":[{"start":{"line":58,"column":0},"end":{"line":61,"column":1}},{"start":{},"end":{}}],"line":58},"5":{"loc":{"start":{"line":68,"column":34},"end":{"line":68,"column":49}},"type":"default-arg","locations":[{"start":{"line":68,"column":47},"end":{"line":68,"column":49}}],"line":68},"6":{"loc":{"start":{"line":71,"column":4},"end":{"line":71,"column":60}},"type":"if","locations":[{"start":{"line":71,"column":4},"end":{"line":71,"column":60}},{"start":{},"end":{}}],"line":71},"7":{"loc":{"start":{"line":72,"column":4},"end":{"line":72,"column":69}},"type":"if","locations":[{"start":{"line":72,"column":4},"end":{"line":72,"column":69}},{"start":{},"end":{}}],"line":72},"8":{"loc":{"start":{"line":73,"column":4},"end":{"line":73,"column":60}},"type":"if","locations":[{"start":{"line":73,"column":4},"end":{"line":73,"column":60}},{"start":{},"end":{}}],"line":73},"9":{"loc":{"start":{"line":74,"column":4},"end":{"line":76,"column":5}},"type":"if","locations":[{"start":{"line":74,"column":4},"end":{"line":76,"column":5}},{"start":{},"end":{}}],"line":74},"10":{"loc":{"start":{"line":77,"column":4},"end":{"line":79,"column":5}},"type":"if","locations":[{"start":{"line":77,"column":4},"end":{"line":79,"column":5}},{"start":{},"end":{}}],"line":77},"11":{"loc":{"start":{"line":77,"column":8},"end":{"line":77,"column":60}},"type":"binary-expr","locations":[{"start":{"line":77,"column":8},"end":{"line":77,"column":45}},{"start":{"line":77,"column":49},"end":{"line":77,"column":60}}],"line":77},"12":{"loc":{"start":{"line":86,"column":4},"end":{"line":86,"column":55}},"type":"if","locations":[{"start":{"line":86,"column":4},"end":{"line":86,"column":55}},{"start":{},"end":{}}],"line":86},"13":{"loc":{"start":{"line":86,"column":8},"end":{"line":86,"column":41}},"type":"binary-expr","locations":[{"start":{"line":86,"column":8},"end":{"line":86,"column":20}},{"start":{"line":86,"column":24},"end":{"line":86,"column":41}}],"line":86},"14":{"loc":{"start":{"line":87,"column":4},"end":{"line":93,"column":5}},"type":"if","locations":[{"start":{"line":87,"column":4},"end":{"line":93,"column":5}},{"start":{},"end":{}}],"line":87},"15":{"loc":{"start":{"line":94,"column":4},"end":{"line":96,"column":5}},"type":"if","locations":[{"start":{"line":94,"column":4},"end":{"line":96,"column":5}},{"start":{},"end":{}}],"line":94},"16":{"loc":{"start":{"line":97,"column":4},"end":{"line":105,"column":5}},"type":"if","locations":[{"start":{"line":97,"column":4},"end":{"line":105,"column":5}},{"start":{},"end":{}}],"line":97},"17":{"loc":{"start":{"line":100,"column":12},"end":{"line":102,"column":13}},"type":"if","locations":[{"start":{"line":100,"column":12},"end":{"line":102,"column":13}},{"start":{},"end":{}}],"line":100},"18":{"loc":{"start":{"line":100,"column":16},"end":{"line":100,"column":132}},"type":"binary-expr","locations":[{"start":{"line":100,"column":16},"end":{"line":100,"column":36}},{"start":{"line":100,"column":40},"end":{"line":100,"column":57}},{"start":{"line":100,"column":61},"end":{"line":100,"column":82}},{"start":{"line":100,"column":86},"end":{"line":100,"column":108}},{"start":{"line":100,"column":112},"end":{"line":100,"column":132}}],"line":100},"19":{"loc":{"start":{"line":114,"column":8},"end":{"line":117,"column":9}},"type":"if","locations":[{"start":{"line":114,"column":8},"end":{"line":117,"column":9}},{"start":{},"end":{}}],"line":114},"20":{"loc":{"start":{"line":123,"column":8},"end":{"line":174,"column":9}},"type":"if","locations":[{"start":{"line":123,"column":8},"end":{"line":174,"column":9}},{"start":{},"end":{}}],"line":123},"21":{"loc":{"start":{"line":123,"column":12},"end":{"line":123,"column":96}},"type":"binary-expr","locations":[{"start":{"line":123,"column":12},"end":{"line":123,"column":37}},{"start":{"line":123,"column":41},"end":{"line":123,"column":67}},{"start":{"line":123,"column":71},"end":{"line":123,"column":96}}],"line":123},"22":{"loc":{"start":{"line":136,"column":20},"end":{"line":148,"column":21}},"type":"if","locations":[{"start":{"line":136,"column":20},"end":{"line":148,"column":21}},{"start":{},"end":{}}],"line":136},"23":{"loc":{"start":{"line":137,"column":37},"end":{"line":137,"column":111}},"type":"binary-expr","locations":[{"start":{"line":137,"column":37},"end":{"line":137,"column":88}},{"start":{"line":137,"column":92},"end":{"line":137,"column":111}}],"line":137},"24":{"loc":{"start":{"line":137,"column":54},"end":{"line":137,"column":87}},"type":"binary-expr","locations":[{"start":{"line":137,"column":54},"end":{"line":137,"column":75}},{"start":{"line":137,"column":79},"end":{"line":137,"column":87}}],"line":137},"25":{"loc":{"start":{"line":140,"column":36},"end":{"line":140,"column":71}},"type":"cond-expr","locations":[{"start":{"line":140,"column":57},"end":{"line":140,"column":67}},{"start":{"line":140,"column":70},"end":{"line":140,"column":71}}],"line":140},"26":{"loc":{"start":{"line":141,"column":38},"end":{"line":141,"column":89}},"type":"cond-expr","locations":[{"start":{"line":141,"column":59},"end":{"line":141,"column":69}},{"start":{"line":141,"column":73},"end":{"line":141,"column":88}}],"line":141},"27":{"loc":{"start":{"line":141,"column":73},"end":{"line":141,"column":88}},"type":"binary-expr","locations":[{"start":{"line":141,"column":73},"end":{"line":141,"column":83}},{"start":{"line":141,"column":87},"end":{"line":141,"column":88}}],"line":141},"28":{"loc":{"start":{"line":144,"column":24},"end":{"line":147,"column":25}},"type":"if","locations":[{"start":{"line":144,"column":24},"end":{"line":147,"column":25}},{"start":{},"end":{}}],"line":144},"29":{"loc":{"start":{"line":177,"column":8},"end":{"line":180,"column":9}},"type":"if","locations":[{"start":{"line":177,"column":8},"end":{"line":180,"column":9}},{"start":{},"end":{}}],"line":177},"30":{"loc":{"start":{"line":183,"column":88},"end":{"line":183,"column":126}},"type":"binary-expr","locations":[{"start":{"line":183,"column":88},"end":{"line":183,"column":109}},{"start":{"line":183,"column":113},"end":{"line":183,"column":126}}],"line":183},"31":{"loc":{"start":{"line":193,"column":30},"end":{"line":193,"column":122}},"type":"binary-expr","locations":[{"start":{"line":193,"column":30},"end":{"line":193,"column":78}},{"start":{"line":193,"column":82},"end":{"line":193,"column":116}},{"start":{"line":193,"column":120},"end":{"line":193,"column":122}}],"line":193},"32":{"loc":{"start":{"line":197,"column":12},"end":{"line":197,"column":67}},"type":"if","locations":[{"start":{"line":197,"column":12},"end":{"line":197,"column":67}},{"start":{},"end":{}}],"line":197},"33":{"loc":{"start":{"line":197,"column":16},"end":{"line":197,"column":53}},"type":"binary-expr","locations":[{"start":{"line":197,"column":16},"end":{"line":197,"column":30}},{"start":{"line":197,"column":34},"end":{"line":197,"column":53}}],"line":197},"34":{"loc":{"start":{"line":198,"column":12},"end":{"line":198,"column":100}},"type":"if","locations":[{"start":{"line":198,"column":12},"end":{"line":198,"column":100}},{"start":{},"end":{}}],"line":198},"35":{"loc":{"start":{"line":198,"column":16},"end":{"line":198,"column":70}},"type":"binary-expr","locations":[{"start":{"line":198,"column":16},"end":{"line":198,"column":41}},{"start":{"line":198,"column":45},"end":{"line":198,"column":70}}],"line":198},"36":{"loc":{"start":{"line":200,"column":12},"end":{"line":200,"column":101}},"type":"if","locations":[{"start":{"line":200,"column":12},"end":{"line":200,"column":101}},{"start":{},"end":{}}],"line":200},"37":{"loc":{"start":{"line":200,"column":16},"end":{"line":200,"column":65}},"type":"binary-expr","locations":[{"start":{"line":200,"column":16},"end":{"line":200,"column":41}},{"start":{"line":200,"column":45},"end":{"line":200,"column":65}}],"line":200},"38":{"loc":{"start":{"line":201,"column":12},"end":{"line":201,"column":107}},"type":"if","locations":[{"start":{"line":201,"column":12},"end":{"line":201,"column":107}},{"start":{},"end":{}}],"line":201},"39":{"loc":{"start":{"line":201,"column":16},"end":{"line":201,"column":69}},"type":"binary-expr","locations":[{"start":{"line":201,"column":16},"end":{"line":201,"column":43}},{"start":{"line":201,"column":47},"end":{"line":201,"column":69}}],"line":201},"40":{"loc":{"start":{"line":202,"column":12},"end":{"line":202,"column":98}},"type":"if","locations":[{"start":{"line":202,"column":12},"end":{"line":202,"column":98}},{"start":{},"end":{}}],"line":202},"41":{"loc":{"start":{"line":202,"column":16},"end":{"line":202,"column":63}},"type":"binary-expr","locations":[{"start":{"line":202,"column":16},"end":{"line":202,"column":40}},{"start":{"line":202,"column":44},"end":{"line":202,"column":63}}],"line":202},"42":{"loc":{"start":{"line":204,"column":12},"end":{"line":204,"column":89}},"type":"if","locations":[{"start":{"line":204,"column":12},"end":{"line":204,"column":89}},{"start":{},"end":{}}],"line":204},"43":{"loc":{"start":{"line":204,"column":16},"end":{"line":204,"column":56}},"type":"binary-expr","locations":[{"start":{"line":204,"column":16},"end":{"line":204,"column":36}},{"start":{"line":204,"column":40},"end":{"line":204,"column":56}}],"line":204},"44":{"loc":{"start":{"line":206,"column":12},"end":{"line":206,"column":126}},"type":"if","locations":[{"start":{"line":206,"column":12},"end":{"line":206,"column":126}},{"start":{},"end":{}}],"line":206},"45":{"loc":{"start":{"line":206,"column":16},"end":{"line":206,"column":86}},"type":"binary-expr","locations":[{"start":{"line":206,"column":16},"end":{"line":206,"column":28}},{"start":{"line":206,"column":32},"end":{"line":206,"column":59}},{"start":{"line":206,"column":63},"end":{"line":206,"column":86}}],"line":206},"46":{"loc":{"start":{"line":207,"column":12},"end":{"line":207,"column":122}},"type":"if","locations":[{"start":{"line":207,"column":12},"end":{"line":207,"column":122}},{"start":{},"end":{}}],"line":207},"47":{"loc":{"start":{"line":207,"column":16},"end":{"line":207,"column":83}},"type":"binary-expr","locations":[{"start":{"line":207,"column":16},"end":{"line":207,"column":27}},{"start":{"line":207,"column":31},"end":{"line":207,"column":57}},{"start":{"line":207,"column":61},"end":{"line":207,"column":83}}],"line":207},"48":{"loc":{"start":{"line":209,"column":12},"end":{"line":214,"column":13}},"type":"if","locations":[{"start":{"line":209,"column":12},"end":{"line":214,"column":13}},{"start":{},"end":{}}],"line":209},"49":{"loc":{"start":{"line":210,"column":16},"end":{"line":210,"column":65}},"type":"if","locations":[{"start":{"line":210,"column":16},"end":{"line":210,"column":65}},{"start":{},"end":{}}],"line":210},"50":{"loc":{"start":{"line":211,"column":16},"end":{"line":211,"column":79}},"type":"if","locations":[{"start":{"line":211,"column":16},"end":{"line":211,"column":79}},{"start":{},"end":{}}],"line":211},"51":{"loc":{"start":{"line":212,"column":16},"end":{"line":212,"column":71}},"type":"if","locations":[{"start":{"line":212,"column":16},"end":{"line":212,"column":71}},{"start":{},"end":{}}],"line":212},"52":{"loc":{"start":{"line":213,"column":16},"end":{"line":213,"column":69}},"type":"if","locations":[{"start":{"line":213,"column":16},"end":{"line":213,"column":69}},{"start":{},"end":{}}],"line":213},"53":{"loc":{"start":{"line":219,"column":12},"end":{"line":219,"column":36}},"type":"if","locations":[{"start":{"line":219,"column":12},"end":{"line":219,"column":36}},{"start":{},"end":{}}],"line":219},"54":{"loc":{"start":{"line":220,"column":30},"end":{"line":220,"column":69}},"type":"cond-expr","locations":[{"start":{"line":220,"column":53},"end":{"line":220,"column":61}},{"start":{"line":220,"column":64},"end":{"line":220,"column":69}}],"line":220},"55":{"loc":{"start":{"line":221,"column":12},"end":{"line":221,"column":40}},"type":"if","locations":[{"start":{"line":221,"column":12},"end":{"line":221,"column":40}},{"start":{},"end":{}}],"line":221},"56":{"loc":{"start":{"line":223,"column":12},"end":{"line":223,"column":61}},"type":"if","locations":[{"start":{"line":223,"column":12},"end":{"line":223,"column":61}},{"start":{},"end":{}}],"line":223},"57":{"loc":{"start":{"line":223,"column":16},"end":{"line":223,"column":48}},"type":"binary-expr","locations":[{"start":{"line":223,"column":16},"end":{"line":223,"column":19}},{"start":{"line":223,"column":23},"end":{"line":223,"column":48}}],"line":223},"58":{"loc":{"start":{"line":225,"column":12},"end":{"line":244,"column":13}},"type":"if","locations":[{"start":{"line":225,"column":12},"end":{"line":244,"column":13}},{"start":{},"end":{}}],"line":225},"59":{"loc":{"start":{"line":227,"column":31},"end":{"line":227,"column":79}},"type":"binary-expr","locations":[{"start":{"line":227,"column":31},"end":{"line":227,"column":46}},{"start":{"line":227,"column":50},"end":{"line":227,"column":66}},{"start":{"line":227,"column":70},"end":{"line":227,"column":79}}],"line":227},"60":{"loc":{"start":{"line":229,"column":16},"end":{"line":232,"column":17}},"type":"if","locations":[{"start":{"line":229,"column":16},"end":{"line":232,"column":17}},{"start":{},"end":{}}],"line":229},"61":{"loc":{"start":{"line":231,"column":20},"end":{"line":231,"column":53}},"type":"if","locations":[{"start":{"line":231,"column":20},"end":{"line":231,"column":53}},{"start":{},"end":{}}],"line":231},"62":{"loc":{"start":{"line":234,"column":16},"end":{"line":241,"column":17}},"type":"if","locations":[{"start":{"line":234,"column":16},"end":{"line":241,"column":17}},{"start":{},"end":{}}],"line":234},"63":{"loc":{"start":{"line":235,"column":20},"end":{"line":235,"column":94}},"type":"if","locations":[{"start":{"line":235,"column":20},"end":{"line":235,"column":94}},{"start":{},"end":{}}],"line":235},"64":{"loc":{"start":{"line":236,"column":20},"end":{"line":236,"column":90}},"type":"if","locations":[{"start":{"line":236,"column":20},"end":{"line":236,"column":90}},{"start":{},"end":{}}],"line":236},"65":{"loc":{"start":{"line":237,"column":20},"end":{"line":237,"column":76}},"type":"if","locations":[{"start":{"line":237,"column":20},"end":{"line":237,"column":76}},{"start":{},"end":{}}],"line":237},"66":{"loc":{"start":{"line":238,"column":20},"end":{"line":238,"column":78}},"type":"if","locations":[{"start":{"line":238,"column":20},"end":{"line":238,"column":78}},{"start":{},"end":{}}],"line":238},"67":{"loc":{"start":{"line":239,"column":20},"end":{"line":239,"column":90}},"type":"if","locations":[{"start":{"line":239,"column":20},"end":{"line":239,"column":90}},{"start":{},"end":{}}],"line":239},"68":{"loc":{"start":{"line":240,"column":20},"end":{"line":240,"column":82}},"type":"if","locations":[{"start":{"line":240,"column":20},"end":{"line":240,"column":82}},{"start":{},"end":{}}],"line":240},"69":{"loc":{"start":{"line":243,"column":16},"end":{"line":243,"column":78}},"type":"if","locations":[{"start":{"line":243,"column":16},"end":{"line":243,"column":78}},{"start":{},"end":{}}],"line":243},"70":{"loc":{"start":{"line":250,"column":12},"end":{"line":250,"column":34}},"type":"if","locations":[{"start":{"line":250,"column":12},"end":{"line":250,"column":34}},{"start":{},"end":{}}],"line":250},"71":{"loc":{"start":{"line":252,"column":19},"end":{"line":252,"column":47}},"type":"binary-expr","locations":[{"start":{"line":252,"column":19},"end":{"line":252,"column":39}},{"start":{"line":252,"column":43},"end":{"line":252,"column":47}}],"line":252},"72":{"loc":{"start":{"line":256,"column":12},"end":{"line":256,"column":43}},"type":"if","locations":[{"start":{"line":256,"column":12},"end":{"line":256,"column":43}},{"start":{},"end":{}}],"line":256},"73":{"loc":{"start":{"line":257,"column":27},"end":{"line":257,"column":81}},"type":"binary-expr","locations":[{"start":{"line":257,"column":27},"end":{"line":257,"column":44}},{"start":{"line":257,"column":48},"end":{"line":257,"column":66}},{"start":{"line":257,"column":70},"end":{"line":257,"column":81}}],"line":257},"74":{"loc":{"start":{"line":258,"column":12},"end":{"line":258,"column":80}},"type":"if","locations":[{"start":{"line":258,"column":12},"end":{"line":258,"column":80}},{"start":{},"end":{}}],"line":258},"75":{"loc":{"start":{"line":258,"column":40},"end":{"line":258,"column":79}},"type":"binary-expr","locations":[{"start":{"line":258,"column":40},"end":{"line":258,"column":70}},{"start":{"line":258,"column":74},"end":{"line":258,"column":79}}],"line":258},"76":{"loc":{"start":{"line":263,"column":12},"end":{"line":263,"column":41}},"type":"if","locations":[{"start":{"line":263,"column":12},"end":{"line":263,"column":41}},{"start":{},"end":{}}],"line":263},"77":{"loc":{"start":{"line":266,"column":12},"end":{"line":274,"column":13}},"type":"if","locations":[{"start":{"line":266,"column":12},"end":{"line":274,"column":13}},{"start":{"line":268,"column":19},"end":{"line":274,"column":13}}],"line":266},"78":{"loc":{"start":{"line":266,"column":16},"end":{"line":266,"column":76}},"type":"binary-expr","locations":[{"start":{"line":266,"column":16},"end":{"line":266,"column":34}},{"start":{"line":266,"column":38},"end":{"line":266,"column":76}}],"line":266},"79":{"loc":{"start":{"line":267,"column":29},"end":{"line":267,"column":119}},"type":"cond-expr","locations":[{"start":{"line":267,"column":65},"end":{"line":267,"column":83}},{"start":{"line":267,"column":86},"end":{"line":267,"column":119}}],"line":267},"80":{"loc":{"start":{"line":268,"column":19},"end":{"line":274,"column":13}},"type":"if","locations":[{"start":{"line":268,"column":19},"end":{"line":274,"column":13}},{"start":{"line":270,"column":19},"end":{"line":274,"column":13}}],"line":268},"81":{"loc":{"start":{"line":268,"column":23},"end":{"line":268,"column":85}},"type":"binary-expr","locations":[{"start":{"line":268,"column":23},"end":{"line":268,"column":42}},{"start":{"line":268,"column":46},"end":{"line":268,"column":85}}],"line":268},"82":{"loc":{"start":{"line":269,"column":29},"end":{"line":269,"column":122}},"type":"cond-expr","locations":[{"start":{"line":269,"column":66},"end":{"line":269,"column":85}},{"start":{"line":269,"column":88},"end":{"line":269,"column":122}}],"line":269},"83":{"loc":{"start":{"line":270,"column":19},"end":{"line":274,"column":13}},"type":"if","locations":[{"start":{"line":270,"column":19},"end":{"line":274,"column":13}},{"start":{"line":272,"column":19},"end":{"line":274,"column":13}}],"line":270},"84":{"loc":{"start":{"line":272,"column":19},"end":{"line":274,"column":13}},"type":"if","locations":[{"start":{"line":272,"column":19},"end":{"line":274,"column":13}},{"start":{},"end":{}}],"line":272},"85":{"loc":{"start":{"line":276,"column":12},"end":{"line":276,"column":54}},"type":"if","locations":[{"start":{"line":276,"column":12},"end":{"line":276,"column":54}},{"start":{},"end":{}}],"line":276},"86":{"loc":{"start":{"line":279,"column":26},"end":{"line":279,"column":59}},"type":"binary-expr","locations":[{"start":{"line":279,"column":26},"end":{"line":279,"column":36}},{"start":{"line":279,"column":40},"end":{"line":279,"column":51}},{"start":{"line":279,"column":55},"end":{"line":279,"column":59}}],"line":279},"87":{"loc":{"start":{"line":281,"column":25},"end":{"line":281,"column":58}},"type":"binary-expr","locations":[{"start":{"line":281,"column":25},"end":{"line":281,"column":51}},{"start":{"line":281,"column":55},"end":{"line":281,"column":58}}],"line":281},"88":{"loc":{"start":{"line":282,"column":33},"end":{"line":282,"column":138}},"type":"binary-expr","locations":[{"start":{"line":282,"column":33},"end":{"line":282,"column":62}},{"start":{"line":282,"column":66},"end":{"line":282,"column":100}},{"start":{"line":282,"column":104},"end":{"line":282,"column":120}},{"start":{"line":282,"column":124},"end":{"line":282,"column":138}}],"line":282},"89":{"loc":{"start":{"line":284,"column":28},"end":{"line":284,"column":98}},"type":"binary-expr","locations":[{"start":{"line":284,"column":28},"end":{"line":284,"column":50}},{"start":{"line":284,"column":54},"end":{"line":284,"column":71}},{"start":{"line":284,"column":75},"end":{"line":284,"column":98}}],"line":284},"90":{"loc":{"start":{"line":286,"column":30},"end":{"line":286,"column":67}},"type":"binary-expr","locations":[{"start":{"line":286,"column":30},"end":{"line":286,"column":45}},{"start":{"line":286,"column":49},"end":{"line":286,"column":67}}],"line":286},"91":{"loc":{"start":{"line":290,"column":12},"end":{"line":290,"column":36}},"type":"if","locations":[{"start":{"line":290,"column":12},"end":{"line":290,"column":36}},{"start":{},"end":{}}],"line":290},"92":{"loc":{"start":{"line":291,"column":12},"end":{"line":291,"column":89}},"type":"if","locations":[{"start":{"line":291,"column":12},"end":{"line":291,"column":89}},{"start":{},"end":{}}],"line":291},"93":{"loc":{"start":{"line":291,"column":16},"end":{"line":291,"column":56}},"type":"binary-expr","locations":[{"start":{"line":291,"column":16},"end":{"line":291,"column":36}},{"start":{"line":291,"column":40},"end":{"line":291,"column":56}}],"line":291},"94":{"loc":{"start":{"line":292,"column":12},"end":{"line":292,"column":126}},"type":"if","locations":[{"start":{"line":292,"column":12},"end":{"line":292,"column":126}},{"start":{},"end":{}}],"line":292},"95":{"loc":{"start":{"line":292,"column":16},"end":{"line":292,"column":86}},"type":"binary-expr","locations":[{"start":{"line":292,"column":16},"end":{"line":292,"column":28}},{"start":{"line":292,"column":32},"end":{"line":292,"column":59}},{"start":{"line":292,"column":63},"end":{"line":292,"column":86}}],"line":292},"96":{"loc":{"start":{"line":297,"column":24},"end":{"line":297,"column":164}},"type":"binary-expr","locations":[{"start":{"line":297,"column":24},"end":{"line":297,"column":62}},{"start":{"line":297,"column":66},"end":{"line":297,"column":102}},{"start":{"line":297,"column":106},"end":{"line":297,"column":144}},{"start":{"line":297,"column":148},"end":{"line":297,"column":164}}],"line":297},"97":{"loc":{"start":{"line":298,"column":27},"end":{"line":298,"column":128}},"type":"binary-expr","locations":[{"start":{"line":298,"column":27},"end":{"line":298,"column":69}},{"start":{"line":298,"column":73},"end":{"line":298,"column":113}},{"start":{"line":298,"column":117},"end":{"line":298,"column":128}}],"line":298},"98":{"loc":{"start":{"line":299,"column":27},"end":{"line":299,"column":163}},"type":"binary-expr","locations":[{"start":{"line":299,"column":27},"end":{"line":299,"column":66}},{"start":{"line":299,"column":70},"end":{"line":299,"column":110}},{"start":{"line":299,"column":114},"end":{"line":299,"column":148}},{"start":{"line":299,"column":152},"end":{"line":299,"column":163}}],"line":299},"99":{"loc":{"start":{"line":300,"column":25},"end":{"line":300,"column":176}},"type":"binary-expr","locations":[{"start":{"line":300,"column":25},"end":{"line":300,"column":54}},{"start":{"line":300,"column":58},"end":{"line":300,"column":95}},{"start":{"line":300,"column":99},"end":{"line":300,"column":134}},{"start":{"line":300,"column":138},"end":{"line":300,"column":176}}],"line":300},"100":{"loc":{"start":{"line":301,"column":22},"end":{"line":301,"column":117}},"type":"binary-expr","locations":[{"start":{"line":301,"column":22},"end":{"line":301,"column":56}},{"start":{"line":301,"column":60},"end":{"line":301,"column":102}},{"start":{"line":301,"column":106},"end":{"line":301,"column":117}}],"line":301},"101":{"loc":{"start":{"line":302,"column":21},"end":{"line":302,"column":69}},"type":"binary-expr","locations":[{"start":{"line":302,"column":21},"end":{"line":302,"column":54}},{"start":{"line":302,"column":58},"end":{"line":302,"column":69}}],"line":302},"102":{"loc":{"start":{"line":303,"column":20},"end":{"line":303,"column":164}},"type":"binary-expr","locations":[{"start":{"line":303,"column":20},"end":{"line":303,"column":62}},{"start":{"line":303,"column":66},"end":{"line":303,"column":107}},{"start":{"line":303,"column":111},"end":{"line":303,"column":149}},{"start":{"line":303,"column":153},"end":{"line":303,"column":164}}],"line":303},"103":{"loc":{"start":{"line":304,"column":20},"end":{"line":304,"column":77}},"type":"binary-expr","locations":[{"start":{"line":304,"column":20},"end":{"line":304,"column":62}},{"start":{"line":304,"column":66},"end":{"line":304,"column":77}}],"line":304},"104":{"loc":{"start":{"line":305,"column":22},"end":{"line":305,"column":79}},"type":"binary-expr","locations":[{"start":{"line":305,"column":22},"end":{"line":305,"column":49}},{"start":{"line":305,"column":53},"end":{"line":305,"column":79}}],"line":305},"105":{"loc":{"start":{"line":306,"column":22},"end":{"line":306,"column":74}},"type":"binary-expr","locations":[{"start":{"line":306,"column":22},"end":{"line":306,"column":49}},{"start":{"line":306,"column":53},"end":{"line":306,"column":74}}],"line":306},"106":{"loc":{"start":{"line":307,"column":25},"end":{"line":307,"column":82}},"type":"binary-expr","locations":[{"start":{"line":307,"column":25},"end":{"line":307,"column":55}},{"start":{"line":307,"column":59},"end":{"line":307,"column":82}}],"line":307},"107":{"loc":{"start":{"line":329,"column":31},"end":{"line":329,"column":76}},"type":"binary-expr","locations":[{"start":{"line":329,"column":31},"end":{"line":329,"column":51}},{"start":{"line":329,"column":55},"end":{"line":329,"column":76}}],"line":329},"108":{"loc":{"start":{"line":330,"column":8},"end":{"line":342,"column":9}},"type":"if","locations":[{"start":{"line":330,"column":8},"end":{"line":342,"column":9}},{"start":{"line":340,"column":15},"end":{"line":342,"column":9}}],"line":330},"109":{"loc":{"start":{"line":337,"column":12},"end":{"line":339,"column":13}},"type":"if","locations":[{"start":{"line":337,"column":12},"end":{"line":339,"column":13}},{"start":{},"end":{}}],"line":337},"110":{"loc":{"start":{"line":341,"column":66},"end":{"line":341,"column":113}},"type":"binary-expr","locations":[{"start":{"line":341,"column":66},"end":{"line":341,"column":92}},{"start":{"line":341,"column":96},"end":{"line":341,"column":113}}],"line":341},"111":{"loc":{"start":{"line":344,"column":23},"end":{"line":344,"column":101}},"type":"cond-expr","locations":[{"start":{"line":344,"column":52},"end":{"line":344,"column":69}},{"start":{"line":344,"column":72},"end":{"line":344,"column":101}}],"line":344},"112":{"loc":{"start":{"line":349,"column":23},"end":{"line":349,"column":100}},"type":"cond-expr","locations":[{"start":{"line":349,"column":57},"end":{"line":349,"column":72}},{"start":{"line":349,"column":75},"end":{"line":349,"column":100}}],"line":349},"113":{"loc":{"start":{"line":360,"column":8},"end":{"line":363,"column":9}},"type":"if","locations":[{"start":{"line":360,"column":8},"end":{"line":363,"column":9}},{"start":{},"end":{}}],"line":360},"114":{"loc":{"start":{"line":381,"column":8},"end":{"line":383,"column":9}},"type":"if","locations":[{"start":{"line":381,"column":8},"end":{"line":383,"column":9}},{"start":{},"end":{}}],"line":381},"115":{"loc":{"start":{"line":385,"column":8},"end":{"line":385,"column":31}},"type":"if","locations":[{"start":{"line":385,"column":8},"end":{"line":385,"column":31}},{"start":{},"end":{}}],"line":385},"116":{"loc":{"start":{"line":386,"column":29},"end":{"line":401,"column":18}},"type":"cond-expr","locations":[{"start":{"line":387,"column":14},"end":{"line":400,"column":15}},{"start":{"line":401,"column":14},"end":{"line":401,"column":18}}],"line":386},"117":{"loc":{"start":{"line":387,"column":15},"end":{"line":387,"column":25}},"type":"binary-expr","locations":[{"start":{"line":387,"column":15},"end":{"line":387,"column":19}},{"start":{"line":387,"column":23},"end":{"line":387,"column":25}}],"line":387},"118":{"loc":{"start":{"line":399,"column":28},"end":{"line":399,"column":91}},"type":"binary-expr","locations":[{"start":{"line":399,"column":28},"end":{"line":399,"column":43}},{"start":{"line":399,"column":47},"end":{"line":399,"column":64}},{"start":{"line":399,"column":68},"end":{"line":399,"column":83}},{"start":{"line":399,"column":87},"end":{"line":399,"column":91}}],"line":399},"119":{"loc":{"start":{"line":414,"column":26},"end":{"line":414,"column":105}},"type":"cond-expr","locations":[{"start":{"line":414,"column":53},"end":{"line":414,"column":81}},{"start":{"line":414,"column":84},"end":{"line":414,"column":105}}],"line":414},"120":{"loc":{"start":{"line":418,"column":8},"end":{"line":418,"column":31}},"type":"if","locations":[{"start":{"line":418,"column":8},"end":{"line":418,"column":31}},{"start":{},"end":{}}],"line":418},"121":{"loc":{"start":{"line":427,"column":8},"end":{"line":531,"column":9}},"type":"if","locations":[{"start":{"line":427,"column":8},"end":{"line":531,"column":9}},{"start":{"line":429,"column":15},"end":{"line":531,"column":9}}],"line":427},"122":{"loc":{"start":{"line":432,"column":32},"end":{"line":432,"column":61}},"type":"binary-expr","locations":[{"start":{"line":432,"column":32},"end":{"line":432,"column":53}},{"start":{"line":432,"column":57},"end":{"line":432,"column":61}}],"line":432},"123":{"loc":{"start":{"line":433,"column":31},"end":{"line":433,"column":62}},"type":"cond-expr","locations":[{"start":{"line":433,"column":47},"end":{"line":433,"column":55}},{"start":{"line":433,"column":58},"end":{"line":433,"column":62}}],"line":433},"124":{"loc":{"start":{"line":436,"column":12},"end":{"line":444,"column":13}},"type":"if","locations":[{"start":{"line":436,"column":12},"end":{"line":444,"column":13}},{"start":{},"end":{}}],"line":436},"125":{"loc":{"start":{"line":436,"column":16},"end":{"line":436,"column":85}},"type":"binary-expr","locations":[{"start":{"line":436,"column":16},"end":{"line":436,"column":30}},{"start":{"line":436,"column":34},"end":{"line":436,"column":50}},{"start":{"line":436,"column":54},"end":{"line":436,"column":85}}],"line":436},"126":{"loc":{"start":{"line":442,"column":32},"end":{"line":442,"column":61}},"type":"binary-expr","locations":[{"start":{"line":442,"column":32},"end":{"line":442,"column":53}},{"start":{"line":442,"column":57},"end":{"line":442,"column":61}}],"line":442},"127":{"loc":{"start":{"line":443,"column":16},"end":{"line":443,"column":68}},"type":"if","locations":[{"start":{"line":443,"column":16},"end":{"line":443,"column":68}},{"start":{},"end":{}}],"line":443},"128":{"loc":{"start":{"line":447,"column":12},"end":{"line":453,"column":13}},"type":"if","locations":[{"start":{"line":447,"column":12},"end":{"line":453,"column":13}},{"start":{},"end":{}}],"line":447},"129":{"loc":{"start":{"line":447,"column":16},"end":{"line":447,"column":53}},"type":"binary-expr","locations":[{"start":{"line":447,"column":16},"end":{"line":447,"column":30}},{"start":{"line":447,"column":34},"end":{"line":447,"column":53}}],"line":447},"130":{"loc":{"start":{"line":448,"column":30},"end":{"line":450,"column":40}},"type":"cond-expr","locations":[{"start":{"line":449,"column":22},"end":{"line":449,"column":52}},{"start":{"line":450,"column":22},"end":{"line":450,"column":40}}],"line":448},"131":{"loc":{"start":{"line":451,"column":32},"end":{"line":451,"column":85}},"type":"binary-expr","locations":[{"start":{"line":451,"column":32},"end":{"line":451,"column":52}},{"start":{"line":451,"column":56},"end":{"line":451,"column":77}},{"start":{"line":451,"column":81},"end":{"line":451,"column":85}}],"line":451},"132":{"loc":{"start":{"line":452,"column":16},"end":{"line":452,"column":70}},"type":"if","locations":[{"start":{"line":452,"column":16},"end":{"line":452,"column":70}},{"start":{},"end":{}}],"line":452},"133":{"loc":{"start":{"line":457,"column":12},"end":{"line":477,"column":13}},"type":"if","locations":[{"start":{"line":457,"column":12},"end":{"line":477,"column":13}},{"start":{},"end":{}}],"line":457},"134":{"loc":{"start":{"line":463,"column":16},"end":{"line":476,"column":17}},"type":"if","locations":[{"start":{"line":463,"column":16},"end":{"line":476,"column":17}},{"start":{"line":466,"column":23},"end":{"line":476,"column":17}}],"line":463},"135":{"loc":{"start":{"line":463,"column":20},"end":{"line":463,"column":55}},"type":"binary-expr","locations":[{"start":{"line":463,"column":20},"end":{"line":463,"column":29}},{"start":{"line":463,"column":33},"end":{"line":463,"column":55}}],"line":463},"136":{"loc":{"start":{"line":466,"column":23},"end":{"line":476,"column":17}},"type":"if","locations":[{"start":{"line":466,"column":23},"end":{"line":476,"column":17}},{"start":{},"end":{}}],"
[...]
n":32},"end":{"line":84,"column":54}},"type":"binary-expr","locations":[{"start":{"line":84,"column":32},"end":{"line":84,"column":48}},{"start":{"line":84,"column":52},"end":{"line":84,"column":54}}],"line":84},"24":{"loc":{"start":{"line":84,"column":61},"end":{"line":84,"column":82}},"type":"binary-expr","locations":[{"start":{"line":84,"column":61},"end":{"line":84,"column":76}},{"start":{"line":84,"column":80},"end":{"line":84,"column":82}}],"line":84},"25":{"loc":{"start":{"line":93,"column":8},"end":{"line":97,"column":9}},"type":"if","locations":[{"start":{"line":93,"column":8},"end":{"line":97,"column":9}},{"start":{"line":95,"column":15},"end":{"line":97,"column":9}}],"line":93},"26":{"loc":{"start":{"line":103,"column":8},"end":{"line":103,"column":31}},"type":"if","locations":[{"start":{"line":103,"column":8},"end":{"line":103,"column":31}},{"start":{},"end":{}}],"line":103},"27":{"loc":{"start":{"line":134,"column":8},"end":{"line":134,"column":37}},"type":"if","locations":[{"start":{"line":134,"column":8},"end":{"line":134,"column":37}},{"start":{},"end":{}}],"line":134},"28":{"loc":{"start":{"line":143,"column":8},"end":{"line":143,"column":31}},"type":"if","locations":[{"start":{"line":143,"column":8},"end":{"line":143,"column":31}},{"start":{},"end":{}}],"line":143},"29":{"loc":{"start":{"line":164,"column":8},"end":{"line":175,"column":9}},"type":"if","locations":[{"start":{"line":164,"column":8},"end":{"line":175,"column":9}},{"start":{},"end":{}}],"line":164},"30":{"loc":{"start":{"line":197,"column":8},"end":{"line":197,"column":39}},"type":"if","locations":[{"start":{"line":197,"column":8},"end":{"line":197,"column":39}},{"start":{},"end":{}}],"line":197},"31":{"loc":{"start":{"line":205,"column":8},"end":{"line":232,"column":9}},"type":"if","locations":[{"start":{"line":205,"column":8},"end":{"line":232,"column":9}},{"start":{},"end":{}}],"line":205},"32":{"loc":{"start":{"line":264,"column":8},"end":{"line":264,"column":33}},"type":"if","locations":[{"start":{"line":264,"column":8},"end":{"line":264,"column":33}},{"start":{},"end":{}}],"line":264},"33":{"loc":{"start":{"line":266,"column":26},"end":{"line":266,"column":111}},"type":"cond-expr","locations":[{"start":{"line":266,"column":38},"end":{"line":266,"column":79}},{"start":{"line":266,"column":82},"end":{"line":266,"column":111}}],"line":266},"34":{"loc":{"start":{"line":269,"column":13},"end":{"line":269,"column":32}},"type":"binary-expr","locations":[{"start":{"line":269,"column":13},"end":{"line":269,"column":26}},{"start":{"line":269,"column":30},"end":{"line":269,"column":32}}],"line":269},"35":{"loc":{"start":{"line":269,"column":49},"end":{"line":269,"column":143}},"type":"binary-expr","locations":[{"start":{"line":269,"column":49},"end":{"line":269,"column":76}},{"start":{"line":269,"column":80},"end":{"line":269,"column":143}}],"line":269},"36":{"loc":{"start":{"line":278,"column":16},"end":{"line":278,"column":40}},"type":"binary-expr","locations":[{"start":{"line":278,"column":16},"end":{"line":278,"column":34}},{"start":{"line":278,"column":38},"end":{"line":278,"column":40}}],"line":278},"37":{"loc":{"start":{"line":284,"column":29},"end":{"line":284,"column":66}},"type":"binary-expr","locations":[{"start":{"line":284,"column":29},"end":{"line":284,"column":40}},{"start":{"line":284,"column":44},"end":{"line":284,"column":66}}],"line":284},"38":{"loc":{"start":{"line":285,"column":31},"end":{"line":285,"column":80}},"type":"cond-expr","locations":[{"start":{"line":285,"column":62},"end":{"line":285,"column":75}},{"start":{"line":285,"column":78},"end":{"line":285,"column":80}}],"line":285},"39":{"loc":{"start":{"line":299,"column":69},"end":{"line":299,"column":230}},"type":"cond-expr","locations":[{"start":{"line":299,"column":89},"end":{"line":299,"column":225}},{"start":{"line":299,"column":228},"end":{"line":299,"column":230}}],"line":299},"40":{"loc":{"start":{"line":299,"column":133},"end":{"line":299,"column":221}},"type":"cond-expr","locations":[{"start":{"line":299,"column":158},"end":{"line":299,"column":216}},{"start":{"line":299,"column":219},"end":{"line":299,"column":221}}],"line":299},"41":{"loc":{"start":{"line":305,"column":8},"end":{"line":337,"column":9}},"type":"if","locations":[{"start":{"line":305,"column":8},"end":{"line":337,"column":9}},{"start":{},"end":{}}],"line":305},"42":{"loc":{"start":{"line":319,"column":118},"end":{"line":319,"column":145}},"type":"binary-expr","locations":[{"start":{"line":319,"column":118},"end":{"line":319,"column":129}},{"start":{"line":319,"column":133},"end":{"line":319,"column":145}}],"line":319},"43":{"loc":{"start":{"line":347,"column":34},"end":{"line":347,"column":52}},"type":"default-arg","locations":[{"start":{"line":347,"column":50},"end":{"line":347,"column":52}}],"line":347},"44":{"loc":{"start":{"line":349,"column":4},"end":{"line":351,"column":5}},"type":"if","locations":[{"start":{"line":349,"column":4},"end":{"line":351,"column":5}},{"start":{},"end":{}}],"line":349},"45":{"loc":{"start":{"line":353,"column":4},"end":{"line":355,"column":5}},"type":"if","locations":[{"start":{"line":353,"column":4},"end":{"line":355,"column":5}},{"start":{},"end":{}}],"line":353},"46":{"loc":{"start":{"line":357,"column":26},"end":{"line":361,"column":12}},"type":"cond-expr","locations":[{"start":{"line":358,"column":10},"end":{"line":360,"column":9}},{"start":{"line":361,"column":10},"end":{"line":361,"column":12}}],"line":357},"47":{"loc":{"start":{"line":359,"column":12},"end":{"line":359,"column":104}},"type":"binary-expr","locations":[{"start":{"line":359,"column":12},"end":{"line":359,"column":39}},{"start":{"line":359,"column":43},"end":{"line":359,"column":104}}],"line":359},"48":{"loc":{"start":{"line":359,"column":50},"end":{"line":359,"column":78}},"type":"binary-expr","locations":[{"start":{"line":359,"column":50},"end":{"line":359,"column":73}},{"start":{"line":359,"column":77},"end":{"line":359,"column":78}}],"line":359},"49":{"loc":{"start":{"line":359,"column":89},"end":{"line":359,"column":103}},"type":"binary-expr","locations":[{"start":{"line":359,"column":89},"end":{"line":359,"column":98}},{"start":{"line":359,"column":102},"end":{"line":359,"column":103}}],"line":359},"50":{"loc":{"start":{"line":363,"column":4},"end":{"line":365,"column":5}},"type":"if","locations":[{"start":{"line":363,"column":4},"end":{"line":365,"column":5}},{"start":{},"end":{}}],"line":363},"51":{"loc":{"start":{"line":382,"column":8},"end":{"line":382,"column":41}},"type":"if","locations":[{"start":{"line":382,"column":8},"end":{"line":382,"column":41}},{"start":{},"end":{}}],"line":382},"52":{"loc":{"start":{"line":387,"column":29},"end":{"line":387,"column":50}},"type":"binary-expr","locations":[{"start":{"line":387,"column":29},"end":{"line":387,"column":44}},{"start":{"line":387,"column":48},"end":{"line":387,"column":50}}],"line":387},"53":{"loc":{"start":{"line":392,"column":16},"end":{"line":392,"column":40}},"type":"binary-expr","locations":[{"start":{"line":392,"column":16},"end":{"line":392,"column":34}},{"start":{"line":392,"column":38},"end":{"line":392,"column":40}}],"line":392},"54":{"loc":{"start":{"line":401,"column":8},"end":{"line":401,"column":43}},"type":"if","locations":[{"start":{"line":401,"column":8},"end":{"line":401,"column":43}},{"start":{},"end":{}}],"line":401},"55":{"loc":{"start":{"line":410,"column":12},"end":{"line":425,"column":13}},"type":"if","locations":[{"start":{"line":410,"column":12},"end":{"line":425,"column":13}},{"start":{"line":412,"column":19},"end":{"line":425,"column":13}}],"line":410},"56":{"loc":{"start":{"line":412,"column":19},"end":{"line":425,"column":13}},"type":"if","locations":[{"start":{"line":412,"column":19},"end":{"line":425,"column":13}},{"start":{},"end":{}}],"line":412},"57":{"loc":{"start":{"line":412,"column":23},"end":{"line":412,"column":79}},"type":"binary-expr","locations":[{"start":{"line":412,"column":23},"end":{"line":412,"column":51}},{"start":{"line":412,"column":55},"end":{"line":412,"column":79}}],"line":412},"58":{"loc":{"start":{"line":422,"column":16},"end":{"line":424,"column":17}},"type":"if","locations":[{"start":{"line":422,"column":16},"end":{"line":424,"column":17}},{"start":{},"end":{}}],"line":422},"59":{"loc":{"start":{"line":435,"column":98},"end":{"line":435,"column":151}},"type":"cond-expr","locations":[{"start":{"line":435,"column":116},"end":{"line":435,"column":146}},{"start":{"line":435,"column":149},"end":{"line":435,"column":151}}],"line":435},"60":{"loc":{"start":{"line":453,"column":8},"end":{"line":485,"column":9}},"type":"if","locations":[{"start":{"line":453,"column":8},"end":{"line":485,"column":9}},{"start":{},"end":{}}],"line":453},"61":{"loc":{"start":{"line":470,"column":18},"end":{"line":470,"column":93}},"type":"cond-expr","locations":[{"start":{"line":470,"column":36},"end":{"line":470,"column":88}},{"start":{"line":470,"column":91},"end":{"line":470,"column":93}}],"line":470},"62":{"loc":{"start":{"line":502,"column":8},"end":{"line":509,"column":9}},"type":"if","locations":[{"start":{"line":502,"column":8},"end":{"line":509,"column":9}},{"start":{},"end":{}}],"line":502},"63":{"loc":{"start":{"line":529,"column":8},"end":{"line":529,"column":39}},"type":"if","locations":[{"start":{"line":529,"column":8},"end":{"line":529,"column":39}},{"start":{},"end":{}}],"line":529},"64":{"loc":{"start":{"line":537,"column":8},"end":{"line":537,"column":37}},"type":"if","locations":[{"start":{"line":537,"column":8},"end":{"line":537,"column":37}},{"start":{},"end":{}}],"line":537},"65":{"loc":{"start":{"line":551,"column":8},"end":{"line":569,"column":9}},"type":"if","locations":[{"start":{"line":551,"column":8},"end":{"line":569,"column":9}},{"start":{},"end":{}}],"line":551},"66":{"loc":{"start":{"line":589,"column":8},"end":{"line":589,"column":31}},"type":"if","locations":[{"start":{"line":589,"column":8},"end":{"line":589,"column":31}},{"start":{},"end":{}}],"line":589},"67":{"loc":{"start":{"line":600,"column":29},"end":{"line":602,"column":21}},"type":"cond-expr","locations":[{"start":{"line":601,"column":14},"end":{"line":601,"column":105}},{"start":{"line":602,"column":14},"end":{"line":602,"column":21}}],"line":600},"68":{"loc":{"start":{"line":612,"column":8},"end":{"line":612,"column":31}},"type":"if","locations":[{"start":{"line":612,"column":8},"end":{"line":612,"column":31}},{"start":{},"end":{}}],"line":612},"69":{"loc":{"start":{"line":614,"column":8},"end":{"line":662,"column":9}},"type":"if","locations":[{"start":{"line":614,"column":8},"end":{"line":662,"column":9}},{"start":{"line":652,"column":15},"end":{"line":662,"column":9}}],"line":614},"70":{"loc":{"start":{"line":623,"column":12},"end":{"line":630,"column":13}},"type":"if","locations":[{"start":{"line":623,"column":12},"end":{"line":630,"column":13}},{"start":{},"end":{}}],"line":623},"71":{"loc":{"start":{"line":632,"column":12},"end":{"line":651,"column":13}},"type":"if","locations":[{"start":{"line":632,"column":12},"end":{"line":651,"column":13}},{"start":{},"end":{}}],"line":632},"72":{"loc":{"start":{"line":652,"column":15},"end":{"line":662,"column":9}},"type":"if","locations":[{"start":{"line":652,"column":15},"end":{"line":662,"column":9}},{"start":{},"end":{}}],"line":652},"73":{"loc":{"start":{"line":672,"column":36},"end":{"line":672,"column":55}},"type":"binary-expr","locations":[{"start":{"line":672,"column":36},"end":{"line":672,"column":49}},{"start":{"line":672,"column":53},"end":{"line":672,"column":55}}],"line":672},"74":{"loc":{"start":{"line":673,"column":4},"end":{"line":675,"column":5}},"type":"if","locations":[{"start":{"line":673,"column":4},"end":{"line":675,"column":5}},{"start":{},"end":{}}],"line":673},"75":{"loc":{"start":{"line":678,"column":8},"end":{"line":678,"column":31}},"type":"if","locations":[{"start":{"line":678,"column":8},"end":{"line":678,"column":31}},{"start":{},"end":{}}],"line":678},"76":{"loc":{"start":{"line":699,"column":8},"end":{"line":699,"column":31}},"type":"if","locations":[{"start":{"line":699,"column":8},"end":{"line":699,"column":31}},{"start":{},"end":{}}],"line":699},"77":{"loc":{"start":{"line":710,"column":4},"end":{"line":712,"column":5}},"type":"if","locations":[{"start":{"line":710,"column":4},"end":{"line":712,"column":5}},{"start":{},"end":{}}],"line":710},"78":{"loc":{"start":{"line":710,"column":8},"end":{"line":710,"column":61}},"type":"binary-expr","locations":[{"start":{"line":710,"column":8},"end":{"line":710,"column":16}},{"start":{"line":710,"column":20},"end":{"line":710,"column":31}},{"start":{"line":710,"column":35},"end":{"line":710,"column":49}},{"start":{"line":710,"column":53},"end":{"line":710,"column":61}}],"line":710},"79":{"loc":{"start":{"line":717,"column":30},"end":{"line":717,"column":49}},"type":"binary-expr","locations":[{"start":{"line":717,"column":30},"end":{"line":717,"column":41}},{"start":{"line":717,"column":45},"end":{"line":717,"column":49}}],"line":717},"80":{"loc":{"start":{"line":722,"column":8},"end":{"line":722,"column":31}},"type":"if","locations":[{"start":{"line":722,"column":8},"end":{"line":722,"column":31}},{"start":{},"end":{}}],"line":722},"81":{"loc":{"start":{"line":726,"column":8},"end":{"line":728,"column":9}},"type":"if","locations":[{"start":{"line":726,"column":8},"end":{"line":728,"column":9}},{"start":{},"end":{}}],"line":726},"82":{"loc":{"start":{"line":726,"column":12},"end":{"line":726,"column":71}},"type":"binary-expr","locations":[{"start":{"line":726,"column":12},"end":{"line":726,"column":46}},{"start":{"line":726,"column":50},"end":{"line":726,"column":71}}],"line":726},"83":{"loc":{"start":{"line":730,"column":47},"end":{"line":730,"column":66}},"type":"binary-expr","locations":[{"start":{"line":730,"column":47},"end":{"line":730,"column":60}},{"start":{"line":730,"column":64},"end":{"line":730,"column":66}}],"line":730},"84":{"loc":{"start":{"line":731,"column":8},"end":{"line":743,"column":9}},"type":"if","locations":[{"start":{"line":731,"column":8},"end":{"line":743,"column":9}},{"start":{},"end":{}}],"line":731},"85":{"loc":{"start":{"line":736,"column":12},"end":{"line":736,"column":57}},"type":"if","locations":[{"start":{"line":736,"column":12},"end":{"line":736,"column":57}},{"start":{},"end":{}}],"line":736},"86":{"loc":{"start":{"line":738,"column":13},"end":{"line":738,"column":32}},"type":"binary-expr","locations":[{"start":{"line":738,"column":13},"end":{"line":738,"column":26}},{"start":{"line":738,"column":30},"end":{"line":738,"column":32}}],"line":738},"87":{"loc":{"start":{"line":739,"column":16},"end":{"line":741,"column":17}},"type":"if","locations":[{"start":{"line":739,"column":16},"end":{"line":741,"column":17}},{"start":{},"end":{}}],"line":739},"88":{"loc":{"start":{"line":739,"column":20},"end":{"line":739,"column":61}},"type":"binary-expr","locations":[{"start":{"line":739,"column":20},"end":{"line":739,"column":45}},{"start":{"line":739,"column":49},"end":{"line":739,"column":61}}],"line":739},"89":{"loc":{"start":{"line":745,"column":8},"end":{"line":762,"column":9}},"type":"if","locations":[{"start":{"line":745,"column":8},"end":{"line":762,"column":9}},{"start":{"line":755,"column":15},"end":{"line":762,"column":9}}],"line":745},"90":{"loc":{"start":{"line":765,"column":8},"end":{"line":765,"column":37}},"type":"if","locations":[{"start":{"line":765,"column":8},"end":{"line":765,"column":37}},{"start":{},"end":{}}],"line":765},"91":{"loc":{"start":{"line":767,"column":8},"end":{"line":788,"column":9}},"type":"if","locations":[{"start":{"line":767,"column":8},"end":{"line":788,"column":9}},{"start":{},"end":{}}],"line":767},"92":{"loc":{"start":{"line":767,"column":12},"end":{"line":767,"column":75}},"type":"binary-expr","locations":[{"start":{"line":767,"column":12},"end":{"line":767,"column":50}},{"start":{"line":767,"column":54},"end":{"line":767,"column":75}}],"line":767},"93":{"loc":{"start":{"line":771,"column":49},"end":{"line":771,"column":65}},"type":"binary-expr","locations":[{"start":{"line":771,"column":49},"end":{"line":771,"column":59}},{"start":{"line":771,"column":63},"end":{"line":771,"column":65}}],"line":771},"94":{"loc":{"start":{"line":781,"column":50},"end":{"line":781,"column":89}},"type":"binary-expr","locations":[{"start":{"line":781,"column":50},"end":{"line":781,"column":71}},{"start":{"line":781,"column":75},"end":{"line":781,"column":89}}],"line":781}},"s":{"0":2,"1":2,"2":2,"3":2,"4":2,"5":3,"6":0,"7":3,"8":3,"9":2,"10":1,"11":2,"12":0,"13":2,"14":6,"15":6,"16":2,"17":3,"18":3,"19":3,"20":3,"21":3,"22":2,"23":1,"24":2,"25":3,"26":2,"27":2,"28":2,"29":2,"30":1,"31":1,"32":0,"33":0,"34":0,"35":0,"36":0,"37":0,"38":0,"39":0,"40":0,"41":0,"42":1,"43":1,"44":0,"45":1,"46":1,"47":1,"48":0,"49":1,"50":0,"51":0,"52":2,"53":0,"54":0,"55":0,"56":0,"57":0,"58":0,"59":2,"60":1,"61":1,"62":1,"63":1,"64":0,"65":1,"66":1,"67":1,"68":0,"69":1,"70":1,"71":1,"72":1,"73":1,"74":0,"75":0,"76":2,"77":0,"78":0,"79":0,"80":0,"81":0,"82":0,"83":0,"84":0,"85":0,"86":0,"87":0,"88":0,"89":0,"90":0,"91":0,"92":2,"93":0,"94":0,"95":0,"96":0,"97":0,"98":0,"99":0,"100":0,"101":0,"102":0,"103":0,"104":0,"105":0,"106":0,"107":0,"108":0,"109":0,"110":0,"111":0,"112":0,"113":0,"114":0,"115":0,"116":0,"117":2,"118":4,"119":4,"120":0,"121":4,"122":0,"123":4,"124":4,"125":4,"126":1,"127":3,"128":3,"129":3,"130":3,"131":3,"132":3,"133":3,"134":3,"135":3,"136":0,"137":3,"138":3,"139":3,"140":3,"141":0,"142":3,"143":3,"144":3,"145":1,"146":2,"147":0,"148":0,"149":0,"150":0,"151":3,"152":3,"153":0,"154":3,"155":3,"156":0,"157":3,"158":3,"159":3,"160":0,"161":3,"162":3,"163":3,"164":0,"165":3,"166":0,"167":0,"168":2,"169":0,"170":0,"171":0,"172":0,"173":0,"174":0,"175":0,"176":0,"177":2,"178":0,"179":0,"180":0,"181":0,"182":0,"183":0,"184":0,"185":0,"186":0,"187":0,"188":0,"189":0,"190":0,"191":0,"192":0,"193":0,"194":2,"195":0,"196":0,"197":0,"198":0,"199":0,"200":0,"201":0,"202":0,"203":2,"204":0,"205":0,"206":0,"207":0,"208":0,"209":0,"210":0,"211":0,"212":0,"213":0,"214":0,"215":0,"216":0,"217":0,"218":0,"219":0,"220":0,"221":0,"222":0,"223":0,"224":2,"225":0,"226":0,"227":0,"228":0,"229":0,"230":0,"231":0,"232":0,"233":0,"234":0,"235":2,"236":0,"237":0,"238":0,"239":0,"240":0,"241":0,"242":0,"243":0,"244":2,"245":1,"246":1,"247":0,"248":1,"249":1,"250":1,"251":0,"252":1,"253":1,"254":1,"255":1,"256":1,"257":1,"258":1,"259":1,"260":0,"261":1,"262":0,"263":0,"264":1,"265":1,"266":1,"267":0,"268":1,"269":1,"270":0,"271":1,"272":1,"273":1,"274":1,"275":1,"276":1,"277":1,"278":1,"279":0,"280":1,"281":0,"282":0,"283":2},"f":{"0":3,"1":0,"2":6,"3":3,"4":3,"5":1,"6":3,"7":2,"8":0,"9":0,"10":0,"11":1,"12":0,"13":0,"14":0,"15":0,"16":0,"17":4,"18":4,"19":3,"20":0,"21":0,"22":0,"23":0,"24":0,"25":0,"26":1,"27":0,"28":1,"29":0},"b":{"0":[0,3],"1":[3,3],"2":[2,1],"3":[0],"4":[6,0],"5":[0],"6":[3,0],"7":[3,0],"8":[3,2],"9":[3,0],"10":[3,3],"11":[3,2],"12":[3,2],"13":[3,3],"14":[3,2],"15":[0],"16":[0],"17":[1,1],"18":[2,2],"19":[0,1],"20":[1,0],"21":[0,0],"22":[0,0],"23":[0,0],"24":[0,0],"25":[0,1],"26":[0,1],"27":[0,1],"28":[0,1],"29":[1,0],"30":[0,0],"31":[0,0],"32":[0,0],"33":[0,0],"34":[0,0],"35":[0,0],"36":[0,0],"37":[0,0],"38":[0,0],"39":[0,0],"40":[0,0],"41":[0,0],"42":[0,0],"43":[0],"44":[0,4],"45":[0,4],"46":[4,0],"47":[4,1],"48":[1,0],"49":[1,0],"50":[1,3],"51":[0,3],"52":[3,0],"53":[3,0],"54":[0,3],"55":[1,2],"56":[0,2],"57":[2,2],"58":[0,0],"59":[3,0],"60":[3,0],"61":[3,0],"62":[0,0],"63":[0,0],"64":[0,0],"65":[0,0],"66":[0,0],"67":[0,0],"68":[0,0],"69":[0,0],"70":[0,0],"71":[0,0],"72":[0,0],"73":[0,0],"74":[0,0],"75":[0,0],"76":[0,0],"77":[0,1],"78":[1,1,1,1],"79":[1,0],"80":[0,1],"81":[1,0],"82":[1,1],"83":[1,0],"84":[1,0],"85":[0,1],"86":[1,0],"87":[0,0],"88":[0,0],"89":[1,0],"90":[0,1],"91":[1,0],"92":[1,1],"93":[1,0],"94":[1,0]},"_coverageSchema":"1a1c01bbd47fc00a2c39e90264f33305004495a9","hash":"4bcf9e8ad11185c8b60dfb379bf8f7b69481fab4"}
}
