TN:
SF:server.js
FN:20,(anonymous_0)
FN:22,(anonymous_1)
FN:34,(anonymous_2)
FN:51,(anonymous_3)
FN:57,(anonymous_4)
FN:68,(anonymous_5)
FN:85,mindeeToObject
FN:95,(anonymous_7)
FN:112,(anonymous_8)
FN:134,(anonymous_9)
FN:137,(anonymous_10)
FN:138,(anonymous_11)
FN:138,(anonymous_12)
FN:196,(anonymous_13)
FN:218,(anonymous_14)
FN:248,(anonymous_15)
FN:255,(anonymous_16)
FN:262,(anonymous_17)
FN:278,(anonymous_18)
FN:286,(anonymous_19)
FN:289,(anonymous_20)
FN:324,(anonymous_21)
FN:373,(anonymous_22)
FN:387,(anonymous_23)
FN:409,(anonymous_24)
FN:469,(anonymous_25)
FN:514,(anonymous_26)
FN:544,(anonymous_27)
FN:560,(anonymous_28)
FN:568,(anonymous_29)
FN:580,(anonymous_30)
FN:604,(anonymous_31)
FN:617,(anonymous_32)
FN:637,(anonymous_33)
FN:648,(anonymous_34)
FN:671,(anonymous_35)
FN:694,(anonymous_36)
FN:751,(anonymous_37)
FN:774,(anonymous_38)
FN:783,(anonymous_39)
FN:800,(anonymous_40)
FN:828,(anonymous_41)
FN:845,(anonymous_42)
FN:877,(anonymous_43)
FN:901,(anonymous_44)
FN:915,(anonymous_45)
FN:939,(anonymous_46)
FN:953,(anonymous_47)
FN:1008,(anonymous_48)
FN:1018,(anonymous_49)
FN:1076,(anonymous_50)
FN:1086,(anonymous_51)
FN:1090,(anonymous_52)
FN:1095,(anonymous_53)
FNF:54
FNH:11
FNDA:16,(anonymous_0)
FNDA:16,(anonymous_1)
FNDA:16,(anonymous_2)
FNDA:1,(anonymous_3)
FNDA:4,(anonymous_4)
FNDA:1,(anonymous_5)
FNDA:0,mindeeToObject
FNDA:0,(anonymous_7)
FNDA:1,(anonymous_8)
FNDA:0,(anonymous_9)
FNDA:0,(anonymous_10)
FNDA:0,(anonymous_11)
FNDA:0,(anonymous_12)
FNDA:0,(anonymous_13)
FNDA:0,(anonymous_14)
FNDA:0,(anonymous_15)
FNDA:0,(anonymous_16)
FNDA:0,(anonymous_17)
FNDA:0,(anonymous_18)
FNDA:0,(anonymous_19)
FNDA:0,(anonymous_20)
FNDA:0,(anonymous_21)
FNDA:2,(anonymous_22)
FNDA:0,(anonymous_23)
FNDA:0,(anonymous_24)
FNDA:0,(anonymous_25)
FNDA:0,(anonymous_26)
FNDA:0,(anonymous_27)
FNDA:0,(anonymous_28)
FNDA:0,(anonymous_29)
FNDA:1,(anonymous_30)
FNDA:2,(anonymous_31)
FNDA:0,(anonymous_32)
FNDA:0,(anonymous_33)
FNDA:0,(anonymous_34)
FNDA:0,(anonymous_35)
FNDA:0,(anonymous_36)
FNDA:0,(anonymous_37)
FNDA:1,(anonymous_38)
FNDA:0,(anonymous_39)
FNDA:0,(anonymous_40)
FNDA:0,(anonymous_41)
FNDA:0,(anonymous_42)
FNDA:0,(anonymous_43)
FNDA:0,(anonymous_44)
FNDA:0,(anonymous_45)
FNDA:0,(anonymous_46)
FNDA:0,(anonymous_47)
FNDA:0,(anonymous_48)
FNDA:0,(anonymous_49)
FNDA:0,(anonymous_50)
FNDA:0,(anonymous_51)
FNDA:0,(anonymous_52)
FNDA:0,(anonymous_53)
DA:2,2
DA:3,2
DA:4,2
DA:5,2
DA:6,2
DA:7,2
DA:8,2
DA:9,2
DA:10,2
DA:12,2
DA:13,2
DA:16,2
DA:17,2
DA:20,2
DA:21,16
DA:22,16
DA:23,16
DA:24,16
DA:26,16
DA:29,2
DA:33,2
DA:35,16
DA:36,16
DA:38,0
DA:44,2
DA:45,2
DA:48,2
DA:49,2
DA:51,2
DA:52,1
DA:56,2
DA:57,4
DA:58,2
DA:59,0
DA:60,0
DA:63,2
DA:68,2
DA:69,1
DA:70,1
DA:71,1
DA:72,1
DA:73,1
DA:74,1
DA:75,0
DA:77,1
DA:78,1
DA:86,0
DA:87,0
DA:88,0
DA:89,0
DA:90,0
DA:92,0
DA:94,0
DA:95,0
DA:97,0
DA:98,0
DA:99,0
DA:100,0
DA:101,0
DA:104,0
DA:106,0
DA:112,2
DA:113,1
DA:114,1
DA:115,1
DA:116,1
DA:118,0
DA:120,0
DA:123,0
DA:124,0
DA:125,0
DA:126,0
DA:128,0
DA:129,0
DA:130,0
DA:131,0
DA:132,0
DA:134,0
DA:135,0
DA:136,0
DA:137,0
DA:138,0
DA:140,0
DA:141,0
DA:142,0
DA:144,0
DA:145,0
DA:146,0
DA:151,0
DA:152,0
DA:171,0
DA:172,0
DA:177,0
DA:178,0
DA:179,0
DA:182,0
DA:183,0
DA:185,0
DA:186,0
DA:191,0
DA:193,0
DA:194,0
DA:196,0
DA:197,0
DA:198,0
DA:200,0
DA:201,0
DA:202,0
DA:204,0
DA:206,0
DA:207,0
DA:209,0
DA:210,0
DA:211,0
DA:212,0
DA:213,0
DA:215,0
DA:218,0
DA:219,0
DA:220,0
DA:221,0
DA:222,0
DA:223,0
DA:225,0
DA:226,0
DA:227,0
DA:229,0
DA:230,0
DA:231,0
DA:234,0
DA:235,0
DA:236,0
DA:237,0
DA:238,0
DA:239,0
DA:240,0
DA:243,0
DA:245,0
DA:248,0
DA:249,0
DA:250,0
DA:251,0
DA:252,0
DA:255,0
DA:256,0
DA:257,0
DA:258,0
DA:259,0
DA:262,0
DA:263,0
DA:265,0
DA:266,0
DA:267,0
DA:268,0
DA:269,0
DA:270,0
DA:271,0
DA:272,0
DA:273,0
DA:276,0
DA:278,0
DA:279,0
DA:280,0
DA:286,0
DA:289,0
DA:290,0
DA:291,0
DA:292,0
DA:293,0
DA:296,0
DA:312,0
DA:313,0
DA:316,0
DA:317,0
DA:324,2
DA:325,0
DA:326,0
DA:327,0
DA:329,0
DA:330,0
DA:331,0
DA:337,0
DA:338,0
DA:341,0
DA:344,0
DA:346,0
DA:360,0
DA:361,0
DA:362,0
DA:365,0
DA:366,0
DA:368,0
DA:369,0
DA:373,2
DA:374,2
DA:375,2
DA:376,2
DA:381,2
DA:382,1
DA:384,2
DA:385,2
DA:386,2
DA:387,0
DA:402,2
DA:404,0
DA:405,0
DA:409,2
DA:410,0
DA:411,0
DA:412,0
DA:413,0
DA:414,0
DA:415,0
DA:418,0
DA:421,0
DA:427,0
DA:428,0
DA:432,0
DA:433,0
DA:436,0
DA:437,0
DA:442,0
DA:443,0
DA:447,0
DA:448,0
DA:451,0
DA:452,0
DA:457,0
DA:458,0
DA:463,0
DA:464,0
DA:465,0
DA:466,0
DA:468,0
DA:469,0
DA:470,0
DA:472,0
DA:473,0
DA:474,0
DA:479,0
DA:482,0
DA:483,0
DA:486,0
DA:489,0
DA:490,0
DA:492,0
DA:493,0
DA:494,0
DA:504,0
DA:514,0
DA:517,0
DA:518,0
DA:526,0
DA:528,0
DA:533,0
DA:535,0
DA:536,0
DA:544,2
DA:545,0
DA:546,0
DA:547,0
DA:548,0
DA:549,0
DA:550,0
DA:551,0
DA:559,0
DA:560,0
DA:561,0
DA:568,0
DA:569,0
DA:570,0
DA:572,0
DA:573,0
DA:580,2
DA:581,1
DA:582,1
DA:583,1
DA:584,1
DA:595,0
DA:596,0
DA:597,0
DA:599,1
DA:600,1
DA:604,2
DA:605,2
DA:606,2
DA:607,2
DA:611,2
DA:612,1
DA:614,2
DA:615,2
DA:616,2
DA:617,0
DA:630,2
DA:632,0
DA:633,0
DA:637,2
DA:638,0
DA:639,0
DA:640,0
DA:641,0
DA:643,0
DA:644,0
DA:648,2
DA:649,0
DA:650,0
DA:651,0
DA:652,0
DA:653,0
DA:654,0
DA:656,0
DA:657,0
DA:658,0
DA:659,0
DA:660,0
DA:666,0
DA:671,0
DA:673,0
DA:674,0
DA:683,0
DA:687,0
DA:689,0
DA:690,0
DA:694,2
DA:695,0
DA:696,0
DA:697,0
DA:698,0
DA:699,0
DA:701,0
DA:703,0
DA:716,0
DA:717,0
DA:718,0
DA:721,0
DA:730,0
DA:732,0
DA:734,0
DA:735,0
DA:746,0
DA:751,0
DA:753,0
DA:754,0
DA:763,0
DA:767,0
DA:769,0
DA:770,0
DA:774,2
DA:775,1
DA:776,1
DA:777,1
DA:782,1
DA:783,1
DA:793,1
DA:795,0
DA:796,0
DA:800,2
DA:801,0
DA:802,0
DA:803,0
DA:804,0
DA:809,0
DA:811,0
DA:812,0
DA:815,0
DA:823,0
DA:824,0
DA:828,2
DA:829,0
DA:830,0
DA:831,0
DA:832,0
DA:834,0
DA:835,0
DA:845,2
DA:846,0
DA:847,0
DA:848,0
DA:854,0
DA:869,0
DA:870,0
DA:871,0
DA:873,0
DA:876,0
DA:877,0
DA:878,0
DA:879,0
DA:885,0
DA:900,0
DA:901,0
DA:914,0
DA:915,0
DA:916,0
DA:917,0
DA:919,0
DA:925,0
DA:939,0
DA:941,0
DA:942,0
DA:944,0
DA:945,0
DA:953,2
DA:954,0
DA:955,0
DA:956,0
DA:957,0
DA:960,0
DA:967,0
DA:968,0
DA:971,0
DA:972,0
DA:976,0
DA:991,0
DA:994,0
DA:998,0
DA:1001,0
DA:1008,0
DA:1010,0
DA:1012,0
DA:1013,0
DA:1018,2
DA:1019,0
DA:1020,0
DA:1021,0
DA:1022,0
DA:1025,0
DA:1032,0
DA:1033,0
DA:1036,0
DA:1037,0
DA:1041,0
DA:1059,0
DA:1062,0
DA:1066,0
DA:1069,0
DA:1076,0
DA:1078,0
DA:1080,0
DA:1081,0
DA:1086,2
DA:1087,0
DA:1090,2
DA:1091,0
DA:1094,2
DA:1095,0
DA:1096,0
DA:1097,0
DA:1098,0
DA:1102,2
LF:449
LH:96
BRDA:12,0,0,2
BRDA:12,0,1,0
BRDA:17,1,0,2
BRDA:17,1,1,2
BRDA:35,2,0,16
BRDA:35,2,1,0
BRDA:35,3,0,16
BRDA:35,3,1,0
BRDA:58,4,0,0
BRDA:58,4,1,2
BRDA:68,5,0,1
BRDA:71,6,0,0
BRDA:71,6,1,1
BRDA:72,7,0,0
BRDA:72,7,1,1
BRDA:73,8,0,0
BRDA:73,8,1,1
BRDA:74,9,0,0
BRDA:74,9,1,1
BRDA:77,10,0,1
BRDA:77,10,1,0
BRDA:77,11,0,1
BRDA:77,11,1,1
BRDA:86,12,0,0
BRDA:86,12,1,0
BRDA:86,13,0,0
BRDA:86,13,1,0
BRDA:87,14,0,0
BRDA:87,14,1,0
BRDA:94,15,0,0
BRDA:94,15,1,0
BRDA:97,16,0,0
BRDA:97,16,1,0
BRDA:100,17,0,0
BRDA:100,17,1,0
BRDA:100,18,0,0
BRDA:100,18,1,0
BRDA:100,18,2,0
BRDA:100,18,3,0
BRDA:100,18,4,0
BRDA:114,19,0,1
BRDA:114,19,1,0
BRDA:123,20,0,0
BRDA:123,20,1,0
BRDA:123,21,0,0
BRDA:123,21,1,0
BRDA:123,21,2,0
BRDA:136,22,0,0
BRDA:136,22,1,0
BRDA:137,23,0,0
BRDA:137,23,1,0
BRDA:137,24,0,0
BRDA:137,24,1,0
BRDA:140,25,0,0
BRDA:140,25,1,0
BRDA:141,26,0,0
BRDA:141,26,1,0
BRDA:141,27,0,0
BRDA:141,27,1,0
BRDA:144,28,0,0
BRDA:144,28,1,0
BRDA:177,29,0,0
BRDA:177,29,1,0
BRDA:183,30,0,0
BRDA:183,30,1,0
BRDA:193,31,0,0
BRDA:193,31,1,0
BRDA:193,31,2,0
BRDA:197,32,0,0
BRDA:197,32,1,0
BRDA:197,33,0,0
BRDA:197,33,1,0
BRDA:198,34,0,0
BRDA:198,34,1,0
BRDA:198,35,0,0
BRDA:198,35,1,0
BRDA:200,36,0,0
BRDA:200,36,1,0
BRDA:200,37,0,0
BRDA:200,37,1,0
BRDA:201,38,0,0
BRDA:201,38,1,0
BRDA:201,39,0,0
BRDA:201,39,1,0
BRDA:202,40,0,0
BRDA:202,40,1,0
BRDA:202,41,0,0
BRDA:202,41,1,0
BRDA:204,42,0,0
BRDA:204,42,1,0
BRDA:204,43,0,0
BRDA:204,43,1,0
BRDA:206,44,0,0
BRDA:206,44,1,0
BRDA:206,45,0,0
BRDA:206,45,1,0
BRDA:206,45,2,0
BRDA:207,46,0,0
BRDA:207,46,1,0
BRDA:207,47,0,0
BRDA:207,47,1,0
BRDA:207,47,2,0
BRDA:209,48,0,0
BRDA:209,48,1,0
BRDA:210,49,0,0
BRDA:210,49,1,0
BRDA:211,50,0,0
BRDA:211,50,1,0
BRDA:212,51,0,0
BRDA:212,51,1,0
BRDA:213,52,0,0
BRDA:213,52,1,0
BRDA:219,53,0,0
BRDA:219,53,1,0
BRDA:220,54,0,0
BRDA:220,54,1,0
BRDA:221,55,0,0
BRDA:221,55,1,0
BRDA:223,56,0,0
BRDA:223,56,1,0
BRDA:223,57,0,0
BRDA:223,57,1,0
BRDA:225,58,0,0
BRDA:225,58,1,0
BRDA:227,59,0,0
BRDA:227,59,1,0
BRDA:227,59,2,0
BRDA:229,60,0,0
BRDA:229,60,1,0
BRDA:231,61,0,0
BRDA:231,61,1,0
BRDA:234,62,0,0
BRDA:234,62,1,0
BRDA:235,63,0,0
BRDA:235,63,1,0
BRDA:236,64,0,0
BRDA:236,64,1,0
BRDA:237,65,0,0
BRDA:237,65,1,0
BRDA:238,66,0,0
BRDA:238,66,1,0
BRDA:239,67,0,0
BRDA:239,67,1,0
BRDA:240,68,0,0
BRDA:240,68,1,0
BRDA:243,69,0,0
BRDA:243,69,1,0
BRDA:250,70,0,0
BRDA:250,70,1,0
BRDA:252,71,0,0
BRDA:252,71,1,0
BRDA:256,72,0,0
BRDA:256,72,1,0
BRDA:257,73,0,0
BRDA:257,73,1,0
BRDA:257,73,2,0
BRDA:258,74,0,0
BRDA:258,74,1,0
BRDA:258,75,0,0
BRDA:258,75,1,0
BRDA:263,76,0,0
BRDA:263,76,1,0
BRDA:266,77,0,0
BRDA:266,77,1,0
BRDA:266,78,0,0
BRDA:266,78,1,0
BRDA:267,79,0,0
BRDA:267,79,1,0
BRDA:268,80,0,0
BRDA:268,80,1,0
BRDA:268,81,0,0
BRDA:268,81,1,0
BRDA:269,82,0,0
BRDA:269,82,1,0
BRDA:270,83,0,0
BRDA:270,83,1,0
BRDA:272,84,0,0
BRDA:272,84,1,0
BRDA:276,85,0,0
BRDA:276,85,1,0
BRDA:279,86,0,0
BRDA:279,86,1,0
BRDA:279,86,2,0
BRDA:281,87,0,0
BRDA:281,87,1,0
BRDA:282,88,0,0
BRDA:282,88,1,0
BRDA:282,88,2,0
BRDA:282,88,3,0
BRDA:284,89,0,0
BRDA:284,89,1,0
BRDA:284,89,2,0
BRDA:286,90,0,0
BRDA:286,90,1,0
BRDA:290,91,0,0
BRDA:290,91,1,0
BRDA:291,92,0,0
BRDA:291,92,1,0
BRDA:291,93,0,0
BRDA:291,93,1,0
BRDA:292,94,0,0
BRDA:292,94,1,0
BRDA:292,95,0,0
BRDA:292,95,1,0
BRDA:292,95,2,0
BRDA:297,96,0,0
BRDA:297,96,1,0
BRDA:297,96,2,0
BRDA:297,96,3,0
BRDA:298,97,0,0
BRDA:298,97,1,0
BRDA:298,97,2,0
BRDA:299,98,0,0
BRDA:299,98,1,0
BRDA:299,98,2,0
BRDA:299,98,3,0
BRDA:300,99,0,0
BRDA:300,99,1,0
BRDA:300,99,2,0
BRDA:300,99,3,0
BRDA:301,100,0,0
BRDA:301,100,1,0
BRDA:301,100,2,0
BRDA:302,101,0,0
BRDA:302,101,1,0
BRDA:303,102,0,0
BRDA:303,102,1,0
BRDA:303,102,2,0
BRDA:303,102,3,0
BRDA:304,103,0,0
BRDA:304,103,1,0
BRDA:305,104,0,0
BRDA:305,104,1,0
BRDA:306,105,0,0
BRDA:306,105,1,0
BRDA:307,106,0,0
BRDA:307,106,1,0
BRDA:329,107,0,0
BRDA:329,107,1,0
BRDA:330,108,0,0
BRDA:330,108,1,0
BRDA:337,109,0,0
BRDA:337,109,1,0
BRDA:341,110,0,0
BRDA:341,110,1,0
BRDA:344,111,0,0
BRDA:344,111,1,0
BRDA:349,112,0,0
BRDA:349,112,1,0
BRDA:360,113,0,0
BRDA:360,113,1,0
BRDA:381,114,0,1
BRDA:381,114,1,1
BRDA:385,115,0,0
BRDA:385,115,1,2
BRDA:386,116,0,1
BRDA:386,116,1,1
BRDA:387,117,0,1
BRDA:387,117,1,0
BRDA:399,118,0,0
BRDA:399,118,1,0
BRDA:399,118,2,0
BRDA:399,118,3,0
BRDA:414,119,0,0
BRDA:414,119,1,0
BRDA:418,120,0,0
BRDA:418,120,1,0
BRDA:427,121,0,0
BRDA:427,121,1,0
BRDA:432,122,0,0
BRDA:432,122,1,0
BRDA:433,123,0,0
BRDA:433,123,1,0
BRDA:436,124,0,0
BRDA:436,124,1,0
BRDA:436,125,0,0
BRDA:436,125,1,0
BRDA:436,125,2,0
BRDA:442,126,0,0
BRDA:442,126,1,0
BRDA:443,127,0,0
BRDA:443,127,1,0
BRDA:447,128,0,0
BRDA:447,128,1,0
BRDA:447,129,0,0
BRDA:447,129,1,0
BRDA:448,130,0,0
BRDA:448,130,1,0
BRDA:451,131,0,0
BRDA:451,131,1,0
BRDA:451,131,2,0
BRDA:452,132,0,0
BRDA:452,132,1,0
BRDA:457,133,0,0
BRDA:457,133,1,0
BRDA:463,134,0,0
BRDA:463,134,1,0
BRDA:463,135,0,0
BRDA:463,135,1,0
BRDA:466,136,0,0
BRDA:466,136,1,0
BRDA:466,137,0,0
BRDA:466,137,1,0
BRDA:466,137,2,0
BRDA:472,138,0,0
BRDA:472,138,1,0
BRDA:479,139,0,0
BRDA:479,139,1,0
BRDA:482,140,0,0
BRDA:482,140,1,0
BRDA:482,141,0,0
BRDA:482,141,1,0
BRDA:489,142,0,0
BRDA:489,142,1,0
BRDA:492,143,0,0
BRDA:492,143,1,0
BRDA:496,144,0,0
BRDA:496,144,1,0
BRDA:497,145,0,0
BRDA:497,145,1,0
BRDA:512,146,0,0
BRDA:512,146,1,0
BRDA:521,147,0,0
BRDA:521,147,1,0
BRDA:522,148,0,0
BRDA:522,148,1,0
BRDA:523,149,0,0
BRDA:523,149,1,0
BRDA:547,150,0,0
BRDA:547,150,1,0
BRDA:549,151,0,0
BRDA:549,151,1,0
BRDA:553,152,0,0
BRDA:553,152,1,0
BRDA:553,153,0,0
BRDA:553,153,1,0
BRDA:554,154,0,0
BRDA:554,154,1,0
BRDA:559,155,0,0
BRDA:559,155,1,0
BRDA:564,156,0,0
BRDA:564,156,1,0
BRDA:565,157,0,0
BRDA:565,157,1,0
BRDA:566,158,0,0
BRDA:566,158,1,0
BRDA:583,159,0,1
BRDA:583,159,1,1
BRDA:586,160,0,0
BRDA:586,160,1,0
BRDA:595,161,0,0
BRDA:595,161,1,0
BRDA:611,162,0,1
BRDA:611,162,1,1
BRDA:615,163,0,0
BRDA:615,163,1,2
BRDA:616,164,0,1
BRDA:616,164,1,1
BRDA:617,165,0,1
BRDA:617,165,1,0
BRDA:626,166,0,0
BRDA:626,166,1,0
BRDA:626,166,2,0
BRDA:627,167,0,0
BRDA:627,167,1,0
BRDA:640,168,0,0
BRDA:640,168,1,0
BRDA:654,169,0,0
BRDA:654,169,1,0
BRDA:657,170,0,0
BRDA:657,170,1,0
BRDA:659,171,0,0
BRDA:659,171,1,0
BRDA:699,172,0,0
BRDA:699,172,1,0
BRDA:717,173,0,0
BRDA:717,173,1,0
BRDA:730,174,0,0
BRDA:730,174,1,0
BRDA:734,175,0,0
BRDA:734,175,1,0
BRDA:782,176,0,0
BRDA:782,176,1,1
BRDA:783,177,0,1
BRDA:783,177,1,0
BRDA:789,178,0,0
BRDA:789,178,1,0
BRDA:789,178,2,0
BRDA:809,179,0,0
BRDA:809,179,1,0
BRDA:811,180,0,0
BRDA:811,180,1,0
BRDA:811,181,0,0
BRDA:811,181,1,0
BRDA:811,181,2,0
BRDA:869,182,0,0
BRDA:869,182,1,0
BRDA:870,183,0,0
BRDA:870,183,1,0
BRDA:871,184,0,0
BRDA:871,184,1,0
BRDA:876,185,0,0
BRDA:876,185,1,0
BRDA:879,186,0,0
BRDA:879,186,1,0
BRDA:881,187,0,0
BRDA:881,187,1,0
BRDA:893,188,0,0
BRDA:893,188,1,0
BRDA:900,189,0,0
BRDA:900,189,1,0
BRDA:903,190,0,0
BRDA:903,190,1,0
BRDA:906,191,0,0
BRDA:906,191,1,0
BRDA:907,192,0,0
BRDA:907,192,1,0
BRDA:914,193,0,0
BRDA:914,193,1,0
BRDA:919,194,0,0
BRDA:919,194,1,0
BRDA:921,195,0,0
BRDA:921,195,1,0
BRDA:967,196,0,0
BRDA:967,196,1,0
BRDA:967,197,0,0
BRDA:967,197,1,0
BRDA:971,198,0,0
BRDA:971,198,1,0
BRDA:980,199,0,0
BRDA:980,199,1,0
BRDA:991,200,0,0
BRDA:991,200,1,0
BRDA:1032,201,0,0
BRDA:1032,201,1,0
BRDA:1032,202,0,0
BRDA:1032,202,1,0
BRDA:1036,203,0,0
BRDA:1036,203,1,0
BRDA:1046,204,0,0
BRDA:1046,204,1,0
BRDA:1059,205,0,0
BRDA:1059,205,1,0
BRDA:1094,206,0,0
BRDA:1094,206,1,2
BRDA:1097,207,0,0
BRDA:1097,207,1,0
BRDA:1098,208,0,0
BRDA:1098,208,1,0
BRF:449
BRH:32
end_of_record
TN:
SF:routes\auth.js
FN:10,(anonymous_0)
FN:26,(anonymous_1)
FNF:2
FNH:0
FNDA:0,(anonymous_0)
FNDA:0,(anonymous_1)
DA:1,2
DA:2,2
DA:3,2
DA:4,2
DA:6,2
DA:7,2
DA:10,2
DA:11,0
DA:12,0
DA:13,0
DA:14,0
DA:16,0
DA:17,0
DA:19,0
DA:21,0
DA:26,2
DA:27,0
DA:28,0
DA:29,0
DA:30,0
DA:32,0
DA:33,0
DA:34,0
DA:36,0
DA:38,0
DA:40,0
DA:44,2
LF:27
LH:9
BRDA:7,0,0,2
BRDA:7,0,1,2
BRDA:17,1,0,0
BRDA:17,1,1,0
BRDA:30,2,0,0
BRDA:30,2,1,0
BRDA:30,3,0,0
BRDA:30,3,1,0
BRDA:34,4,0,0
BRDA:34,4,1,0
BRF:10
BRH:2
end_of_record
TN:
SF:routes\notifications.js
FN:6,(anonymous_0)
FN:22,(anonymous_1)
FN:33,(anonymous_2)
FNF:3
FNH:0
FNDA:0,(anonymous_0)
FNDA:0,(anonymous_1)
FNDA:0,(anonymous_2)
DA:1,0
DA:2,0
DA:3,0
DA:6,0
DA:7,0
DA:8,0
DA:9,0
DA:10,0
DA:11,0
DA:13,0
DA:14,0
DA:15,0
DA:17,0
DA:22,0
DA:23,0
DA:24,0
DA:25,0
DA:26,0
DA:28,0
DA:33,0
DA:34,0
DA:35,0
DA:37,0
DA:41,0
LF:24
LH:0
BRDA:10,0,0,0
BRDA:10,0,1,0
BRDA:11,1,0,0
BRDA:11,1,1,0
BRDA:14,2,0,0
BRDA:14,2,1,0
BRF:6
BRH:0
end_of_record
TN:
SF:routes\sprint2.js
FN:9,(anonymous_0)
FN:17,(anonymous_1)
FN:21,(anonymous_2)
FN:26,(anonymous_3)
FN:27,(anonymous_4)
FN:47,(anonymous_5)
FN:48,(anonymous_6)
FN:58,(anonymous_7)
FN:85,(anonymous_8)
FN:86,(anonymous_9)
FN:111,(anonymous_10)
FN:125,(anonymous_11)
FN:187,(anonymous_12)
FN:253,(anonymous_13)
FN:269,(anonymous_14)
FN:293,(anonymous_15)
FN:318,(anonymous_16)
FN:346,(anonymous_17)
FN:358,(anonymous_18)
FN:373,(anonymous_19)
FN:494,(anonymous_20)
FN:521,(anonymous_21)
FN:581,(anonymous_22)
FN:597,(anonymous_23)
FN:671,(anonymous_24)
FN:691,(anonymous_25)
FN:708,(anonymous_26)
FN:738,(anonymous_27)
FN:778,(anonymous_28)
FN:784,(anonymous_29)
FNF:30
FNH:13
FNDA:3,(anonymous_0)
FNDA:0,(anonymous_1)
FNDA:6,(anonymous_2)
FNDA:3,(anonymous_3)
FNDA:3,(anonymous_4)
FNDA:1,(anonymous_5)
FNDA:3,(anonymous_6)
FNDA:2,(anonymous_7)
FNDA:0,(anonymous_8)
FNDA:0,(anonymous_9)
FNDA:0,(anonymous_10)
FNDA:1,(anonymous_11)
FNDA:0,(anonymous_12)
FNDA:0,(anonymous_13)
FNDA:0,(anonymous_14)
FNDA:0,(anonymous_15)
FNDA:0,(anonymous_16)
FNDA:4,(anonymous_17)
FNDA:4,(anonymous_18)
FNDA:3,(anonymous_19)
FNDA:0,(anonymous_20)
FNDA:0,(anonymous_21)
FNDA:0,(anonymous_22)
FNDA:0,(anonymous_23)
FNDA:0,(anonymous_24)
FNDA:0,(anonymous_25)
FNDA:1,(anonymous_26)
FNDA:0,(anonymous_27)
FNDA:1,(anonymous_28)
FNDA:0,(anonymous_29)
DA:2,2
DA:3,2
DA:4,2
DA:6,2
DA:9,2
DA:10,3
DA:11,3
DA:12,3
DA:13,1
DA:17,2
DA:18,0
DA:21,2
DA:22,6
DA:23,6
DA:26,2
DA:27,3
DA:28,3
DA:29,3
DA:30,3
DA:31,3
DA:47,2
DA:48,3
DA:58,2
DA:59,2
DA:60,2
DA:61,2
DA:62,1
DA:65,1
DA:66,0
DA:81,0
DA:82,0
DA:84,0
DA:85,0
DA:86,0
DA:89,0
DA:92,1
DA:93,1
DA:94,0
DA:96,1
DA:99,1
DA:103,1
DA:104,1
DA:106,0
DA:107,0
DA:111,2
DA:112,0
DA:113,0
DA:114,0
DA:115,0
DA:117,0
DA:118,0
DA:125,2
DA:126,1
DA:127,1
DA:128,1
DA:134,1
DA:136,1
DA:138,1
DA:143,1
DA:145,1
DA:154,1
DA:164,1
DA:165,1
DA:177,1
DA:179,0
DA:180,0
DA:187,2
DA:188,0
DA:189,0
DA:190,0
DA:192,0
DA:197,0
DA:199,0
DA:205,0
DA:207,0
DA:217,0
DA:226,0
DA:235,0
DA:243,0
DA:245,0
DA:246,0
DA:253,2
DA:254,0
DA:255,0
DA:256,0
DA:264,0
DA:266,0
DA:268,0
DA:269,0
DA:271,0
DA:277,0
DA:290,0
DA:292,0
DA:293,0
DA:295,0
DA:305,0
DA:306,0
DA:318,0
DA:319,0
DA:322,0
DA:331,0
DA:339,0
DA:341,0
DA:342,0
DA:346,2
DA:347,4
DA:349,4
DA:350,0
DA:353,4
DA:354,0
DA:357,4
DA:359,4
DA:363,4
DA:364,1
DA:367,3
DA:368,3
DA:369,3
DA:370,3
DA:371,3
DA:372,3
DA:373,3
DA:376,3
DA:382,3
DA:384,3
DA:391,3
DA:396,3
DA:401,3
DA:403,3
DA:404,3
DA:410,3
DA:411,1
DA:412,2
DA:413,0
DA:422,0
DA:423,0
DA:427,0
DA:430,3
DA:431,3
DA:438,0
DA:441,3
DA:442,3
DA:450,0
DA:453,3
DA:454,3
DA:455,3
DA:464,0
DA:467,3
DA:475,3
DA:476,3
DA:483,0
DA:487,3
DA:489,0
DA:490,0
DA:494,2
DA:495,0
DA:496,0
DA:502,0
DA:503,0
DA:504,0
DA:511,0
DA:513,0
DA:514,0
DA:521,2
DA:522,0
DA:523,0
DA:525,0
DA:529,0
DA:532,0
DA:537,0
DA:539,0
DA:542,0
DA:551,0
DA:552,0
DA:562,0
DA:571,0
DA:573,0
DA:574,0
DA:581,2
DA:582,0
DA:583,0
DA:584,0
DA:589,0
DA:590,0
DA:592,0
DA:593,0
DA:597,2
DA:598,0
DA:599,0
DA:600,0
DA:604,0
DA:612,0
DA:614,0
DA:615,0
DA:621,0
DA:623,0
DA:624,0
DA:629,0
DA:632,0
DA:633,0
DA:644,0
DA:652,0
DA:653,0
DA:664,0
DA:666,0
DA:667,0
DA:671,2
DA:672,0
DA:673,0
DA:674,0
DA:676,0
DA:677,0
DA:678,0
DA:679,0
DA:681,0
DA:682,0
DA:691,2
DA:692,0
DA:693,0
DA:694,0
DA:699,0
DA:700,0
DA:702,0
DA:703,0
DA:708,2
DA:709,1
DA:710,1
DA:711,0
DA:713,1
DA:714,1
DA:722,1
DA:724,1
DA:725,1
DA:726,1
DA:727,1
DA:730,1
DA:731,1
DA:732,1
DA:736,1
DA:738,1
DA:739,0
DA:740,0
DA:745,1
DA:746,1
DA:747,1
DA:756,0
DA:764,1
DA:765,1
DA:767,1
DA:768,1
DA:769,1
DA:770,1
DA:771,1
DA:772,1
DA:778,1
DA:779,1
DA:785,0
DA:790,1
DA:792,0
DA:793,0
DA:797,2
LF:260
LH:122
BRDA:10,0,0,0
BRDA:10,0,1,3
BRDA:10,1,0,3
BRDA:10,1,1,3
BRDA:12,2,0,2
BRDA:12,2,1,1
BRDA:17,3,0,0
BRDA:23,4,0,6
BRDA:23,4,1,0
BRDA:26,5,0,0
BRDA:27,6,0,3
BRDA:27,6,1,0
BRDA:32,7,0,3
BRDA:32,7,1,0
BRDA:36,8,0,3
BRDA:36,8,1,2
BRDA:37,9,0,3
BRDA:37,9,1,0
BRDA:38,10,0,3
BRDA:38,10,1,3
BRDA:39,11,0,3
BRDA:39,11,1,2
BRDA:40,12,0,3
BRDA:40,12,1,2
BRDA:41,13,0,3
BRDA:41,13,1,3
BRDA:42,14,0,3
BRDA:42,14,1,2
BRDA:47,15,0,0
BRDA:48,16,0,0
BRDA:61,17,0,1
BRDA:61,17,1,1
BRDA:61,18,0,2
BRDA:61,18,1,2
BRDA:65,19,0,0
BRDA:65,19,1,1
BRDA:65,20,0,1
BRDA:65,20,1,0
BRDA:81,21,0,0
BRDA:81,21,1,0
BRDA:82,22,0,0
BRDA:82,22,1,0
BRDA:84,23,0,0
BRDA:84,23,1,0
BRDA:84,24,0,0
BRDA:84,24,1,0
BRDA:93,25,0,0
BRDA:93,25,1,1
BRDA:103,26,0,0
BRDA:103,26,1,1
BRDA:134,27,0,0
BRDA:134,27,1,1
BRDA:143,28,0,0
BRDA:143,28,1,1
BRDA:164,29,0,1
BRDA:164,29,1,0
BRDA:197,30,0,0
BRDA:197,30,1,0
BRDA:205,31,0,0
BRDA:205,31,1,0
BRDA:264,32,0,0
BRDA:264,32,1,0
BRDA:266,33,0,0
BRDA:266,33,1,0
BRDA:269,34,0,0
BRDA:269,34,1,0
BRDA:269,35,0,0
BRDA:269,35,1,0
BRDA:278,36,0,0
BRDA:278,36,1,0
BRDA:284,37,0,0
BRDA:284,37,1,0
BRDA:285,38,0,0
BRDA:285,38,1,0
BRDA:299,39,0,0
BRDA:299,39,1,0
BRDA:299,40,0,0
BRDA:299,40,1,0
BRDA:305,41,0,0
BRDA:305,41,1,0
BRDA:319,42,0,0
BRDA:319,42,1,0
BRDA:347,43,0,0
BRDA:349,44,0,0
BRDA:349,44,1,4
BRDA:353,45,0,0
BRDA:353,45,1,4
BRDA:357,46,0,4
BRDA:357,46,1,0
BRDA:359,47,0,4
BRDA:359,47,1,1
BRDA:359,48,0,1
BRDA:359,48,1,0
BRDA:359,49,0,1
BRDA:359,49,1,0
BRDA:363,50,0,1
BRDA:363,50,1,3
BRDA:382,51,0,0
BRDA:382,51,1,3
BRDA:387,52,0,3
BRDA:387,52,1,0
BRDA:392,53,0,3
BRDA:392,53,1,0
BRDA:401,54,0,0
BRDA:401,54,1,3
BRDA:410,55,0,1
BRDA:410,55,1,2
BRDA:412,56,0,0
BRDA:412,56,1,2
BRDA:412,57,0,2
BRDA:412,57,1,2
BRDA:422,58,0,0
BRDA:422,58,1,0
BRDA:435,59,0,3
BRDA:435,59,1,0
BRDA:453,60,0,3
BRDA:453,60,1,0
BRDA:470,61,0,3
BRDA:470,61,1,0
BRDA:502,62,0,0
BRDA:502,62,1,0
BRDA:529,63,0,0
BRDA:529,63,1,0
BRDA:537,64,0,0
BRDA:537,64,1,0
BRDA:551,65,0,0
BRDA:551,65,1,0
BRDA:589,66,0,0
BRDA:589,66,1,0
BRDA:600,67,0,0
BRDA:600,67,1,0
BRDA:612,68,0,0
BRDA:612,68,1,0
BRDA:614,69,0,0
BRDA:614,69,1,0
BRDA:623,70,0,0
BRDA:623,70,1,0
BRDA:632,71,0,0
BRDA:632,71,1,0
BRDA:652,72,0,0
BRDA:652,72,1,0
BRDA:672,73,0,0
BRDA:672,73,1,0
BRDA:673,74,0,0
BRDA:673,74,1,0
BRDA:678,75,0,0
BRDA:678,75,1,0
BRDA:699,76,0,0
BRDA:699,76,1,0
BRDA:710,77,0,0
BRDA:710,77,1,1
BRDA:710,78,0,1
BRDA:710,78,1,1
BRDA:710,78,2,1
BRDA:710,78,3,1
BRDA:717,79,0,1
BRDA:717,79,1,0
BRDA:722,80,0,0
BRDA:722,80,1,1
BRDA:726,81,0,1
BRDA:726,81,1,0
BRDA:726,82,0,1
BRDA:726,82,1,1
BRDA:730,83,0,1
BRDA:730,83,1,0
BRDA:731,84,0,1
BRDA:731,84,1,0
BRDA:736,85,0,0
BRDA:736,85,1,1
BRDA:738,86,0,1
BRDA:738,86,1,0
BRDA:739,87,0,0
BRDA:739,87,1,0
BRDA:739,88,0,0
BRDA:739,88,1,0
BRDA:745,89,0,1
BRDA:745,89,1,0
BRDA:765,90,0,0
BRDA:765,90,1,1
BRDA:767,91,0,1
BRDA:767,91,1,0
BRDA:767,92,0,1
BRDA:767,92,1,1
BRDA:771,93,0,1
BRDA:771,93,1,0
BRDA:781,94,0,1
BRDA:781,94,1,0
BRF:187
BRH:74
end_of_record
